[Sun, 05 Jun 16 15:03:02 +0800][INFO] SELECT u.id,ug.uid,g.role,g.title FROM hm_user u JOIN hm_acl_user_group ug JOIN hm_acl_group g WHERE ug.uid = u.id AND ug.group_id = g.id AND u.id = 1 LIMIT 1
[Sun, 05 Jun 16 15:03:09 +0800][INFO] SELECT `hm_user`.`id` AS `id`, `hm_user`.`username` AS `username`, `hm_user`.`nickname` AS `nickname`, `hm_user`.`status` AS `status` FROM `hm_user` WHERE `hm_user`.`username` = :username AND `hm_user`.`password` = :password
[Sun, 05 Jun 16 15:03:09 +0800][INFO] SELECT IF(COUNT(*) > 0, 1, 0) FROM `INFORMATION_SCHEMA`.`TABLES` WHERE `TABLE_NAME` = 'hm_login_log' AND `TABLE_SCHEMA` = DATABASE()
[Sun, 05 Jun 16 15:03:09 +0800][INFO] DESCRIBE `hm_login_log`
[Sun, 05 Jun 16 15:03:09 +0800][INFO] INSERT INTO `hm_login_log` (`username`, `logintime`, `loginip`, `status`, `info`, `area`, `country`, `useragent`) VALUES (?, ?, ?, ?, ?, ?, ?, ?)
[Sun, 05 Jun 16 15:03:09 +0800][INFO] SELECT u.id,ug.uid,g.role,g.title FROM hm_user u JOIN hm_acl_user_group ug JOIN hm_acl_group g WHERE ug.uid = u.id AND ug.group_id = g.id AND u.id = 2 LIMIT 1
[Sun, 05 Jun 16 15:03:12 +0800][INFO] SELECT `hm_acl_resource`.`id` AS `id`, `hm_acl_resource`.`name` AS `name` FROM `hm_acl_resource` WHERE `hm_acl_resource`.`pid` = :pid AND `hm_acl_resource`.`isshow` = :isshow ORDER BY `hm_acl_resource`.`sort` ASC
[Sun, 05 Jun 16 15:03:12 +0800][INFO] SELECT `hm_login_log`.`logintime` AS `logintime`, `hm_login_log`.`loginip` AS `loginip`, `hm_login_log`.`country` AS `country`, `hm_login_log`.`area` AS `area` FROM `hm_login_log` WHERE `hm_login_log`.`status` = :status ORDER BY `hm_login_log`.`id` DESC LIMIT 5
[Sun, 05 Jun 16 15:03:13 +0800][INFO] SELECT `hm_acl_resource`.`id` AS `id`, `hm_acl_resource`.`name` AS `name`, `hm_acl_resource`.`controller` AS `controller`, `hm_acl_resource`.`action` AS `action`, `hm_acl_resource`.`sort` AS `sort`, `hm_acl_resource`.`icon` AS `icon` FROM `hm_acl_resource` WHERE `hm_acl_resource`.`pid` = :pid AND `hm_acl_resource`.`isshow` = :isshow ORDER BY `hm_acl_resource`.`sort` ASC
[Sun, 05 Jun 16 15:03:21 +0800][INFO] SELECT `hm_acl_group`.`id` AS `id`, `hm_acl_group`.`resource` AS `resource`, `hm_acl_group`.`role` AS `role` FROM `hm_acl_group` WHERE `hm_acl_group`.`status` = :status ORDER BY `hm_acl_group`.`sort` ASC
[Sun, 05 Jun 16 15:03:21 +0800][INFO] SELECT `hm_acl_resource`.`controller` AS `controller`, `hm_acl_resource`.`action` AS `action` FROM `hm_acl_resource`
[Sun, 05 Jun 16 15:03:21 +0800][INFO] SELECT IF(COUNT(*) > 0, 1, 0) FROM `INFORMATION_SCHEMA`.`TABLES` WHERE `TABLE_NAME` = 'hm_acl_resource' AND `TABLE_SCHEMA` = DATABASE()
[Sun, 05 Jun 16 15:03:21 +0800][INFO] DESCRIBE `hm_acl_resource`
[Sun, 05 Jun 16 15:03:21 +0800][INFO] SELECT `hm_acl_resource`.`id`, `hm_acl_resource`.`name`, `hm_acl_resource`.`controller`, `hm_acl_resource`.`action`, `hm_acl_resource`.`isshow`, `hm_acl_resource`.`pid`, `hm_acl_resource`.`sort`, `hm_acl_resource`.`icon` FROM `hm_acl_resource` WHERE `hm_acl_resource`.`id` IN (1, 2, 4, 5, 6, 13, 14, 15, 7, 8, 9, 10, 22, 23, 11, 19, 20, 21, 16, 17, 18, 12)
[Sun, 05 Jun 16 15:03:21 +0800][INFO] SELECT `hm_acl_resource`.`id`, `hm_acl_resource`.`name`, `hm_acl_resource`.`controller`, `hm_acl_resource`.`action`, `hm_acl_resource`.`isshow`, `hm_acl_resource`.`pid`, `hm_acl_resource`.`sort`, `hm_acl_resource`.`icon` FROM `hm_acl_resource` WHERE `hm_acl_resource`.`id` IN (4, 5, 7, 8, 9)
[Sun, 05 Jun 16 15:03:21 +0800][INFO] SELECT `hm_acl_resource`.`id`, `hm_acl_resource`.`name`, `hm_acl_resource`.`controller`, `hm_acl_resource`.`action`, `hm_acl_resource`.`isshow`, `hm_acl_resource`.`pid`, `hm_acl_resource`.`sort`, `hm_acl_resource`.`icon` FROM `hm_acl_resource` WHERE `hm_acl_resource`.`id` IN (1, 2, 4, 5, 6, 13, 14, 15, 7, 8, 9, 10, 11, 19, 16, 17, 18, 12)
[Sun, 05 Jun 16 15:03:21 +0800][INFO] SELECT `hm_acl_resource`.`id`, `hm_acl_resource`.`name`, `hm_acl_resource`.`controller`, `hm_acl_resource`.`action`, `hm_acl_resource`.`isshow`, `hm_acl_resource`.`pid`, `hm_acl_resource`.`sort`, `hm_acl_resource`.`icon` FROM `hm_acl_resource` WHERE `hm_acl_resource`.`id` IN (1, 2, 4, 5, 6, 13, 14, 15, 7, 8, 9, 10, 22, 23, 11, 19, 20, 21, 16, 17, 18, 12)
[Sun, 05 Jun 16 15:04:33 +0800][INFO] SELECT `hm_acl_group`.`id` AS `id`, `hm_acl_group`.`resource` AS `resource`, `hm_acl_group`.`role` AS `role` FROM `hm_acl_group` WHERE `hm_acl_group`.`status` = :status ORDER BY `hm_acl_group`.`sort` ASC
[Sun, 05 Jun 16 15:04:33 +0800][INFO] SELECT `hm_acl_resource`.`controller` AS `controller`, `hm_acl_resource`.`action` AS `action` FROM `hm_acl_resource`
[Sun, 05 Jun 16 15:04:33 +0800][INFO] SELECT IF(COUNT(*) > 0, 1, 0) FROM `INFORMATION_SCHEMA`.`TABLES` WHERE `TABLE_NAME` = 'hm_acl_resource' AND `TABLE_SCHEMA` = DATABASE()
[Sun, 05 Jun 16 15:04:33 +0800][INFO] DESCRIBE `hm_acl_resource`
[Sun, 05 Jun 16 15:04:33 +0800][INFO] SELECT `hm_acl_resource`.`id`, `hm_acl_resource`.`name`, `hm_acl_resource`.`controller`, `hm_acl_resource`.`action`, `hm_acl_resource`.`isshow`, `hm_acl_resource`.`pid`, `hm_acl_resource`.`sort`, `hm_acl_resource`.`icon` FROM `hm_acl_resource` WHERE `hm_acl_resource`.`id` IN (1, 2, 4, 5, 6, 13, 14, 15, 7, 8, 9, 10, 22, 23, 11, 19, 20, 21, 16, 17, 18, 12)
[Sun, 05 Jun 16 15:04:33 +0800][INFO] SELECT `hm_acl_resource`.`id`, `hm_acl_resource`.`name`, `hm_acl_resource`.`controller`, `hm_acl_resource`.`action`, `hm_acl_resource`.`isshow`, `hm_acl_resource`.`pid`, `hm_acl_resource`.`sort`, `hm_acl_resource`.`icon` FROM `hm_acl_resource` WHERE `hm_acl_resource`.`id` IN (4, 5, 7, 8, 9)
[Sun, 05 Jun 16 15:04:33 +0800][INFO] SELECT `hm_acl_resource`.`id`, `hm_acl_resource`.`name`, `hm_acl_resource`.`controller`, `hm_acl_resource`.`action`, `hm_acl_resource`.`isshow`, `hm_acl_resource`.`pid`, `hm_acl_resource`.`sort`, `hm_acl_resource`.`icon` FROM `hm_acl_resource` WHERE `hm_acl_resource`.`id` IN (1, 2, 4, 5, 6, 13, 14, 15, 7, 8, 9, 10, 11, 19, 16, 17, 18, 12)
[Sun, 05 Jun 16 15:04:33 +0800][INFO] SELECT `hm_acl_resource`.`id`, `hm_acl_resource`.`name`, `hm_acl_resource`.`controller`, `hm_acl_resource`.`action`, `hm_acl_resource`.`isshow`, `hm_acl_resource`.`pid`, `hm_acl_resource`.`sort`, `hm_acl_resource`.`icon` FROM `hm_acl_resource` WHERE `hm_acl_resource`.`id` IN (1, 2, 4, 5, 6, 13, 14, 15, 7, 8, 9, 10, 22, 23, 11, 19, 20, 21, 16, 17, 18, 12)
[Sun, 05 Jun 16 15:04:37 +0800][INFO] SELECT `hm_acl_resource`.`id` AS `id`, `hm_acl_resource`.`name` AS `name`, `hm_acl_resource`.`controller` AS `controller`, `hm_acl_resource`.`action` AS `action`, `hm_acl_resource`.`sort` AS `sort`, `hm_acl_resource`.`icon` AS `icon` FROM `hm_acl_resource` WHERE `hm_acl_resource`.`pid` = :pid AND `hm_acl_resource`.`isshow` = :isshow ORDER BY `hm_acl_resource`.`sort` ASC
[Sun, 05 Jun 16 15:04:37 +0800][INFO] SELECT `hm_acl_resource`.`id` AS `id`, `hm_acl_resource`.`name` AS `name`, `hm_acl_resource`.`controller` AS `controller`, `hm_acl_resource`.`action` AS `action`, `hm_acl_resource`.`sort` AS `sort`, `hm_acl_resource`.`icon` AS `icon` FROM `hm_acl_resource` WHERE `hm_acl_resource`.`pid` = :pid AND `hm_acl_resource`.`isshow` = :isshow ORDER BY `hm_acl_resource`.`sort` ASC
[Sun, 05 Jun 16 15:04:37 +0800][INFO] SELECT `hm_acl_resource`.`id` AS `id`, `hm_acl_resource`.`name` AS `name`, `hm_acl_resource`.`controller` AS `controller`, `hm_acl_resource`.`action` AS `action`, `hm_acl_resource`.`sort` AS `sort`, `hm_acl_resource`.`icon` AS `icon` FROM `hm_acl_resource` WHERE `hm_acl_resource`.`pid` = :pid AND `hm_acl_resource`.`isshow` = :isshow ORDER BY `hm_acl_resource`.`sort` ASC
[Sun, 05 Jun 16 15:04:37 +0800][INFO] SELECT `hm_acl_resource`.`id` AS `id`, `hm_acl_resource`.`name` AS `name`, `hm_acl_resource`.`controller` AS `controller`, `hm_acl_resource`.`action` AS `action`, `hm_acl_resource`.`sort` AS `sort`, `hm_acl_resource`.`icon` AS `icon` FROM `hm_acl_resource` WHERE `hm_acl_resource`.`pid` = :pid AND `hm_acl_resource`.`isshow` = :isshow ORDER BY `hm_acl_resource`.`sort` ASC
[Sun, 05 Jun 16 15:04:38 +0800][INFO] SELECT IF(COUNT(*) > 0, 1, 0) FROM `INFORMATION_SCHEMA`.`TABLES` WHERE `TABLE_NAME` = 'hm_acl_resource' AND `TABLE_SCHEMA` = DATABASE()
[Sun, 05 Jun 16 15:04:38 +0800][INFO] DESCRIBE `hm_acl_resource`
[Sun, 05 Jun 16 15:04:38 +0800][INFO] SELECT `hm_acl_resource`.`id`, `hm_acl_resource`.`name`, `hm_acl_resource`.`controller`, `hm_acl_resource`.`action`, `hm_acl_resource`.`isshow`, `hm_acl_resource`.`pid`, `hm_acl_resource`.`sort`, `hm_acl_resource`.`icon` FROM `hm_acl_resource` ORDER BY `hm_acl_resource`.`sort` ASC
[Sun, 05 Jun 16 15:04:40 +0800][INFO] SELECT u.id,ug.uid,g.role,g.title FROM hm_user u JOIN hm_acl_user_group ug JOIN hm_acl_group g WHERE ug.uid = u.id AND ug.group_id = g.id AND u.id = 1 LIMIT 1
[Sun, 05 Jun 16 15:04:41 +0800][INFO] SELECT u.id,ug.uid,g.role,g.title FROM hm_user u JOIN hm_acl_user_group ug JOIN hm_acl_group g WHERE ug.uid = u.id AND ug.group_id = g.id AND u.id = 1 LIMIT 1
