[Sat, 28 May 16 19:19:02 +0800][INFO] SELECT `hm_acl_resource`.`id` AS `id`, `hm_acl_resource`.`name` AS `name` FROM `hm_acl_resource` WHERE `hm_acl_resource`.`pid` = :pid AND `hm_acl_resource`.`isshow` = :isshow ORDER BY `hm_acl_resource`.`sort`
[Sat, 28 May 16 19:19:03 +0800][INFO] SELECT `hm_acl_resource`.`id` AS `id`, `hm_acl_resource`.`name` AS `name`, `hm_acl_resource`.`controller` AS `controller`, `hm_acl_resource`.`action` AS `action`, `hm_acl_resource`.`sort` AS `sort`, `hm_acl_resource`.`icon` AS `icon` FROM `hm_acl_resource` WHERE `hm_acl_resource`.`pid` = :pid AND `hm_acl_resource`.`isshow` = :isshow ORDER BY `hm_acl_resource`.`sort`
[Sat, 28 May 16 19:19:04 +0800][INFO] SELECT `hm_acl_resource`.`id` AS `id`, `hm_acl_resource`.`name` AS `name`, `hm_acl_resource`.`controller` AS `controller`, `hm_acl_resource`.`action` AS `action`, `hm_acl_resource`.`sort` AS `sort`, `hm_acl_resource`.`icon` AS `icon` FROM `hm_acl_resource` WHERE `hm_acl_resource`.`pid` = :pid AND `hm_acl_resource`.`isshow` = :isshow ORDER BY `hm_acl_resource`.`sort`
[Sat, 28 May 16 19:19:04 +0800][INFO] SELECT `hm_acl_resource`.`id` AS `id`, `hm_acl_resource`.`name` AS `name`, `hm_acl_resource`.`controller` AS `controller`, `hm_acl_resource`.`action` AS `action`, `hm_acl_resource`.`sort` AS `sort`, `hm_acl_resource`.`icon` AS `icon` FROM `hm_acl_resource` WHERE `hm_acl_resource`.`pid` = :pid AND `hm_acl_resource`.`isshow` = :isshow ORDER BY `hm_acl_resource`.`sort`
[Sat, 28 May 16 19:19:04 +0800][INFO] SELECT `hm_acl_resource`.`id` AS `id`, `hm_acl_resource`.`name` AS `name`, `hm_acl_resource`.`controller` AS `controller`, `hm_acl_resource`.`action` AS `action`, `hm_acl_resource`.`sort` AS `sort`, `hm_acl_resource`.`icon` AS `icon` FROM `hm_acl_resource` WHERE `hm_acl_resource`.`pid` = :pid AND `hm_acl_resource`.`isshow` = :isshow ORDER BY `hm_acl_resource`.`sort`
[Sat, 28 May 16 19:19:05 +0800][INFO] SELECT IF(COUNT(*) > 0, 1, 0) FROM `INFORMATION_SCHEMA`.`TABLES` WHERE `TABLE_NAME` = 'hm_acl_resource' AND `TABLE_SCHEMA` = DATABASE()
[Sat, 28 May 16 19:19:05 +0800][INFO] DESCRIBE `hm_acl_resource`
[Sat, 28 May 16 19:19:05 +0800][INFO] SELECT `hm_acl_resource`.`id`, `hm_acl_resource`.`name`, `hm_acl_resource`.`controller`, `hm_acl_resource`.`action`, `hm_acl_resource`.`isshow`, `hm_acl_resource`.`pid`, `hm_acl_resource`.`sort`, `hm_acl_resource`.`icon` FROM `hm_acl_resource` ORDER BY `hm_acl_resource`.`sort`
[Sat, 28 May 16 19:19:11 +0800][INFO] SELECT IF(COUNT(*) > 0, 1, 0) FROM `INFORMATION_SCHEMA`.`TABLES` WHERE `TABLE_NAME` = 'hm_acl_resource' AND `TABLE_SCHEMA` = DATABASE()
[Sat, 28 May 16 19:19:11 +0800][INFO] DESCRIBE `hm_acl_resource`
[Sat, 28 May 16 19:19:11 +0800][INFO] SELECT `hm_acl_resource`.`id`, `hm_acl_resource`.`name`, `hm_acl_resource`.`controller`, `hm_acl_resource`.`action`, `hm_acl_resource`.`isshow`, `hm_acl_resource`.`pid`, `hm_acl_resource`.`sort`, `hm_acl_resource`.`icon` FROM `hm_acl_resource` ORDER BY `hm_acl_resource`.`sort`
[Sat, 28 May 16 19:29:34 +0800][INFO] SELECT IF(COUNT(*) > 0, 1, 0) FROM `INFORMATION_SCHEMA`.`TABLES` WHERE `TABLE_NAME` = 'hm_acl_resource' AND `TABLE_SCHEMA` = DATABASE()
[Sat, 28 May 16 19:29:34 +0800][INFO] DESCRIBE `hm_acl_resource`
[Sat, 28 May 16 19:29:34 +0800][INFO] SELECT `hm_acl_resource`.`id`, `hm_acl_resource`.`name`, `hm_acl_resource`.`controller`, `hm_acl_resource`.`action`, `hm_acl_resource`.`isshow`, `hm_acl_resource`.`pid`, `hm_acl_resource`.`sort`, `hm_acl_resource`.`icon` FROM `hm_acl_resource` WHERE `hm_acl_resource`.`id` IN (1, 10, 2, 4, 5, 6, 7, 8, 9, 3, 11, 13, 14, 12)
[Sat, 28 May 16 19:29:34 +0800][INFO] UPDATE `hm_acl_resource` SET `sort` = CASE `hm_acl_resource`.`id` WHEN 1 THEN 1 WHEN 10 THEN 1 WHEN 2 THEN 2 WHEN 4 THEN 1 WHEN 5 THEN 1 WHEN 6 THEN 2 WHEN 7 THEN 3 WHEN 8 THEN 4 WHEN 9 THEN 2 WHEN 3 THEN 3 WHEN 11 THEN 1 WHEN 13 THEN 211 WHEN 14 THEN 1 WHEN 12 THEN 18 END WHERE `id` = ?
[Sat, 28 May 16 19:29:34 +0800][INFO] UPDATE `hm_acl_resource` SET `sort` = CASE `hm_acl_resource`.`id` WHEN 1 THEN 1 WHEN 10 THEN 1 WHEN 2 THEN 2 WHEN 4 THEN 1 WHEN 5 THEN 1 WHEN 6 THEN 2 WHEN 7 THEN 3 WHEN 8 THEN 4 WHEN 9 THEN 2 WHEN 3 THEN 3 WHEN 11 THEN 1 WHEN 13 THEN 211 WHEN 14 THEN 1 WHEN 12 THEN 18 END WHERE `id` = ?
[Sat, 28 May 16 19:29:34 +0800][INFO] UPDATE `hm_acl_resource` SET `sort` = CASE `hm_acl_resource`.`id` WHEN 1 THEN 1 WHEN 10 THEN 1 WHEN 2 THEN 2 WHEN 4 THEN 1 WHEN 5 THEN 1 WHEN 6 THEN 2 WHEN 7 THEN 3 WHEN 8 THEN 4 WHEN 9 THEN 2 WHEN 3 THEN 3 WHEN 11 THEN 1 WHEN 13 THEN 211 WHEN 14 THEN 1 WHEN 12 THEN 18 END WHERE `id` = ?
[Sat, 28 May 16 19:29:34 +0800][INFO] UPDATE `hm_acl_resource` SET `sort` = CASE `hm_acl_resource`.`id` WHEN 1 THEN 1 WHEN 10 THEN 1 WHEN 2 THEN 2 WHEN 4 THEN 1 WHEN 5 THEN 1 WHEN 6 THEN 2 WHEN 7 THEN 3 WHEN 8 THEN 4 WHEN 9 THEN 2 WHEN 3 THEN 3 WHEN 11 THEN 1 WHEN 13 THEN 211 WHEN 14 THEN 1 WHEN 12 THEN 18 END WHERE `id` = ?
[Sat, 28 May 16 19:29:34 +0800][INFO] UPDATE `hm_acl_resource` SET `sort` = CASE `hm_acl_resource`.`id` WHEN 1 THEN 1 WHEN 10 THEN 1 WHEN 2 THEN 2 WHEN 4 THEN 1 WHEN 5 THEN 1 WHEN 6 THEN 2 WHEN 7 THEN 3 WHEN 8 THEN 4 WHEN 9 THEN 2 WHEN 3 THEN 3 WHEN 11 THEN 1 WHEN 13 THEN 211 WHEN 14 THEN 1 WHEN 12 THEN 18 END WHERE `id` = ?
[Sat, 28 May 16 19:29:34 +0800][INFO] UPDATE `hm_acl_resource` SET `sort` = CASE `hm_acl_resource`.`id` WHEN 1 THEN 1 WHEN 10 THEN 1 WHEN 2 THEN 2 WHEN 4 THEN 1 WHEN 5 THEN 1 WHEN 6 THEN 2 WHEN 7 THEN 3 WHEN 8 THEN 4 WHEN 9 THEN 2 WHEN 3 THEN 3 WHEN 11 THEN 1 WHEN 13 THEN 211 WHEN 14 THEN 1 WHEN 12 THEN 18 END WHERE `id` = ?
[Sat, 28 May 16 19:29:34 +0800][INFO] UPDATE `hm_acl_resource` SET `sort` = CASE `hm_acl_resource`.`id` WHEN 1 THEN 1 WHEN 10 THEN 1 WHEN 2 THEN 2 WHEN 4 THEN 1 WHEN 5 THEN 1 WHEN 6 THEN 2 WHEN 7 THEN 3 WHEN 8 THEN 4 WHEN 9 THEN 2 WHEN 3 THEN 3 WHEN 11 THEN 1 WHEN 13 THEN 211 WHEN 14 THEN 1 WHEN 12 THEN 18 END WHERE `id` = ?
[Sat, 28 May 16 19:29:34 +0800][INFO] UPDATE `hm_acl_resource` SET `sort` = CASE `hm_acl_resource`.`id` WHEN 1 THEN 1 WHEN 10 THEN 1 WHEN 2 THEN 2 WHEN 4 THEN 1 WHEN 5 THEN 1 WHEN 6 THEN 2 WHEN 7 THEN 3 WHEN 8 THEN 4 WHEN 9 THEN 2 WHEN 3 THEN 3 WHEN 11 THEN 1 WHEN 13 THEN 211 WHEN 14 THEN 1 WHEN 12 THEN 18 END WHERE `id` = ?
[Sat, 28 May 16 19:29:34 +0800][INFO] UPDATE `hm_acl_resource` SET `sort` = CASE `hm_acl_resource`.`id` WHEN 1 THEN 1 WHEN 10 THEN 1 WHEN 2 THEN 2 WHEN 4 THEN 1 WHEN 5 THEN 1 WHEN 6 THEN 2 WHEN 7 THEN 3 WHEN 8 THEN 4 WHEN 9 THEN 2 WHEN 3 THEN 3 WHEN 11 THEN 1 WHEN 13 THEN 211 WHEN 14 THEN 1 WHEN 12 THEN 18 END WHERE `id` = ?
[Sat, 28 May 16 19:29:34 +0800][INFO] UPDATE `hm_acl_resource` SET `sort` = CASE `hm_acl_resource`.`id` WHEN 1 THEN 1 WHEN 10 THEN 1 WHEN 2 THEN 2 WHEN 4 THEN 1 WHEN 5 THEN 1 WHEN 6 THEN 2 WHEN 7 THEN 3 WHEN 8 THEN 4 WHEN 9 THEN 2 WHEN 3 THEN 3 WHEN 11 THEN 1 WHEN 13 THEN 211 WHEN 14 THEN 1 WHEN 12 THEN 18 END WHERE `id` = ?
[Sat, 28 May 16 19:29:34 +0800][INFO] UPDATE `hm_acl_resource` SET `sort` = CASE `hm_acl_resource`.`id` WHEN 1 THEN 1 WHEN 10 THEN 1 WHEN 2 THEN 2 WHEN 4 THEN 1 WHEN 5 THEN 1 WHEN 6 THEN 2 WHEN 7 THEN 3 WHEN 8 THEN 4 WHEN 9 THEN 2 WHEN 3 THEN 3 WHEN 11 THEN 1 WHEN 13 THEN 211 WHEN 14 THEN 1 WHEN 12 THEN 18 END WHERE `id` = ?
[Sat, 28 May 16 19:29:34 +0800][INFO] UPDATE `hm_acl_resource` SET `sort` = CASE `hm_acl_resource`.`id` WHEN 1 THEN 1 WHEN 10 THEN 1 WHEN 2 THEN 2 WHEN 4 THEN 1 WHEN 5 THEN 1 WHEN 6 THEN 2 WHEN 7 THEN 3 WHEN 8 THEN 4 WHEN 9 THEN 2 WHEN 3 THEN 3 WHEN 11 THEN 1 WHEN 13 THEN 211 WHEN 14 THEN 1 WHEN 12 THEN 18 END WHERE `id` = ?
[Sat, 28 May 16 19:29:34 +0800][INFO] UPDATE `hm_acl_resource` SET `sort` = CASE `hm_acl_resource`.`id` WHEN 1 THEN 1 WHEN 10 THEN 1 WHEN 2 THEN 2 WHEN 4 THEN 1 WHEN 5 THEN 1 WHEN 6 THEN 2 WHEN 7 THEN 3 WHEN 8 THEN 4 WHEN 9 THEN 2 WHEN 3 THEN 3 WHEN 11 THEN 1 WHEN 13 THEN 211 WHEN 14 THEN 1 WHEN 12 THEN 18 END WHERE `id` = ?
[Sat, 28 May 16 19:29:34 +0800][INFO] UPDATE `hm_acl_resource` SET `sort` = CASE `hm_acl_resource`.`id` WHEN 1 THEN 1 WHEN 10 THEN 1 WHEN 2 THEN 2 WHEN 4 THEN 1 WHEN 5 THEN 1 WHEN 6 THEN 2 WHEN 7 THEN 3 WHEN 8 THEN 4 WHEN 9 THEN 2 WHEN 3 THEN 3 WHEN 11 THEN 1 WHEN 13 THEN 211 WHEN 14 THEN 1 WHEN 12 THEN 18 END WHERE `id` = ?
[Sat, 28 May 16 19:29:34 +0800][INFO] SELECT IF(COUNT(*) > 0, 1, 0) FROM `INFORMATION_SCHEMA`.`TABLES` WHERE `TABLE_NAME` = 'hm_operate_log' AND `TABLE_SCHEMA` = DATABASE()
[Sat, 28 May 16 19:29:34 +0800][INFO] DESCRIBE `hm_operate_log`
[Sat, 28 May 16 19:29:34 +0800][INFO] INSERT INTO `hm_operate_log` (`username`, `ip`, `time`, `country`, `useragent`, `info`, `get`, `status`) VALUES (DEFAULT, ?, ?, ?, ?, ?, ?, ?)
[Sat, 28 May 16 19:34:13 +0800][INFO] SELECT IF(COUNT(*) > 0, 1, 0) FROM `INFORMATION_SCHEMA`.`TABLES` WHERE `TABLE_NAME` = 'hm_acl_resource' AND `TABLE_SCHEMA` = DATABASE()
[Sat, 28 May 16 19:34:13 +0800][INFO] DESCRIBE `hm_acl_resource`
[Sat, 28 May 16 19:34:13 +0800][INFO] SELECT `hm_acl_resource`.`id`, `hm_acl_resource`.`name`, `hm_acl_resource`.`controller`, `hm_acl_resource`.`action`, `hm_acl_resource`.`isshow`, `hm_acl_resource`.`pid`, `hm_acl_resource`.`sort`, `hm_acl_resource`.`icon` FROM `hm_acl_resource` ORDER BY `hm_acl_resource`.`sort`
[Sat, 28 May 16 20:10:09 +0800][INFO] SELECT IF(COUNT(*) > 0, 1, 0) FROM `INFORMATION_SCHEMA`.`TABLES` WHERE `TABLE_NAME` = 'hm_acl_resource' AND `TABLE_SCHEMA` = DATABASE()
[Sat, 28 May 16 20:10:09 +0800][INFO] DESCRIBE `hm_acl_resource`
[Sat, 28 May 16 20:10:09 +0800][INFO] SELECT `hm_acl_resource`.`id`, `hm_acl_resource`.`name`, `hm_acl_resource`.`controller`, `hm_acl_resource`.`action`, `hm_acl_resource`.`isshow`, `hm_acl_resource`.`pid`, `hm_acl_resource`.`sort`, `hm_acl_resource`.`icon` FROM `hm_acl_resource` ORDER BY `hm_acl_resource`.`sort`
[Sat, 28 May 16 20:10:19 +0800][INFO] SELECT IF(COUNT(*) > 0, 1, 0) FROM `INFORMATION_SCHEMA`.`TABLES` WHERE `TABLE_NAME` = 'hm_acl_resource' AND `TABLE_SCHEMA` = DATABASE()
[Sat, 28 May 16 20:10:19 +0800][INFO] DESCRIBE `hm_acl_resource`
[Sat, 28 May 16 20:10:19 +0800][INFO] SELECT `hm_acl_resource`.`id`, `hm_acl_resource`.`name`, `hm_acl_resource`.`controller`, `hm_acl_resource`.`action`, `hm_acl_resource`.`isshow`, `hm_acl_resource`.`pid`, `hm_acl_resource`.`sort`, `hm_acl_resource`.`icon` FROM `hm_acl_resource` WHERE `hm_acl_resource`.`id` IN (1, 10, 2, 4, 5, 6, 7, 8, 9, 3, 11, 13, 14, 12)
[Sat, 28 May 16 20:10:19 +0800][INFO] UPDATE `hm_acl_resource` SET `sort` = CASE `hm_acl_resource`.`id` WHEN 1 THEN 1 WHEN 10 THEN 1 WHEN 2 THEN 2 WHEN 4 THEN 1 WHEN 5 THEN 1 WHEN 6 THEN 2 WHEN 7 THEN 3 WHEN 8 THEN 4 WHEN 9 THEN 2 WHEN 3 THEN 3 WHEN 11 THEN 1 WHEN 13 THEN 211 WHEN 14 THEN 1 WHEN 12 THEN 18 END WHERE `id` = ?
[Sat, 28 May 16 20:10:19 +0800][INFO] UPDATE `hm_acl_resource` SET `sort` = CASE `hm_acl_resource`.`id` WHEN 1 THEN 1 WHEN 10 THEN 1 WHEN 2 THEN 2 WHEN 4 THEN 1 WHEN 5 THEN 1 WHEN 6 THEN 2 WHEN 7 THEN 3 WHEN 8 THEN 4 WHEN 9 THEN 2 WHEN 3 THEN 3 WHEN 11 THEN 1 WHEN 13 THEN 211 WHEN 14 THEN 1 WHEN 12 THEN 18 END WHERE `id` = ?
[Sat, 28 May 16 20:10:19 +0800][INFO] UPDATE `hm_acl_resource` SET `sort` = CASE `hm_acl_resource`.`id` WHEN 1 THEN 1 WHEN 10 THEN 1 WHEN 2 THEN 2 WHEN 4 THEN 1 WHEN 5 THEN 1 WHEN 6 THEN 2 WHEN 7 THEN 3 WHEN 8 THEN 4 WHEN 9 THEN 2 WHEN 3 THEN 3 WHEN 11 THEN 1 WHEN 13 THEN 211 WHEN 14 THEN 1 WHEN 12 THEN 18 END WHERE `id` = ?
[Sat, 28 May 16 20:10:19 +0800][INFO] UPDATE `hm_acl_resource` SET `sort` = CASE `hm_acl_resource`.`id` WHEN 1 THEN 1 WHEN 10 THEN 1 WHEN 2 THEN 2 WHEN 4 THEN 1 WHEN 5 THEN 1 WHEN 6 THEN 2 WHEN 7 THEN 3 WHEN 8 THEN 4 WHEN 9 THEN 2 WHEN 3 THEN 3 WHEN 11 THEN 1 WHEN 13 THEN 211 WHEN 14 THEN 1 WHEN 12 THEN 18 END WHERE `id` = ?
[Sat, 28 May 16 20:10:19 +0800][INFO] UPDATE `hm_acl_resource` SET `sort` = CASE `hm_acl_resource`.`id` WHEN 1 THEN 1 WHEN 10 THEN 1 WHEN 2 THEN 2 WHEN 4 THEN 1 WHEN 5 THEN 1 WHEN 6 THEN 2 WHEN 7 THEN 3 WHEN 8 THEN 4 WHEN 9 THEN 2 WHEN 3 THEN 3 WHEN 11 THEN 1 WHEN 13 THEN 211 WHEN 14 THEN 1 WHEN 12 THEN 18 END WHERE `id` = ?
[Sat, 28 May 16 20:10:19 +0800][INFO] UPDATE `hm_acl_resource` SET `sort` = CASE `hm_acl_resource`.`id` WHEN 1 THEN 1 WHEN 10 THEN 1 WHEN 2 THEN 2 WHEN 4 THEN 1 WHEN 5 THEN 1 WHEN 6 THEN 2 WHEN 7 THEN 3 WHEN 8 THEN 4 WHEN 9 THEN 2 WHEN 3 THEN 3 WHEN 11 THEN 1 WHEN 13 THEN 211 WHEN 14 THEN 1 WHEN 12 THEN 18 END WHERE `id` = ?
[Sat, 28 May 16 20:10:19 +0800][INFO] UPDATE `hm_acl_resource` SET `sort` = CASE `hm_acl_resource`.`id` WHEN 1 THEN 1 WHEN 10 THEN 1 WHEN 2 THEN 2 WHEN 4 THEN 1 WHEN 5 THEN 1 WHEN 6 THEN 2 WHEN 7 THEN 3 WHEN 8 THEN 4 WHEN 9 THEN 2 WHEN 3 THEN 3 WHEN 11 THEN 1 WHEN 13 THEN 211 WHEN 14 THEN 1 WHEN 12 THEN 18 END WHERE `id` = ?
[Sat, 28 May 16 20:10:19 +0800][INFO] UPDATE `hm_acl_resource` SET `sort` = CASE `hm_acl_resource`.`id` WHEN 1 THEN 1 WHEN 10 THEN 1 WHEN 2 THEN 2 WHEN 4 THEN 1 WHEN 5 THEN 1 WHEN 6 THEN 2 WHEN 7 THEN 3 WHEN 8 THEN 4 WHEN 9 THEN 2 WHEN 3 THEN 3 WHEN 11 THEN 1 WHEN 13 THEN 211 WHEN 14 THEN 1 WHEN 12 THEN 18 END WHERE `id` = ?
[Sat, 28 May 16 20:10:19 +0800][INFO] UPDATE `hm_acl_resource` SET `sort` = CASE `hm_acl_resource`.`id` WHEN 1 THEN 1 WHEN 10 THEN 1 WHEN 2 THEN 2 WHEN 4 THEN 1 WHEN 5 THEN 1 WHEN 6 THEN 2 WHEN 7 THEN 3 WHEN 8 THEN 4 WHEN 9 THEN 2 WHEN 3 THEN 3 WHEN 11 THEN 1 WHEN 13 THEN 211 WHEN 14 THEN 1 WHEN 12 THEN 18 END WHERE `id` = ?
[Sat, 28 May 16 20:10:19 +0800][INFO] UPDATE `hm_acl_resource` SET `sort` = CASE `hm_acl_resource`.`id` WHEN 1 THEN 1 WHEN 10 THEN 1 WHEN 2 THEN 2 WHEN 4 THEN 1 WHEN 5 THEN 1 WHEN 6 THEN 2 WHEN 7 THEN 3 WHEN 8 THEN 4 WHEN 9 THEN 2 WHEN 3 THEN 3 WHEN 11 THEN 1 WHEN 13 THEN 211 WHEN 14 THEN 1 WHEN 12 THEN 18 END WHERE `id` = ?
[Sat, 28 May 16 20:10:19 +0800][INFO] UPDATE `hm_acl_resource` SET `sort` = CASE `hm_acl_resource`.`id` WHEN 1 THEN 1 WHEN 10 THEN 1 WHEN 2 THEN 2 WHEN 4 THEN 1 WHEN 5 THEN 1 WHEN 6 THEN 2 WHEN 7 THEN 3 WHEN 8 THEN 4 WHEN 9 THEN 2 WHEN 3 THEN 3 WHEN 11 THEN 1 WHEN 13 THEN 211 WHEN 14 THEN 1 WHEN 12 THEN 18 END WHERE `id` = ?
[Sat, 28 May 16 20:10:19 +0800][INFO] UPDATE `hm_acl_resource` SET `sort` = CASE `hm_acl_resource`.`id` WHEN 1 THEN 1 WHEN 10 THEN 1 WHEN 2 THEN 2 WHEN 4 THEN 1 WHEN 5 THEN 1 WHEN 6 THEN 2 WHEN 7 THEN 3 WHEN 8 THEN 4 WHEN 9 THEN 2 WHEN 3 THEN 3 WHEN 11 THEN 1 WHEN 13 THEN 211 WHEN 14 THEN 1 WHEN 12 THEN 18 END WHERE `id` = ?
[Sat, 28 May 16 20:10:19 +0800][INFO] UPDATE `hm_acl_resource` SET `sort` = CASE `hm_acl_resource`.`id` WHEN 1 THEN 1 WHEN 10 THEN 1 WHEN 2 THEN 2 WHEN 4 THEN 1 WHEN 5 THEN 1 WHEN 6 THEN 2 WHEN 7 THEN 3 WHEN 8 THEN 4 WHEN 9 THEN 2 WHEN 3 THEN 3 WHEN 11 THEN 1 WHEN 13 THEN 211 WHEN 14 THEN 1 WHEN 12 THEN 18 END WHERE `id` = ?
[Sat, 28 May 16 20:10:19 +0800][INFO] UPDATE `hm_acl_resource` SET `sort` = CASE `hm_acl_resource`.`id` WHEN 1 THEN 1 WHEN 10 THEN 1 WHEN 2 THEN 2 WHEN 4 THEN 1 WHEN 5 THEN 1 WHEN 6 THEN 2 WHEN 7 THEN 3 WHEN 8 THEN 4 WHEN 9 THEN 2 WHEN 3 THEN 3 WHEN 11 THEN 1 WHEN 13 THEN 211 WHEN 14 THEN 1 WHEN 12 THEN 18 END WHERE `id` = ?
[Sat, 28 May 16 20:10:19 +0800][INFO] SELECT IF(COUNT(*) > 0, 1, 0) FROM `INFORMATION_SCHEMA`.`TABLES` WHERE `TABLE_NAME` = 'hm_operate_log' AND `TABLE_SCHEMA` = DATABASE()
[Sat, 28 May 16 20:10:19 +0800][INFO] DESCRIBE `hm_operate_log`
[Sat, 28 May 16 20:10:19 +0800][INFO] INSERT INTO `hm_operate_log` (`username`, `ip`, `time`, `country`, `useragent`, `info`, `get`, `status`) VALUES (DEFAULT, ?, ?, ?, ?, ?, ?, ?)
[Sat, 28 May 16 20:10:57 +0800][INFO] SELECT IF(COUNT(*) > 0, 1, 0) FROM `INFORMATION_SCHEMA`.`TABLES` WHERE `TABLE_NAME` = 'hm_acl_resource' AND `TABLE_SCHEMA` = DATABASE()
[Sat, 28 May 16 20:10:57 +0800][INFO] DESCRIBE `hm_acl_resource`
[Sat, 28 May 16 20:10:57 +0800][INFO] SELECT `hm_acl_resource`.`id`, `hm_acl_resource`.`name`, `hm_acl_resource`.`controller`, `hm_acl_resource`.`action`, `hm_acl_resource`.`isshow`, `hm_acl_resource`.`pid`, `hm_acl_resource`.`sort`, `hm_acl_resource`.`icon` FROM `hm_acl_resource` WHERE `hm_acl_resource`.`id` IN (1, 10, 2, 4, 5, 6, 7, 8, 9, 3, 11, 13, 14, 12)
[Sat, 28 May 16 20:10:57 +0800][INFO] UPDATE `hm_acl_resource` SET `sort` = CASE `hm_acl_resource`.`id` WHEN 1 THEN 1 WHEN 10 THEN 1 WHEN 2 THEN 2 WHEN 4 THEN 1 WHEN 5 THEN 1 WHEN 6 THEN 2 WHEN 7 THEN 3 WHEN 8 THEN 4 WHEN 9 THEN 2 WHEN 3 THEN 3 WHEN 11 THEN 1 WHEN 13 THEN 211 WHEN 14 THEN 1 WHEN 12 THEN 18 END WHERE `id` = ?
[Sat, 28 May 16 20:10:57 +0800][INFO] UPDATE `hm_acl_resource` SET `sort` = CASE `hm_acl_resource`.`id` WHEN 1 THEN 1 WHEN 10 THEN 1 WHEN 2 THEN 2 WHEN 4 THEN 1 WHEN 5 THEN 1 WHEN 6 THEN 2 WHEN 7 THEN 3 WHEN 8 THEN 4 WHEN 9 THEN 2 WHEN 3 THEN 3 WHEN 11 THEN 1 WHEN 13 THEN 211 WHEN 14 THEN 1 WHEN 12 THEN 18 END WHERE `id` = ?
[Sat, 28 May 16 20:10:57 +0800][INFO] UPDATE `hm_acl_resource` SET `sort` = CASE `hm_acl_resource`.`id` WHEN 1 THEN 1 WHEN 10 THEN 1 WHEN 2 THEN 2 WHEN 4 THEN 1 WHEN 5 THEN 1 WHEN 6 THEN 2 WHEN 7 THEN 3 WHEN 8 THEN 4 WHEN 9 THEN 2 WHEN 3 THEN 3 WHEN 11 THEN 1 WHEN 13 THEN 211 WHEN 14 THEN 1 WHEN 12 THEN 18 END WHERE `id` = ?
[Sat, 28 May 16 20:10:57 +0800][INFO] UPDATE `hm_acl_resource` SET `sort` = CASE `hm_acl_resource`.`id` WHEN 1 THEN 1 WHEN 10 THEN 1 WHEN 2 THEN 2 WHEN 4 THEN 1 WHEN 5 THEN 1 WHEN 6 THEN 2 WHEN 7 THEN 3 WHEN 8 THEN 4 WHEN 9 THEN 2 WHEN 3 THEN 3 WHEN 11 THEN 1 WHEN 13 THEN 211 WHEN 14 THEN 1 WHEN 12 THEN 18 END WHERE `id` = ?
[Sat, 28 May 16 20:10:57 +0800][INFO] UPDATE `hm_acl_resource` SET `sort` = CASE `hm_acl_resource`.`id` WHEN 1 THEN 1 WHEN 10 THEN 1 WHEN 2 THEN 2 WHEN 4 THEN 1 WHEN 5 THEN 1 WHEN 6 THEN 2 WHEN 7 THEN 3 WHEN 8 THEN 4 WHEN 9 THEN 2 WHEN 3 THEN 3 WHEN 11 THEN 1 WHEN 13 THEN 211 WHEN 14 THEN 1 WHEN 12 THEN 18 END WHERE `id` = ?
[Sat, 28 May 16 20:10:57 +0800][INFO] UPDATE `hm_acl_resource` SET `sort` = CASE `hm_acl_resource`.`id` WHEN 1 THEN 1 WHEN 10 THEN 1 WHEN 2 THEN 2 WHEN 4 THEN 1 WHEN 5 THEN 1 WHEN 6 THEN 2 WHEN 7 THEN 3 WHEN 8 THEN 4 WHEN 9 THEN 2 WHEN 3 THEN 3 WHEN 11 THEN 1 WHEN 13 THEN 211 WHEN 14 THEN 1 WHEN 12 THEN 18 END WHERE `id` = ?
[Sat, 28 May 16 20:10:57 +0800][INFO] UPDATE `hm_acl_resource` SET `sort` = CASE `hm_acl_resource`.`id` WHEN 1 THEN 1 WHEN 10 THEN 1 WHEN 2 THEN 2 WHEN 4 THEN 1 WHEN 5 THEN 1 WHEN 6 THEN 2 WHEN 7 THEN 3 WHEN 8 THEN 4 WHEN 9 THEN 2 WHEN 3 THEN 3 WHEN 11 THEN 1 WHEN 13 THEN 211 WHEN 14 THEN 1 WHEN 12 THEN 18 END WHERE `id` = ?
[Sat, 28 May 16 20:10:57 +0800][INFO] UPDATE `hm_acl_resource` SET `sort` = CASE `hm_acl_resource`.`id` WHEN 1 THEN 1 WHEN 10 THEN 1 WHEN 2 THEN 2 WHEN 4 THEN 1 WHEN 5 THEN 1 WHEN 6 THEN 2 WHEN 7 THEN 3 WHEN 8 THEN 4 WHEN 9 THEN 2 WHEN 3 THEN 3 WHEN 11 THEN 1 WHEN 13 THEN 211 WHEN 14 THEN 1 WHEN 12 THEN 18 END WHERE `id` = ?
[Sat, 28 May 16 20:10:57 +0800][INFO] UPDATE `hm_acl_resource` SET `sort` = CASE `hm_acl_resource`.`id` WHEN 1 THEN 1 WHEN 10 THEN 1 WHEN 2 THEN 2 WHEN 4 THEN 1 WHEN 5 THEN 1 WHEN 6 THEN 2 WHEN 7 THEN 3 WHEN 8 THEN 4 WHEN 9 THEN 2 WHEN 3 THEN 3 WHEN 11 THEN 1 WHEN 13 THEN 211 WHEN 14 THEN 1 WHEN 12 THEN 18 END WHERE `id` = ?
[Sat, 28 May 16 20:10:57 +0800][INFO] UPDATE `hm_acl_resource` SET `sort` = CASE `hm_acl_resource`.`id` WHEN 1 THEN 1 WHEN 10 THEN 1 WHEN 2 THEN 2 WHEN 4 THEN 1 WHEN 5 THEN 1 WHEN 6 THEN 2 WHEN 7 THEN 3 WHEN 8 THEN 4 WHEN 9 THEN 2 WHEN 3 THEN 3 WHEN 11 THEN 1 WHEN 13 THEN 211 WHEN 14 THEN 1 WHEN 12 THEN 18 END WHERE `id` = ?
[Sat, 28 May 16 20:10:57 +0800][INFO] UPDATE `hm_acl_resource` SET `sort` = CASE `hm_acl_resource`.`id` WHEN 1 THEN 1 WHEN 10 THEN 1 WHEN 2 THEN 2 WHEN 4 THEN 1 WHEN 5 THEN 1 WHEN 6 THEN 2 WHEN 7 THEN 3 WHEN 8 THEN 4 WHEN 9 THEN 2 WHEN 3 THEN 3 WHEN 11 THEN 1 WHEN 13 THEN 211 WHEN 14 THEN 1 WHEN 12 THEN 18 END WHERE `id` = ?
[Sat, 28 May 16 20:10:57 +0800][INFO] UPDATE `hm_acl_resource` SET `sort` = CASE `hm_acl_resource`.`id` WHEN 1 THEN 1 WHEN 10 THEN 1 WHEN 2 THEN 2 WHEN 4 THEN 1 WHEN 5 THEN 1 WHEN 6 THEN 2 WHEN 7 THEN 3 WHEN 8 THEN 4 WHEN 9 THEN 2 WHEN 3 THEN 3 WHEN 11 THEN 1 WHEN 13 THEN 211 WHEN 14 THEN 1 WHEN 12 THEN 18 END WHERE `id` = ?
[Sat, 28 May 16 20:10:57 +0800][INFO] UPDATE `hm_acl_resource` SET `sort` = CASE `hm_acl_resource`.`id` WHEN 1 THEN 1 WHEN 10 THEN 1 WHEN 2 THEN 2 WHEN 4 THEN 1 WHEN 5 THEN 1 WHEN 6 THEN 2 WHEN 7 THEN 3 WHEN 8 THEN 4 WHEN 9 THEN 2 WHEN 3 THEN 3 WHEN 11 THEN 1 WHEN 13 THEN 211 WHEN 14 THEN 1 WHEN 12 THEN 18 END WHERE `id` = ?
[Sat, 28 May 16 20:10:57 +0800][INFO] UPDATE `hm_acl_resource` SET `sort` = CASE `hm_acl_resource`.`id` WHEN 1 THEN 1 WHEN 10 THEN 1 WHEN 2 THEN 2 WHEN 4 THEN 1 WHEN 5 THEN 1 WHEN 6 THEN 2 WHEN 7 THEN 3 WHEN 8 THEN 4 WHEN 9 THEN 2 WHEN 3 THEN 3 WHEN 11 THEN 1 WHEN 13 THEN 211 WHEN 14 THEN 1 WHEN 12 THEN 18 END WHERE `id` = ?
[Sat, 28 May 16 20:10:57 +0800][INFO] SELECT IF(COUNT(*) > 0, 1, 0) FROM `INFORMATION_SCHEMA`.`TABLES` WHERE `TABLE_NAME` = 'hm_operate_log' AND `TABLE_SCHEMA` = DATABASE()
[Sat, 28 May 16 20:10:57 +0800][INFO] DESCRIBE `hm_operate_log`
[Sat, 28 May 16 20:10:57 +0800][INFO] INSERT INTO `hm_operate_log` (`username`, `ip`, `time`, `country`, `useragent`, `info`, `get`, `status`) VALUES (DEFAULT, ?, ?, ?, ?, ?, ?, ?)
[Sat, 28 May 16 20:12:34 +0800][INFO] SELECT IF(COUNT(*) > 0, 1, 0) FROM `INFORMATION_SCHEMA`.`TABLES` WHERE `TABLE_NAME` = 'hm_acl_resource' AND `TABLE_SCHEMA` = DATABASE()
[Sat, 28 May 16 20:12:34 +0800][INFO] DESCRIBE `hm_acl_resource`
[Sat, 28 May 16 20:12:34 +0800][INFO] SELECT `hm_acl_resource`.`id`, `hm_acl_resource`.`name`, `hm_acl_resource`.`controller`, `hm_acl_resource`.`action`, `hm_acl_resource`.`isshow`, `hm_acl_resource`.`pid`, `hm_acl_resource`.`sort`, `hm_acl_resource`.`icon` FROM `hm_acl_resource` ORDER BY `hm_acl_resource`.`sort`
[Sat, 28 May 16 20:12:36 +0800][INFO] SELECT IF(COUNT(*) > 0, 1, 0) FROM `INFORMATION_SCHEMA`.`TABLES` WHERE `TABLE_NAME` = 'hm_acl_resource' AND `TABLE_SCHEMA` = DATABASE()
[Sat, 28 May 16 20:12:36 +0800][INFO] DESCRIBE `hm_acl_resource`
[Sat, 28 May 16 20:12:36 +0800][INFO] SELECT `hm_acl_resource`.`id`, `hm_acl_resource`.`name`, `hm_acl_resource`.`controller`, `hm_acl_resource`.`action`, `hm_acl_resource`.`isshow`, `hm_acl_resource`.`pid`, `hm_acl_resource`.`sort`, `hm_acl_resource`.`icon` FROM `hm_acl_resource` WHERE `hm_acl_resource`.`id` IN (1, 10, 2, 4, 5, 6, 7, 8, 9, 3, 11, 13, 14, 12)
[Sat, 28 May 16 20:12:36 +0800][INFO] UPDATE `hm_acl_resource` SET `sort` = CASE `hm_acl_resource`.`id` WHEN 1 THEN 1 WHEN 10 THEN 1 WHEN 2 THEN 2 WHEN 4 THEN 1 WHEN 5 THEN 1 WHEN 6 THEN 2 WHEN 7 THEN 3 WHEN 8 THEN 4 WHEN 9 THEN 2 WHEN 3 THEN 3 WHEN 11 THEN 1 WHEN 13 THEN 211 WHEN 14 THEN 1 WHEN 12 THEN 18 END WHERE `id` = ?
[Sat, 28 May 16 20:12:36 +0800][INFO] UPDATE `hm_acl_resource` SET `sort` = CASE `hm_acl_resource`.`id` WHEN 1 THEN 1 WHEN 10 THEN 1 WHEN 2 THEN 2 WHEN 4 THEN 1 WHEN 5 THEN 1 WHEN 6 THEN 2 WHEN 7 THEN 3 WHEN 8 THEN 4 WHEN 9 THEN 2 WHEN 3 THEN 3 WHEN 11 THEN 1 WHEN 13 THEN 211 WHEN 14 THEN 1 WHEN 12 THEN 18 END WHERE `id` = ?
[Sat, 28 May 16 20:12:36 +0800][INFO] UPDATE `hm_acl_resource` SET `sort` = CASE `hm_acl_resource`.`id` WHEN 1 THEN 1 WHEN 10 THEN 1 WHEN 2 THEN 2 WHEN 4 THEN 1 WHEN 5 THEN 1 WHEN 6 THEN 2 WHEN 7 THEN 3 WHEN 8 THEN 4 WHEN 9 THEN 2 WHEN 3 THEN 3 WHEN 11 THEN 1 WHEN 13 THEN 211 WHEN 14 THEN 1 WHEN 12 THEN 18 END WHERE `id` = ?
[Sat, 28 May 16 20:12:36 +0800][INFO] UPDATE `hm_acl_resource` SET `sort` = CASE `hm_acl_resource`.`id` WHEN 1 THEN 1 WHEN 10 THEN 1 WHEN 2 THEN 2 WHEN 4 THEN 1 WHEN 5 THEN 1 WHEN 6 THEN 2 WHEN 7 THEN 3 WHEN 8 THEN 4 WHEN 9 THEN 2 WHEN 3 THEN 3 WHEN 11 THEN 1 WHEN 13 THEN 211 WHEN 14 THEN 1 WHEN 12 THEN 18 END WHERE `id` = ?
[Sat, 28 May 16 20:12:36 +0800][INFO] UPDATE `hm_acl_resource` SET `sort` = CASE `hm_acl_resource`.`id` WHEN 1 THEN 1 WHEN 10 THEN 1 WHEN 2 THEN 2 WHEN 4 THEN 1 WHEN 5 THEN 1 WHEN 6 THEN 2 WHEN 7 THEN 3 WHEN 8 THEN 4 WHEN 9 THEN 2 WHEN 3 THEN 3 WHEN 11 THEN 1 WHEN 13 THEN 211 WHEN 14 THEN 1 WHEN 12 THEN 18 END WHERE `id` = ?
[Sat, 28 May 16 20:12:36 +0800][INFO] UPDATE `hm_acl_resource` SET `sort` = CASE `hm_acl_resource`.`id` WHEN 1 THEN 1 WHEN 10 THEN 1 WHEN 2 THEN 2 WHEN 4 THEN 1 WHEN 5 THEN 1 WHEN 6 THEN 2 WHEN 7 THEN 3 WHEN 8 THEN 4 WHEN 9 THEN 2 WHEN 3 THEN 3 WHEN 11 THEN 1 WHEN 13 THEN 211 WHEN 14 THEN 1 WHEN 12 THEN 18 END WHERE `id` = ?
[Sat, 28 May 16 20:12:36 +0800][INFO] UPDATE `hm_acl_resource` SET `sort` = CASE `hm_acl_resource`.`id` WHEN 1 THEN 1 WHEN 10 THEN 1 WHEN 2 THEN 2 WHEN 4 THEN 1 WHEN 5 THEN 1 WHEN 6 THEN 2 WHEN 7 THEN 3 WHEN 8 THEN 4 WHEN 9 THEN 2 WHEN 3 THEN 3 WHEN 11 THEN 1 WHEN 13 THEN 211 WHEN 14 THEN 1 WHEN 12 THEN 18 END WHERE `id` = ?
[Sat, 28 May 16 20:12:36 +0800][INFO] UPDATE `hm_acl_resource` SET `sort` = CASE `hm_acl_resource`.`id` WHEN 1 THEN 1 WHEN 10 THEN 1 WHEN 2 THEN 2 WHEN 4 THEN 1 WHEN 5 THEN 1 WHEN 6 THEN 2 WHEN 7 THEN 3 WHEN 8 THEN 4 WHEN 9 THEN 2 WHEN 3 THEN 3 WHEN 11 THEN 1 WHEN 13 THEN 211 WHEN 14 THEN 1 WHEN 12 THEN 18 END WHERE `id` = ?
[Sat, 28 May 16 20:12:36 +0800][INFO] UPDATE `hm_acl_resource` SET `sort` = CASE `hm_acl_resource`.`id` WHEN 1 THEN 1 WHEN 10 THEN 1 WHEN 2 THEN 2 WHEN 4 THEN 1 WHEN 5 THEN 1 WHEN 6 THEN 2 WHEN 7 THEN 3 WHEN 8 THEN 4 WHEN 9 THEN 2 WHEN 3 THEN 3 WHEN 11 THEN 1 WHEN 13 THEN 211 WHEN 14 THEN 1 WHEN 12 THEN 18 END WHERE `id` = ?
[Sat, 28 May 16 20:12:36 +0800][INFO] UPDATE `hm_acl_resource` SET `sort` = CASE `hm_acl_resource`.`id` WHEN 1 THEN 1 WHEN 10 THEN 1 WHEN 2 THEN 2 WHEN 4 THEN 1 WHEN 5 THEN 1 WHEN 6 THEN 2 WHEN 7 THEN 3 WHEN 8 THEN 4 WHEN 9 THEN 2 WHEN 3 THEN 3 WHEN 11 THEN 1 WHEN 13 THEN 211 WHEN 14 THEN 1 WHEN 12 THEN 18 END WHERE `id` = ?
[Sat, 28 May 16 20:12:36 +0800][INFO] UPDATE `hm_acl_resource` SET `sort` = CASE `hm_acl_resource`.`id` WHEN 1 THEN 1 WHEN 10 THEN 1 WHEN 2 THEN 2 WHEN 4 THEN 1 WHEN 5 THEN 1 WHEN 6 THEN 2 WHEN 7 THEN 3 WHEN 8 THEN 4 WHEN 9 THEN 2 WHEN 3 THEN 3 WHEN 11 THEN 1 WHEN 13 THEN 211 WHEN 14 THEN 1 WHEN 12 THEN 18 END WHERE `id` = ?
[Sat, 28 May 16 20:12:36 +0800][INFO] UPDATE `hm_acl_resource` SET `sort` = CASE `hm_acl_resource`.`id` WHEN 1 THEN 1 WHEN 10 THEN 1 WHEN 2 THEN 2 WHEN 4 THEN 1 WHEN 5 THEN 1 WHEN 6 THEN 2 WHEN 7 THEN 3 WHEN 8 THEN 4 WHEN 9 THEN 2 WHEN 3 THEN 3 WHEN 11 THEN 1 WHEN 13 THEN 211 WHEN 14 THEN 1 WHEN 12 THEN 18 END WHERE `id` = ?
[Sat, 28 May 16 20:12:36 +0800][INFO] UPDATE `hm_acl_resource` SET `sort` = CASE `hm_acl_resource`.`id` WHEN 1 THEN 1 WHEN 10 THEN 1 WHEN 2 THEN 2 WHEN 4 THEN 1 WHEN 5 THEN 1 WHEN 6 THEN 2 WHEN 7 THEN 3 WHEN 8 THEN 4 WHEN 9 THEN 2 WHEN 3 THEN 3 WHEN 11 THEN 1 WHEN 13 THEN 211 WHEN 14 THEN 1 WHEN 12 THEN 18 END WHERE `id` = ?
[Sat, 28 May 16 20:12:36 +0800][INFO] UPDATE `hm_acl_resource` SET `sort` = CASE `hm_acl_resource`.`id` WHEN 1 THEN 1 WHEN 10 THEN 1 WHEN 2 THEN 2 WHEN 4 THEN 1 WHEN 5 THEN 1 WHEN 6 THEN 2 WHEN 7 THEN 3 WHEN 8 THEN 4 WHEN 9 THEN 2 WHEN 3 THEN 3 WHEN 11 THEN 1 WHEN 13 THEN 211 WHEN 14 THEN 1 WHEN 12 THEN 18 END WHERE `id` = ?
[Sat, 28 May 16 20:12:36 +0800][INFO] SELECT IF(COUNT(*) > 0, 1, 0) FROM `INFORMATION_SCHEMA`.`TABLES` WHERE `TABLE_NAME` = 'hm_operate_log' AND `TABLE_SCHEMA` = DATABASE()
[Sat, 28 May 16 20:12:36 +0800][INFO] DESCRIBE `hm_operate_log`
[Sat, 28 May 16 20:12:36 +0800][INFO] INSERT INTO `hm_operate_log` (`username`, `ip`, `time`, `country`, `useragent`, `info`, `get`, `status`) VALUES (DEFAULT, ?, ?, ?, ?, ?, ?, ?)
[Sat, 28 May 16 20:13:11 +0800][INFO] SELECT IF(COUNT(*) > 0, 1, 0) FROM `INFORMATION_SCHEMA`.`TABLES` WHERE `TABLE_NAME` = 'hm_acl_resource' AND `TABLE_SCHEMA` = DATABASE()
[Sat, 28 May 16 20:13:11 +0800][INFO] DESCRIBE `hm_acl_resource`
[Sat, 28 May 16 20:13:11 +0800][INFO] SELECT `hm_acl_resource`.`id`, `hm_acl_resource`.`name`, `hm_acl_resource`.`controller`, `hm_acl_resource`.`action`, `hm_acl_resource`.`isshow`, `hm_acl_resource`.`pid`, `hm_acl_resource`.`sort`, `hm_acl_resource`.`icon` FROM `hm_acl_resource` WHERE `hm_acl_resource`.`id` IN (1, 10, 2, 4, 5, 6, 7, 8, 9, 3, 11, 13, 14, 12)
[Sat, 28 May 16 20:13:11 +0800][INFO] UPDATE `hm_acl_resource` SET `sort` = CASE `hm_acl_resource`.`id` WHEN 1 THEN 1 WHEN 10 THEN 1 WHEN 2 THEN 2 WHEN 4 THEN 1 WHEN 5 THEN 1 WHEN 6 THEN 2 WHEN 7 THEN 3 WHEN 8 THEN 4 WHEN 9 THEN 2 WHEN 3 THEN 3 WHEN 11 THEN 1 WHEN 13 THEN 211 WHEN 14 THEN 1 WHEN 12 THEN 18 END WHERE `id` = ?
[Sat, 28 May 16 20:13:11 +0800][INFO] UPDATE `hm_acl_resource` SET `sort` = CASE `hm_acl_resource`.`id` WHEN 1 THEN 1 WHEN 10 THEN 1 WHEN 2 THEN 2 WHEN 4 THEN 1 WHEN 5 THEN 1 WHEN 6 THEN 2 WHEN 7 THEN 3 WHEN 8 THEN 4 WHEN 9 THEN 2 WHEN 3 THEN 3 WHEN 11 THEN 1 WHEN 13 THEN 211 WHEN 14 THEN 1 WHEN 12 THEN 18 END WHERE `id` = ?
[Sat, 28 May 16 20:13:11 +0800][INFO] UPDATE `hm_acl_resource` SET `sort` = CASE `hm_acl_resource`.`id` WHEN 1 THEN 1 WHEN 10 THEN 1 WHEN 2 THEN 2 WHEN 4 THEN 1 WHEN 5 THEN 1 WHEN 6 THEN 2 WHEN 7 THEN 3 WHEN 8 THEN 4 WHEN 9 THEN 2 WHEN 3 THEN 3 WHEN 11 THEN 1 WHEN 13 THEN 211 WHEN 14 THEN 1 WHEN 12 THEN 18 END WHERE `id` = ?
[Sat, 28 May 16 20:13:11 +0800][INFO] UPDATE `hm_acl_resource` SET `sort` = CASE `hm_acl_resource`.`id` WHEN 1 THEN 1 WHEN 10 THEN 1 WHEN 2 THEN 2 WHEN 4 THEN 1 WHEN 5 THEN 1 WHEN 6 THEN 2 WHEN 7 THEN 3 WHEN 8 THEN 4 WHEN 9 THEN 2 WHEN 3 THEN 3 WHEN 11 THEN 1 WHEN 13 THEN 211 WHEN 14 THEN 1 WHEN 12 THEN 18 END WHERE `id` = ?
[Sat, 28 May 16 20:13:11 +0800][INFO] UPDATE `hm_acl_resource` SET `sort` = CASE `hm_acl_resource`.`id` WHEN 1 THEN 1 WHEN 10 THEN 1 WHEN 2 THEN 2 WHEN 4 THEN 1 WHEN 5 THEN 1 WHEN 6 THEN 2 WHEN 7 THEN 3 WHEN 8 THEN 4 WHEN 9 THEN 2 WHEN 3 THEN 3 WHEN 11 THEN 1 WHEN 13 THEN 211 WHEN 14 THEN 1 WHEN 12 THEN 18 END WHERE `id` = ?
[Sat, 28 May 16 20:13:11 +0800][INFO] UPDATE `hm_acl_resource` SET `sort` = CASE `hm_acl_resource`.`id` WHEN 1 THEN 1 WHEN 10 THEN 1 WHEN 2 THEN 2 WHEN 4 THEN 1 WHEN 5 THEN 1 WHEN 6 THEN 2 WHEN 7 THEN 3 WHEN 8 THEN 4 WHEN 9 THEN 2 WHEN 3 THEN 3 WHEN 11 THEN 1 WHEN 13 THEN 211 WHEN 14 THEN 1 WHEN 12 THEN 18 END WHERE `id` = ?
[Sat, 28 May 16 20:13:11 +0800][INFO] UPDATE `hm_acl_resource` SET `sort` = CASE `hm_acl_resource`.`id` WHEN 1 THEN 1 WHEN 10 THEN 1 WHEN 2 THEN 2 WHEN 4 THEN 1 WHEN 5 THEN 1 WHEN 6 THEN 2 WHEN 7 THEN 3 WHEN 8 THEN 4 WHEN 9 THEN 2 WHEN 3 THEN 3 WHEN 11 THEN 1 WHEN 13 THEN 211 WHEN 14 THEN 1 WHEN 12 THEN 18 END WHERE `id` = ?
[Sat, 28 May 16 20:13:11 +0800][INFO] UPDATE `hm_acl_resource` SET `sort` = CASE `hm_acl_resource`.`id` WHEN 1 THEN 1 WHEN 10 THEN 1 WHEN 2 THEN 2 WHEN 4 THEN 1 WHEN 5 THEN 1 WHEN 6 THEN 2 WHEN 7 THEN 3 WHEN 8 THEN 4 WHEN 9 THEN 2 WHEN 3 THEN 3 WHEN 11 THEN 1 WHEN 13 THEN 211 WHEN 14 THEN 1 WHEN 12 THEN 18 END WHERE `id` = ?
[Sat, 28 May 16 20:13:11 +0800][INFO] UPDATE `hm_acl_resource` SET `sort` = CASE `hm_acl_resource`.`id` WHEN 1 THEN 1 WHEN 10 THEN 1 WHEN 2 THEN 2 WHEN 4 THEN 1 WHEN 5 THEN 1 WHEN 6 THEN 2 WHEN 7 THEN 3 WHEN 8 THEN 4 WHEN 9 THEN 2 WHEN 3 THEN 3 WHEN 11 THEN 1 WHEN 13 THEN 211 WHEN 14 THEN 1 WHEN 12 THEN 18 END WHERE `id` = ?
[Sat, 28 May 16 20:13:11 +0800][INFO] UPDATE `hm_acl_resource` SET `sort` = CASE `hm_acl_resource`.`id` WHEN 1 THEN 1 WHEN 10 THEN 1 WHEN 2 THEN 2 WHEN 4 THEN 1 WHEN 5 THEN 1 WHEN 6 THEN 2 WHEN 7 THEN 3 WHEN 8 THEN 4 WHEN 9 THEN 2 WHEN 3 THEN 3 WHEN 11 THEN 1 WHEN 13 THEN 211 WHEN 14 THEN 1 WHEN 12 THEN 18 END WHERE `id` = ?
[Sat, 28 May 16 20:13:11 +0800][INFO] UPDATE `hm_acl_resource` SET `sort` = CASE `hm_acl_resource`.`id` WHEN 1 THEN 1 WHEN 10 THEN 1 WHEN 2 THEN 2 WHEN 4 THEN 1 WHEN 5 THEN 1 WHEN 6 THEN 2 WHEN 7 THEN 3 WHEN 8 THEN 4 WHEN 9 THEN 2 WHEN 3 THEN 3 WHEN 11 THEN 1 WHEN 13 THEN 211 WHEN 14 THEN 1 WHEN 12 THEN 18 END WHERE `id` = ?
[Sat, 28 May 16 20:13:11 +0800][INFO] UPDATE `hm_acl_resource` SET `sort` = CASE `hm_acl_resource`.`id` WHEN 1 THEN 1 WHEN 10 THEN 1 WHEN 2 THEN 2 WHEN 4 THEN 1 WHEN 5 THEN 1 WHEN 6 THEN 2 WHEN 7 THEN 3 WHEN 8 THEN 4 WHEN 9 THEN 2 WHEN 3 THEN 3 WHEN 11 THEN 1 WHEN 13 THEN 211 WHEN 14 THEN 1 WHEN 12 THEN 18 END WHERE `id` = ?
[Sat, 28 May 16 20:13:11 +0800][INFO] UPDATE `hm_acl_resource` SET `sort` = CASE `hm_acl_resource`.`id` WHEN 1 THEN 1 WHEN 10 THEN 1 WHEN 2 THEN 2 WHEN 4 THEN 1 WHEN 5 THEN 1 WHEN 6 THEN 2 WHEN 7 THEN 3 WHEN 8 THEN 4 WHEN 9 THEN 2 WHEN 3 THEN 3 WHEN 11 THEN 1 WHEN 13 THEN 211 WHEN 14 THEN 1 WHEN 12 THEN 18 END WHERE `id` = ?
[Sat, 28 May 16 20:13:11 +0800][INFO] UPDATE `hm_acl_resource` SET `sort` = CASE `hm_acl_resource`.`id` WHEN 1 THEN 1 WHEN 10 THEN 1 WHEN 2 THEN 2 WHEN 4 THEN 1 WHEN 5 THEN 1 WHEN 6 THEN 2 WHEN 7 THEN 3 WHEN 8 THEN 4 WHEN 9 THEN 2 WHEN 3 THEN 3 WHEN 11 THEN 1 WHEN 13 THEN 211 WHEN 14 THEN 1 WHEN 12 THEN 18 END WHERE `id` = ?
[Sat, 28 May 16 20:13:11 +0800][INFO] SELECT IF(COUNT(*) > 0, 1, 0) FROM `INFORMATION_SCHEMA`.`TABLES` WHERE `TABLE_NAME` = 'hm_operate_log' AND `TABLE_SCHEMA` = DATABASE()
[Sat, 28 May 16 20:13:11 +0800][INFO] DESCRIBE `hm_operate_log`
[Sat, 28 May 16 20:13:11 +0800][INFO] INSERT INTO `hm_operate_log` (`username`, `ip`, `time`, `country`, `useragent`, `info`, `get`, `status`) VALUES (DEFAULT, ?, ?, ?, ?, ?, ?, ?)
[Sat, 28 May 16 20:13:56 +0800][INFO] SELECT `hm_acl_resource`.`id` AS `id`, `hm_acl_resource`.`name` AS `name` FROM `hm_acl_resource` WHERE `hm_acl_resource`.`pid` = :pid AND `hm_acl_resource`.`isshow` = :isshow ORDER BY `hm_acl_resource`.`sort`
[Sat, 28 May 16 20:13:57 +0800][INFO] SELECT `hm_acl_resource`.`id` AS `id`, `hm_acl_resource`.`name` AS `name`, `hm_acl_resource`.`controller` AS `controller`, `hm_acl_resource`.`action` AS `action`, `hm_acl_resource`.`sort` AS `sort`, `hm_acl_resource`.`icon` AS `icon` FROM `hm_acl_resource` WHERE `hm_acl_resource`.`pid` = :pid AND `hm_acl_resource`.`isshow` = :isshow ORDER BY `hm_acl_resource`.`sort`
[Sat, 28 May 16 20:13:59 +0800][INFO] SELECT `hm_acl_resource`.`id` AS `id`, `hm_acl_resource`.`name` AS `name`, `hm_acl_resource`.`controller` AS `controller`, `hm_acl_resource`.`action` AS `action`, `hm_acl_resource`.`sort` AS `sort`, `hm_acl_resource`.`icon` AS `icon` FROM `hm_acl_resource` WHERE `hm_acl_resource`.`pid` = :pid AND `hm_acl_resource`.`isshow` = :isshow ORDER BY `hm_acl_resource`.`sort`
[Sat, 28 May 16 20:13:59 +0800][INFO] SELECT `hm_acl_resource`.`id` AS `id`, `hm_acl_resource`.`name` AS `name`, `hm_acl_resource`.`controller` AS `controller`, `hm_acl_resource`.`action` AS `action`, `hm_acl_resource`.`sort` AS `sort`, `hm_acl_resource`.`icon` AS `icon` FROM `hm_acl_resource` WHERE `hm_acl_resource`.`pid` = :pid AND `hm_acl_resource`.`isshow` = :isshow ORDER BY `hm_acl_resource`.`sort`
[Sat, 28 May 16 20:13:59 +0800][INFO] SELECT `hm_acl_resource`.`id` AS `id`, `hm_acl_resource`.`name` AS `name`, `hm_acl_resource`.`controller` AS `controller`, `hm_acl_resource`.`action` AS `action`, `hm_acl_resource`.`sort` AS `sort`, `hm_acl_resource`.`icon` AS `icon` FROM `hm_acl_resource` WHERE `hm_acl_resource`.`pid` = :pid AND `hm_acl_resource`.`isshow` = :isshow ORDER BY `hm_acl_resource`.`sort`
[Sat, 28 May 16 20:14:14 +0800][INFO] SELECT IF(COUNT(*) > 0, 1, 0) FROM `INFORMATION_SCHEMA`.`TABLES` WHERE `TABLE_NAME` = 'hm_acl_resource' AND `TABLE_SCHEMA` = DATABASE()
[Sat, 28 May 16 20:14:14 +0800][INFO] DESCRIBE `hm_acl_resource`
[Sat, 28 May 16 20:14:14 +0800][INFO] SELECT `hm_acl_resource`.`id`, `hm_acl_resource`.`name`, `hm_acl_resource`.`controller`, `hm_acl_resource`.`action`, `hm_acl_resource`.`isshow`, `hm_acl_resource`.`pid`, `hm_acl_resource`.`sort`, `hm_acl_resource`.`icon` FROM `hm_acl_resource` WHERE `hm_acl_resource`.`id` IN (1, 10, 2, 4, 5, 6, 7, 8, 9, 3, 11, 13, 14, 12)
[Sat, 28 May 16 20:14:14 +0800][INFO] UPDATE `hm_acl_resource` SET `sort` = CASE `hm_acl_resource`.`id` WHEN 1 THEN 1 WHEN 10 THEN 1 WHEN 2 THEN 2 WHEN 4 THEN 1 WHEN 5 THEN 1 WHEN 6 THEN 2 WHEN 7 THEN 3 WHEN 8 THEN 4 WHEN 9 THEN 2 WHEN 3 THEN 3 WHEN 11 THEN 1 WHEN 13 THEN 211 WHEN 14 THEN 1 WHEN 12 THEN 18 END WHERE `id` = ?
[Sat, 28 May 16 20:14:14 +0800][INFO] UPDATE `hm_acl_resource` SET `sort` = CASE `hm_acl_resource`.`id` WHEN 1 THEN 1 WHEN 10 THEN 1 WHEN 2 THEN 2 WHEN 4 THEN 1 WHEN 5 THEN 1 WHEN 6 THEN 2 WHEN 7 THEN 3 WHEN 8 THEN 4 WHEN 9 THEN 2 WHEN 3 THEN 3 WHEN 11 THEN 1 WHEN 13 THEN 211 WHEN 14 THEN 1 WHEN 12 THEN 18 END WHERE `id` = ?
[Sat, 28 May 16 20:14:14 +0800][INFO] UPDATE `hm_acl_resource` SET `sort` = CASE `hm_acl_resource`.`id` WHEN 1 THEN 1 WHEN 10 THEN 1 WHEN 2 THEN 2 WHEN 4 THEN 1 WHEN 5 THEN 1 WHEN 6 THEN 2 WHEN 7 THEN 3 WHEN 8 THEN 4 WHEN 9 THEN 2 WHEN 3 THEN 3 WHEN 11 THEN 1 WHEN 13 THEN 211 WHEN 14 THEN 1 WHEN 12 THEN 18 END WHERE `id` = ?
[Sat, 28 May 16 20:14:14 +0800][INFO] UPDATE `hm_acl_resource` SET `sort` = CASE `hm_acl_resource`.`id` WHEN 1 THEN 1 WHEN 10 THEN 1 WHEN 2 THEN 2 WHEN 4 THEN 1 WHEN 5 THEN 1 WHEN 6 THEN 2 WHEN 7 THEN 3 WHEN 8 THEN 4 WHEN 9 THEN 2 WHEN 3 THEN 3 WHEN 11 THEN 1 WHEN 13 THEN 211 WHEN 14 THEN 1 WHEN 12 THEN 18 END WHERE `id` = ?
[Sat, 28 May 16 20:14:14 +0800][INFO] UPDATE `hm_acl_resource` SET `sort` = CASE `hm_acl_resource`.`id` WHEN 1 THEN 1 WHEN 10 THEN 1 WHEN 2 THEN 2 WHEN 4 THEN 1 WHEN 5 THEN 1 WHEN 6 THEN 2 WHEN 7 THEN 3 WHEN 8 THEN 4 WHEN 9 THEN 2 WHEN 3 THEN 3 WHEN 11 THEN 1 WHEN 13 THEN 211 WHEN 14 THEN 1 WHEN 12 THEN 18 END WHERE `id` = ?
[Sat, 28 May 16 20:14:14 +0800][INFO] UPDATE `hm_acl_resource` SET `sort` = CASE `hm_acl_resource`.`id` WHEN 1 THEN 1 WHEN 10 THEN 1 WHEN 2 THEN 2 WHEN 4 THEN 1 WHEN 5 THEN 1 WHEN 6 THEN 2 WHEN 7 THEN 3 WHEN 8 THEN 4 WHEN 9 THEN 2 WHEN 3 THEN 3 WHEN 11 THEN 1 WHEN 13 THEN 211 WHEN 14 THEN 1 WHEN 12 THEN 18 END WHERE `id` = ?
[Sat, 28 May 16 20:14:14 +0800][INFO] UPDATE `hm_acl_resource` SET `sort` = CASE `hm_acl_resource`.`id` WHEN 1 THEN 1 WHEN 10 THEN 1 WHEN 2 THEN 2 WHEN 4 THEN 1 WHEN 5 THEN 1 WHEN 6 THEN 2 WHEN 7 THEN 3 WHEN 8 THEN 4 WHEN 9 THEN 2 WHEN 3 THEN 3 WHEN 11 THEN 1 WHEN 13 THEN 211 WHEN 14 THEN 1 WHEN 12 THEN 18 END WHERE `id` = ?
[Sat, 28 May 16 20:14:14 +0800][INFO] UPDATE `hm_acl_resource` SET `sort` = CASE `hm_acl_resource`.`id` WHEN 1 THEN 1 WHEN 10 THEN 1 WHEN 2 THEN 2 WHEN 4 THEN 1 WHEN 5 THEN 1 WHEN 6 THEN 2 WHEN 7 THEN 3 WHEN 8 THEN 4 WHEN 9 THEN 2 WHEN 3 THEN 3 WHEN 11 THEN 1 WHEN 13 THEN 211 WHEN 14 THEN 1 WHEN 12 THEN 18 END WHERE `id` = ?
[Sat, 28 May 16 20:14:14 +0800][INFO] UPDATE `hm_acl_resource` SET `sort` = CASE `hm_acl_resource`.`id` WHEN 1 THEN 1 WHEN 10 THEN 1 WHEN 2 THEN 2 WHEN 4 THEN 1 WHEN 5 THEN 1 WHEN 6 THEN 2 WHEN 7 THEN 3 WHEN 8 THEN 4 WHEN 9 THEN 2 WHEN 3 THEN 3 WHEN 11 THEN 1 WHEN 13 THEN 211 WHEN 14 THEN 1 WHEN 12 THEN 18 END WHERE `id` = ?
[Sat, 28 May 16 20:14:14 +0800][INFO] UPDATE `hm_acl_resource` SET `sort` = CASE `hm_acl_resource`.`id` WHEN 1 THEN 1 WHEN 10 THEN 1 WHEN 2 THEN 2 WHEN 4 THEN 1 WHEN 5 THEN 1 WHEN 6 THEN 2 WHEN 7 THEN 3 WHEN 8 THEN 4 WHEN 9 THEN 2 WHEN 3 THEN 3 WHEN 11 THEN 1 WHEN 13 THEN 211 WHEN 14 THEN 1 WHEN 12 THEN 18 END WHERE `id` = ?
[Sat, 28 May 16 20:14:14 +0800][INFO] UPDATE `hm_acl_resource` SET `sort` = CASE `hm_acl_resource`.`id` WHEN 1 THEN 1 WHEN 10 THEN 1 WHEN 2 THEN 2 WHEN 4 THEN 1 WHEN 5 THEN 1 WHEN 6 THEN 2 WHEN 7 THEN 3 WHEN 8 THEN 4 WHEN 9 THEN 2 WHEN 3 THEN 3 WHEN 11 THEN 1 WHEN 13 THEN 211 WHEN 14 THEN 1 WHEN 12 THEN 18 END WHERE `id` = ?
[Sat, 28 May 16 20:14:14 +0800][INFO] UPDATE `hm_acl_resource` SET `sort` = CASE `hm_acl_resource`.`id` WHEN 1 THEN 1 WHEN 10 THEN 1 WHEN 2 THEN 2 WHEN 4 THEN 1 WHEN 5 THEN 1 WHEN 6 THEN 2 WHEN 7 THEN 3 WHEN 8 THEN 4 WHEN 9 THEN 2 WHEN 3 THEN 3 WHEN 11 THEN 1 WHEN 13 THEN 211 WHEN 14 THEN 1 WHEN 12 THEN 18 END WHERE `id` = ?
[Sat, 28 May 16 20:14:14 +0800][INFO] UPDATE `hm_acl_resource` SET `sort` = CASE `hm_acl_resource`.`id` WHEN 1 THEN 1 WHEN 10 THEN 1 WHEN 2 THEN 2 WHEN 4 THEN 1 WHEN 5 THEN 1 WHEN 6 THEN 2 WHEN 7 THEN 3 WHEN 8 THEN 4 WHEN 9 THEN 2 WHEN 3 THEN 3 WHEN 11 THEN 1 WHEN 13 THEN 211 WHEN 14 THEN 1 WHEN 12 THEN 18 END WHERE `id` = ?
[Sat, 28 May 16 20:14:14 +0800][INFO] UPDATE `hm_acl_resource` SET `sort` = CASE `hm_acl_resource`.`id` WHEN 1 THEN 1 WHEN 10 THEN 1 WHEN 2 THEN 2 WHEN 4 THEN 1 WHEN 5 THEN 1 WHEN 6 THEN 2 WHEN 7 THEN 3 WHEN 8 THEN 4 WHEN 9 THEN 2 WHEN 3 THEN 3 WHEN 11 THEN 1 WHEN 13 THEN 211 WHEN 14 THEN 1 WHEN 12 THEN 18 END WHERE `id` = ?
[Sat, 28 May 16 20:14:14 +0800][INFO] SELECT IF(COUNT(*) > 0, 1, 0) FROM `INFORMATION_SCHEMA`.`TABLES` WHERE `TABLE_NAME` = 'hm_operate_log' AND `TABLE_SCHEMA` = DATABASE()
[Sat, 28 May 16 20:14:14 +0800][INFO] DESCRIBE `hm_operate_log`
[Sat, 28 May 16 20:14:14 +0800][INFO] INSERT INTO `hm_operate_log` (`username`, `ip`, `time`, `country`, `useragent`, `info`, `get`, `status`) VALUES (DEFAULT, ?, ?, ?, ?, ?, ?, ?)
[Sat, 28 May 16 20:14:17 +0800][INFO] SELECT IF(COUNT(*) > 0, 1, 0) FROM `INFORMATION_SCHEMA`.`TABLES` WHERE `TABLE_NAME` = 'hm_acl_resource' AND `TABLE_SCHEMA` = DATABASE()
[Sat, 28 May 16 20:14:17 +0800][INFO] DESCRIBE `hm_acl_resource`
[Sat, 28 May 16 20:14:17 +0800][INFO] SELECT `hm_acl_resource`.`id`, `hm_acl_resource`.`name`, `hm_acl_resource`.`controller`, `hm_acl_resource`.`action`, `hm_acl_resource`.`isshow`, `hm_acl_resource`.`pid`, `hm_acl_resource`.`sort`, `hm_acl_resource`.`icon` FROM `hm_acl_resource` ORDER BY `hm_acl_resource`.`sort`
[Sat, 28 May 16 20:16:49 +0800][INFO] SELECT IF(COUNT(*) > 0, 1, 0) FROM `INFORMATION_SCHEMA`.`TABLES` WHERE `TABLE_NAME` = 'hm_acl_resource' AND `TABLE_SCHEMA` = DATABASE()
[Sat, 28 May 16 20:16:49 +0800][INFO] DESCRIBE `hm_acl_resource`
[Sat, 28 May 16 20:16:49 +0800][INFO] SELECT `hm_acl_resource`.`id`, `hm_acl_resource`.`name`, `hm_acl_resource`.`controller`, `hm_acl_resource`.`action`, `hm_acl_resource`.`isshow`, `hm_acl_resource`.`pid`, `hm_acl_resource`.`sort`, `hm_acl_resource`.`icon` FROM `hm_acl_resource` ORDER BY `hm_acl_resource`.`sort`
[Sat, 28 May 16 20:22:08 +0800][INFO] SELECT IF(COUNT(*) > 0, 1, 0) FROM `INFORMATION_SCHEMA`.`TABLES` WHERE `TABLE_NAME` = 'hm_acl_resource' AND `TABLE_SCHEMA` = DATABASE()
[Sat, 28 May 16 20:22:08 +0800][INFO] DESCRIBE `hm_acl_resource`
[Sat, 28 May 16 20:22:08 +0800][INFO] SELECT `hm_acl_resource`.`id`, `hm_acl_resource`.`name`, `hm_acl_resource`.`controller`, `hm_acl_resource`.`action`, `hm_acl_resource`.`isshow`, `hm_acl_resource`.`pid`, `hm_acl_resource`.`sort`, `hm_acl_resource`.`icon` FROM `hm_acl_resource` ORDER BY `hm_acl_resource`.`sort`
[Sat, 28 May 16 20:24:32 +0800][INFO] SELECT IF(COUNT(*) > 0, 1, 0) FROM `INFORMATION_SCHEMA`.`TABLES` WHERE `TABLE_NAME` = 'hm_acl_resource' AND `TABLE_SCHEMA` = DATABASE()
[Sat, 28 May 16 20:24:32 +0800][INFO] DESCRIBE `hm_acl_resource`
[Sat, 28 May 16 20:24:32 +0800][INFO] SELECT `hm_acl_resource`.`id`, `hm_acl_resource`.`name`, `hm_acl_resource`.`controller`, `hm_acl_resource`.`action`, `hm_acl_resource`.`isshow`, `hm_acl_resource`.`pid`, `hm_acl_resource`.`sort`, `hm_acl_resource`.`icon` FROM `hm_acl_resource` ORDER BY `hm_acl_resource`.`sort`
[Sat, 28 May 16 20:24:34 +0800][INFO] SELECT IF(COUNT(*) > 0, 1, 0) FROM `INFORMATION_SCHEMA`.`TABLES` WHERE `TABLE_NAME` = 'hm_acl_resource' AND `TABLE_SCHEMA` = DATABASE()
[Sat, 28 May 16 20:24:34 +0800][INFO] DESCRIBE `hm_acl_resource`
[Sat, 28 May 16 20:24:34 +0800][INFO] SELECT `hm_acl_resource`.`id`, `hm_acl_resource`.`name`, `hm_acl_resource`.`controller`, `hm_acl_resource`.`action`, `hm_acl_resource`.`isshow`, `hm_acl_resource`.`pid`, `hm_acl_resource`.`sort`, `hm_acl_resource`.`icon` FROM `hm_acl_resource` ORDER BY `hm_acl_resource`.`sort`
[Sat, 28 May 16 20:37:14 +0800][INFO] SELECT IF(COUNT(*) > 0, 1, 0) FROM `INFORMATION_SCHEMA`.`TABLES` WHERE `TABLE_NAME` = 'hm_acl_resource' AND `TABLE_SCHEMA` = DATABASE()
[Sat, 28 May 16 20:37:14 +0800][INFO] DESCRIBE `hm_acl_resource`
[Sat, 28 May 16 20:37:14 +0800][INFO] SELECT `hm_acl_resource`.`id`, `hm_acl_resource`.`name`, `hm_acl_resource`.`controller`, `hm_acl_resource`.`action`, `hm_acl_resource`.`isshow`, `hm_acl_resource`.`pid`, `hm_acl_resource`.`sort`, `hm_acl_resource`.`icon` FROM `hm_acl_resource` ORDER BY `hm_acl_resource`.`sort`
[Sat, 28 May 16 20:37:42 +0800][INFO] SELECT `hm_acl_resource`.`id` AS `id`, `hm_acl_resource`.`pid` AS `pid` FROM `hm_acl_resource`
[Sat, 28 May 16 20:39:27 +0800][INFO] SELECT IF(COUNT(*) > 0, 1, 0) FROM `INFORMATION_SCHEMA`.`TABLES` WHERE `TABLE_NAME` = 'hm_acl_resource' AND `TABLE_SCHEMA` = DATABASE()
[Sat, 28 May 16 20:39:27 +0800][INFO] DESCRIBE `hm_acl_resource`
[Sat, 28 May 16 20:39:27 +0800][INFO] SELECT `hm_acl_resource`.`id`, `hm_acl_resource`.`name`, `hm_acl_resource`.`controller`, `hm_acl_resource`.`action`, `hm_acl_resource`.`isshow`, `hm_acl_resource`.`pid`, `hm_acl_resource`.`sort`, `hm_acl_resource`.`icon` FROM `hm_acl_resource` ORDER BY `hm_acl_resource`.`sort`
[Sat, 28 May 16 20:39:42 +0800][INFO] SELECT `hm_acl_resource`.`id` AS `id`, `hm_acl_resource`.`pid` AS `pid` FROM `hm_acl_resource`
[Sat, 28 May 16 20:40:50 +0800][INFO] SELECT `hm_acl_resource`.`id` AS `id`, `hm_acl_resource`.`pid` AS `pid` FROM `hm_acl_resource`
[Sat, 28 May 16 20:41:03 +0800][INFO] SELECT `hm_acl_resource`.`id` AS `id`, `hm_acl_resource`.`pid` AS `pid` FROM `hm_acl_resource`
[Sat, 28 May 16 20:41:53 +0800][INFO] SELECT `hm_acl_resource`.`id` AS `id`, `hm_acl_resource`.`pid` AS `pid` FROM `hm_acl_resource`
[Sat, 28 May 16 20:42:59 +0800][INFO] SELECT `hm_acl_resource`.`id` AS `id`, `hm_acl_resource`.`pid` AS `pid` FROM `hm_acl_resource`
[Sat, 28 May 16 20:43:18 +0800][INFO] SELECT IF(COUNT(*) > 0, 1, 0) FROM `INFORMATION_SCHEMA`.`TABLES` WHERE `TABLE_NAME` = 'hm_acl_resource' AND `TABLE_SCHEMA` = DATABASE()
[Sat, 28 May 16 20:43:18 +0800][INFO] DESCRIBE `hm_acl_resource`
[Sat, 28 May 16 20:43:18 +0800][INFO] SELECT `hm_acl_resource`.`id`, `hm_acl_resource`.`name`, `hm_acl_resource`.`controller`, `hm_acl_resource`.`action`, `hm_acl_resource`.`isshow`, `hm_acl_resource`.`pid`, `hm_acl_resource`.`sort`, `hm_acl_resource`.`icon` FROM `hm_acl_resource` ORDER BY `hm_acl_resource`.`sort`
[Sat, 28 May 16 20:43:24 +0800][INFO] SELECT `hm_acl_resource`.`id` AS `id`, `hm_acl_resource`.`pid` AS `pid` FROM `hm_acl_resource`
[Sat, 28 May 16 20:43:53 +0800][INFO] SELECT `hm_acl_resource`.`id` AS `id`, `hm_acl_resource`.`pid` AS `pid` FROM `hm_acl_resource`
[Sat, 28 May 16 20:44:10 +0800][INFO] SELECT `hm_acl_resource`.`id` AS `id`, `hm_acl_resource`.`pid` AS `pid` FROM `hm_acl_resource`
[Sat, 28 May 16 20:45:36 +0800][INFO] SELECT `hm_acl_resource`.`id` AS `id`, `hm_acl_resource`.`pid` AS `pid` FROM `hm_acl_resource`
[Sat, 28 May 16 20:45:50 +0800][INFO] SELECT `hm_acl_resource`.`id` AS `id`, `hm_acl_resource`.`pid` AS `pid` FROM `hm_acl_resource`
[Sat, 28 May 16 20:49:47 +0800][INFO] SELECT IF(COUNT(*) > 0, 1, 0) FROM `INFORMATION_SCHEMA`.`TABLES` WHERE `TABLE_NAME` = 'hm_acl_resource' AND `TABLE_SCHEMA` = DATABASE()
[Sat, 28 May 16 20:49:47 +0800][INFO] DESCRIBE `hm_acl_resource`
[Sat, 28 May 16 20:49:47 +0800][INFO] SELECT `hm_acl_resource`.`id`, `hm_acl_resource`.`name`, `hm_acl_resource`.`controller`, `hm_acl_resource`.`action`, `hm_acl_resource`.`isshow`, `hm_acl_resource`.`pid`, `hm_acl_resource`.`sort`, `hm_acl_resource`.`icon` FROM `hm_acl_resource` ORDER BY `hm_acl_resource`.`sort`
[Sat, 28 May 16 20:49:52 +0800][INFO] SELECT `hm_acl_resource`.`id` AS `id`, `hm_acl_resource`.`pid` AS `pid` FROM `hm_acl_resource`
[Sat, 28 May 16 20:51:46 +0800][INFO] SELECT IF(COUNT(*) > 0, 1, 0) FROM `INFORMATION_SCHEMA`.`TABLES` WHERE `TABLE_NAME` = 'hm_acl_resource' AND `TABLE_SCHEMA` = DATABASE()
[Sat, 28 May 16 20:51:46 +0800][INFO] DESCRIBE `hm_acl_resource`
[Sat, 28 May 16 20:51:46 +0800][INFO] SELECT `hm_acl_resource`.`id`, `hm_acl_resource`.`name`, `hm_acl_resource`.`controller`, `hm_acl_resource`.`action`, `hm_acl_resource`.`isshow`, `hm_acl_resource`.`pid`, `hm_acl_resource`.`sort`, `hm_acl_resource`.`icon` FROM `hm_acl_resource` ORDER BY `hm_acl_resource`.`sort`
[Sat, 28 May 16 20:52:04 +0800][INFO] SELECT `hm_acl_resource`.`id` AS `id`, `hm_acl_resource`.`pid` AS `pid` FROM `hm_acl_resource`
[Sat, 28 May 16 20:52:04 +0800][INFO] SELECT IF(COUNT(*) > 0, 1, 0) FROM `INFORMATION_SCHEMA`.`TABLES` WHERE `TABLE_NAME` = 'hm_acl_resource' AND `TABLE_SCHEMA` = DATABASE()
[Sat, 28 May 16 20:52:04 +0800][INFO] DESCRIBE `hm_acl_resource`
[Sat, 28 May 16 20:52:04 +0800][INFO] SELECT `hm_acl_resource`.`id`, `hm_acl_resource`.`name`, `hm_acl_resource`.`controller`, `hm_acl_resource`.`action`, `hm_acl_resource`.`isshow`, `hm_acl_resource`.`pid`, `hm_acl_resource`.`sort`, `hm_acl_resource`.`icon` FROM `hm_acl_resource` WHERE `hm_acl_resource`.`id` IN (12)
[Sat, 28 May 16 20:52:04 +0800][INFO] DELETE FROM `hm_acl_resource` WHERE `id` = ?
[Sat, 28 May 16 20:52:04 +0800][INFO] SELECT IF(COUNT(*) > 0, 1, 0) FROM `INFORMATION_SCHEMA`.`TABLES` WHERE `TABLE_NAME` = 'hm_operate_log' AND `TABLE_SCHEMA` = DATABASE()
[Sat, 28 May 16 20:52:04 +0800][INFO] DESCRIBE `hm_operate_log`
[Sat, 28 May 16 20:52:04 +0800][INFO] INSERT INTO `hm_operate_log` (`username`, `ip`, `time`, `country`, `useragent`, `info`, `get`, `status`) VALUES (DEFAULT, ?, ?, ?, ?, ?, ?, ?)
[Sat, 28 May 16 20:52:39 +0800][INFO] SELECT IF(COUNT(*) > 0, 1, 0) FROM `INFORMATION_SCHEMA`.`TABLES` WHERE `TABLE_NAME` = 'hm_acl_resource' AND `TABLE_SCHEMA` = DATABASE()
[Sat, 28 May 16 20:52:39 +0800][INFO] DESCRIBE `hm_acl_resource`
[Sat, 28 May 16 20:52:39 +0800][INFO] SELECT `hm_acl_resource`.`id`, `hm_acl_resource`.`name`, `hm_acl_resource`.`controller`, `hm_acl_resource`.`action`, `hm_acl_resource`.`isshow`, `hm_acl_resource`.`pid`, `hm_acl_resource`.`sort`, `hm_acl_resource`.`icon` FROM `hm_acl_resource` WHERE `hm_acl_resource`.`id` IN (1, 10, 2, 4, 5, 6, 7, 8, 9, 3, 11, 13, 14, 12)
[Sat, 28 May 16 20:52:39 +0800][INFO] UPDATE `hm_acl_resource` SET `sort` = CASE `hm_acl_resource`.`id` WHEN 1 THEN 1 WHEN 10 THEN 1 WHEN 2 THEN 2 WHEN 4 THEN 1 WHEN 5 THEN 1 WHEN 6 THEN 2 WHEN 7 THEN 3 WHEN 8 THEN 4 WHEN 9 THEN 2 WHEN 3 THEN 3 WHEN 11 THEN 1 WHEN 13 THEN 211 WHEN 14 THEN 1 WHEN 12 THEN 18 END WHERE `id` = ?
[Sat, 28 May 16 20:52:39 +0800][INFO] UPDATE `hm_acl_resource` SET `sort` = CASE `hm_acl_resource`.`id` WHEN 1 THEN 1 WHEN 10 THEN 1 WHEN 2 THEN 2 WHEN 4 THEN 1 WHEN 5 THEN 1 WHEN 6 THEN 2 WHEN 7 THEN 3 WHEN 8 THEN 4 WHEN 9 THEN 2 WHEN 3 THEN 3 WHEN 11 THEN 1 WHEN 13 THEN 211 WHEN 14 THEN 1 WHEN 12 THEN 18 END WHERE `id` = ?
[Sat, 28 May 16 20:52:39 +0800][INFO] UPDATE `hm_acl_resource` SET `sort` = CASE `hm_acl_resource`.`id` WHEN 1 THEN 1 WHEN 10 THEN 1 WHEN 2 THEN 2 WHEN 4 THEN 1 WHEN 5 THEN 1 WHEN 6 THEN 2 WHEN 7 THEN 3 WHEN 8 THEN 4 WHEN 9 THEN 2 WHEN 3 THEN 3 WHEN 11 THEN 1 WHEN 13 THEN 211 WHEN 14 THEN 1 WHEN 12 THEN 18 END WHERE `id` = ?
[Sat, 28 May 16 20:52:39 +0800][INFO] UPDATE `hm_acl_resource` SET `sort` = CASE `hm_acl_resource`.`id` WHEN 1 THEN 1 WHEN 10 THEN 1 WHEN 2 THEN 2 WHEN 4 THEN 1 WHEN 5 THEN 1 WHEN 6 THEN 2 WHEN 7 THEN 3 WHEN 8 THEN 4 WHEN 9 THEN 2 WHEN 3 THEN 3 WHEN 11 THEN 1 WHEN 13 THEN 211 WHEN 14 THEN 1 WHEN 12 THEN 18 END WHERE `id` = ?
[Sat, 28 May 16 20:52:39 +0800][INFO] UPDATE `hm_acl_resource` SET `sort` = CASE `hm_acl_resource`.`id` WHEN 1 THEN 1 WHEN 10 THEN 1 WHEN 2 THEN 2 WHEN 4 THEN 1 WHEN 5 THEN 1 WHEN 6 THEN 2 WHEN 7 THEN 3 WHEN 8 THEN 4 WHEN 9 THEN 2 WHEN 3 THEN 3 WHEN 11 THEN 1 WHEN 13 THEN 211 WHEN 14 THEN 1 WHEN 12 THEN 18 END WHERE `id` = ?
[Sat, 28 May 16 20:52:39 +0800][INFO] UPDATE `hm_acl_resource` SET `sort` = CASE `hm_acl_resource`.`id` WHEN 1 THEN 1 WHEN 10 THEN 1 WHEN 2 THEN 2 WHEN 4 THEN 1 WHEN 5 THEN 1 WHEN 6 THEN 2 WHEN 7 THEN 3 WHEN 8 THEN 4 WHEN 9 THEN 2 WHEN 3 THEN 3 WHEN 11 THEN 1 WHEN 13 THEN 211 WHEN 14 THEN 1 WHEN 12 THEN 18 END WHERE `id` = ?
[Sat, 28 May 16 20:52:39 +0800][INFO] UPDATE `hm_acl_resource` SET `sort` = CASE `hm_acl_resource`.`id` WHEN 1 THEN 1 WHEN 10 THEN 1 WHEN 2 THEN 2 WHEN 4 THEN 1 WHEN 5 THEN 1 WHEN 6 THEN 2 WHEN 7 THEN 3 WHEN 8 THEN 4 WHEN 9 THEN 2 WHEN 3 THEN 3 WHEN 11 THEN 1 WHEN 13 THEN 211 WHEN 14 THEN 1 WHEN 12 THEN 18 END WHERE `id` = ?
[Sat, 28 May 16 20:52:39 +0800][INFO] UPDATE `hm_acl_resource` SET `sort` = CASE `hm_acl_resource`.`id` WHEN 1 THEN 1 WHEN 10 THEN 1 WHEN 2 THEN 2 WHEN 4 THEN 1 WHEN 5 THEN 1 WHEN 6 THEN 2 WHEN 7 THEN 3 WHEN 8 THEN 4 WHEN 9 THEN 2 WHEN 3 THEN 3 WHEN 11 THEN 1 WHEN 13 THEN 211 WHEN 14 THEN 1 WHEN 12 THEN 18 END WHERE `id` = ?
[Sat, 28 May 16 20:52:39 +0800][INFO] UPDATE `hm_acl_resource` SET `sort` = CASE `hm_acl_resource`.`id` WHEN 1 THEN 1 WHEN 10 THEN 1 WHEN 2 THEN 2 WHEN 4 THEN 1 WHEN 5 THEN 1 WHEN 6 THEN 2 WHEN 7 THEN 3 WHEN 8 THEN 4 WHEN 9 THEN 2 WHEN 3 THEN 3 WHEN 11 THEN 1 WHEN 13 THEN 211 WHEN 14 THEN 1 WHEN 12 THEN 18 END WHERE `id` = ?
[Sat, 28 May 16 20:52:39 +0800][INFO] UPDATE `hm_acl_resource` SET `sort` = CASE `hm_acl_resource`.`id` WHEN 1 THEN 1 WHEN 10 THEN 1 WHEN 2 THEN 2 WHEN 4 THEN 1 WHEN 5 THEN 1 WHEN 6 THEN 2 WHEN 7 THEN 3 WHEN 8 THEN 4 WHEN 9 THEN 2 WHEN 3 THEN 3 WHEN 11 THEN 1 WHEN 13 THEN 211 WHEN 14 THEN 1 WHEN 12 THEN 18 END WHERE `id` = ?
[Sat, 28 May 16 20:52:39 +0800][INFO] UPDATE `hm_acl_resource` SET `sort` = CASE `hm_acl_resource`.`id` WHEN 1 THEN 1 WHEN 10 THEN 1 WHEN 2 THEN 2 WHEN 4 THEN 1 WHEN 5 THEN 1 WHEN 6 THEN 2 WHEN 7 THEN 3 WHEN 8 THEN 4 WHEN 9 THEN 2 WHEN 3 THEN 3 WHEN 11 THEN 1 WHEN 13 THEN 211 WHEN 14 THEN 1 WHEN 12 THEN 18 END WHERE `id` = ?
[Sat, 28 May 16 20:52:39 +0800][INFO] UPDATE `hm_acl_resource` SET `sort` = CASE `hm_acl_resource`.`id` WHEN 1 THEN 1 WHEN 10 THEN 1 WHEN 2 THEN 2 WHEN 4 THEN 1 WHEN 5 THEN 1 WHEN 6 THEN 2 WHEN 7 THEN 3 WHEN 8 THEN 4 WHEN 9 THEN 2 WHEN 3 THEN 3 WHEN 11 THEN 1 WHEN 13 THEN 211 WHEN 14 THEN 1 WHEN 12 THEN 18 END WHERE `id` = ?
[Sat, 28 May 16 20:52:39 +0800][INFO] UPDATE `hm_acl_resource` SET `sort` = CASE `hm_acl_resource`.`id` WHEN 1 THEN 1 WHEN 10 THEN 1 WHEN 2 THEN 2 WHEN 4 THEN 1 WHEN 5 THEN 1 WHEN 6 THEN 2 WHEN 7 THEN 3 WHEN 8 THEN 4 WHEN 9 THEN 2 WHEN 3 THEN 3 WHEN 11 THEN 1 WHEN 13 THEN 211 WHEN 14 THEN 1 WHEN 12 THEN 18 END WHERE `id` = ?
[Sat, 28 May 16 20:52:39 +0800][INFO] SELECT IF(COUNT(*) > 0, 1, 0) FROM `INFORMATION_SCHEMA`.`TABLES` WHERE `TABLE_NAME` = 'hm_operate_log' AND `TABLE_SCHEMA` = DATABASE()
[Sat, 28 May 16 20:52:39 +0800][INFO] DESCRIBE `hm_operate_log`
[Sat, 28 May 16 20:52:39 +0800][INFO] INSERT INTO `hm_operate_log` (`username`, `ip`, `time`, `country`, `useragent`, `info`, `get`, `status`) VALUES (DEFAULT, ?, ?, ?, ?, ?, ?, ?)
[Sat, 28 May 16 20:53:31 +0800][INFO] SELECT IF(COUNT(*) > 0, 1, 0) FROM `INFORMATION_SCHEMA`.`TABLES` WHERE `TABLE_NAME` = 'hm_acl_resource' AND `TABLE_SCHEMA` = DATABASE()
[Sat, 28 May 16 20:53:31 +0800][INFO] DESCRIBE `hm_acl_resource`
[Sat, 28 May 16 20:53:31 +0800][INFO] SELECT `hm_acl_resource`.`id`, `hm_acl_resource`.`name`, `hm_acl_resource`.`controller`, `hm_acl_resource`.`action`, `hm_acl_resource`.`isshow`, `hm_acl_resource`.`pid`, `hm_acl_resource`.`sort`, `hm_acl_resource`.`icon` FROM `hm_acl_resource` ORDER BY `hm_acl_resource`.`sort`
[Sat, 28 May 16 20:53:41 +0800][INFO] SELECT `hm_acl_resource`.`id` AS `id`, `hm_acl_resource`.`pid` AS `pid` FROM `hm_acl_resource`
[Sat, 28 May 16 20:53:41 +0800][INFO] SELECT IF(COUNT(*) > 0, 1, 0) FROM `INFORMATION_SCHEMA`.`TABLES` WHERE `TABLE_NAME` = 'hm_acl_resource' AND `TABLE_SCHEMA` = DATABASE()
[Sat, 28 May 16 20:53:41 +0800][INFO] DESCRIBE `hm_acl_resource`
[Sat, 28 May 16 20:53:41 +0800][INFO] SELECT `hm_acl_resource`.`id`, `hm_acl_resource`.`name`, `hm_acl_resource`.`controller`, `hm_acl_resource`.`action`, `hm_acl_resource`.`isshow`, `hm_acl_resource`.`pid`, `hm_acl_resource`.`sort`, `hm_acl_resource`.`icon` FROM `hm_acl_resource` WHERE `hm_acl_resource`.`id` IN (13, 14, 11)
[Sat, 28 May 16 20:53:41 +0800][INFO] DELETE FROM `hm_acl_resource` WHERE `id` = ?
[Sat, 28 May 16 20:53:41 +0800][INFO] DELETE FROM `hm_acl_resource` WHERE `id` = ?
[Sat, 28 May 16 20:53:41 +0800][INFO] DELETE FROM `hm_acl_resource` WHERE `id` = ?
[Sat, 28 May 16 20:53:41 +0800][INFO] SELECT IF(COUNT(*) > 0, 1, 0) FROM `INFORMATION_SCHEMA`.`TABLES` WHERE `TABLE_NAME` = 'hm_operate_log' AND `TABLE_SCHEMA` = DATABASE()
[Sat, 28 May 16 20:53:41 +0800][INFO] DESCRIBE `hm_operate_log`
[Sat, 28 May 16 20:53:41 +0800][INFO] INSERT INTO `hm_operate_log` (`username`, `ip`, `time`, `country`, `useragent`, `info`, `get`, `status`) VALUES (DEFAULT, ?, ?, ?, ?, ?, ?, ?)
[Sat, 28 May 16 20:53:44 +0800][INFO] SELECT IF(COUNT(*) > 0, 1, 0) FROM `INFORMATION_SCHEMA`.`TABLES` WHERE `TABLE_NAME` = 'hm_acl_resource' AND `TABLE_SCHEMA` = DATABASE()
[Sat, 28 May 16 20:53:44 +0800][INFO] DESCRIBE `hm_acl_resource`
[Sat, 28 May 16 20:53:44 +0800][INFO] SELECT `hm_acl_resource`.`id`, `hm_acl_resource`.`name`, `hm_acl_resource`.`controller`, `hm_acl_resource`.`action`, `hm_acl_resource`.`isshow`, `hm_acl_resource`.`pid`, `hm_acl_resource`.`sort`, `hm_acl_resource`.`icon` FROM `hm_acl_resource` ORDER BY `hm_acl_resource`.`sort`
[Sat, 28 May 16 20:58:44 +0800][INFO] SELECT IF(COUNT(*) > 0, 1, 0) FROM `INFORMATION_SCHEMA`.`TABLES` WHERE `TABLE_NAME` = 'hm_acl_resource' AND `TABLE_SCHEMA` = DATABASE()
[Sat, 28 May 16 20:58:44 +0800][INFO] DESCRIBE `hm_acl_resource`
[Sat, 28 May 16 20:58:44 +0800][INFO] SELECT `hm_acl_resource`.`id`, `hm_acl_resource`.`name`, `hm_acl_resource`.`controller`, `hm_acl_resource`.`action`, `hm_acl_resource`.`isshow`, `hm_acl_resource`.`pid`, `hm_acl_resource`.`sort`, `hm_acl_resource`.`icon` FROM `hm_acl_resource` ORDER BY `hm_acl_resource`.`sort` ASC
[Sat, 28 May 16 21:00:08 +0800][INFO] SELECT IF(COUNT(*) > 0, 1, 0) FROM `INFORMATION_SCHEMA`.`TABLES` WHERE `TABLE_NAME` = 'hm_acl_resource' AND `TABLE_SCHEMA` = DATABASE()
[Sat, 28 May 16 21:00:08 +0800][INFO] DESCRIBE `hm_acl_resource`
[Sat, 28 May 16 21:00:08 +0800][INFO] SELECT `hm_acl_resource`.`id`, `hm_acl_resource`.`name`, `hm_acl_resource`.`controller`, `hm_acl_resource`.`action`, `hm_acl_resource`.`isshow`, `hm_acl_resource`.`pid`, `hm_acl_resource`.`sort`, `hm_acl_resource`.`icon` FROM `hm_acl_resource` ORDER BY `hm_acl_resource`.`sort` DESC
[Sat, 28 May 16 21:35:42 +0800][INFO] SELECT IF(COUNT(*) > 0, 1, 0) FROM `INFORMATION_SCHEMA`.`TABLES` WHERE `TABLE_NAME` = 'hm_acl_resource' AND `TABLE_SCHEMA` = DATABASE()
[Sat, 28 May 16 21:35:42 +0800][INFO] DESCRIBE `hm_acl_resource`
[Sat, 28 May 16 21:35:42 +0800][INFO] SELECT `hm_acl_resource`.`id`, `hm_acl_resource`.`name`, `hm_acl_resource`.`controller`, `hm_acl_resource`.`action`, `hm_acl_resource`.`isshow`, `hm_acl_resource`.`pid`, `hm_acl_resource`.`sort`, `hm_acl_resource`.`icon` FROM `hm_acl_resource` ORDER BY `hm_acl_resource`.`sort` ASC
[Sat, 28 May 16 21:35:43 +0800][INFO] SELECT IF(COUNT(*) > 0, 1, 0) FROM `INFORMATION_SCHEMA`.`TABLES` WHERE `TABLE_NAME` = 'hm_acl_resource' AND `TABLE_SCHEMA` = DATABASE()
[Sat, 28 May 16 21:35:43 +0800][INFO] DESCRIBE `hm_acl_resource`
[Sat, 28 May 16 21:35:43 +0800][INFO] SELECT `hm_acl_resource`.`id`, `hm_acl_resource`.`name`, `hm_acl_resource`.`controller`, `hm_acl_resource`.`action`, `hm_acl_resource`.`isshow`, `hm_acl_resource`.`pid`, `hm_acl_resource`.`sort`, `hm_acl_resource`.`icon` FROM `hm_acl_resource` ORDER BY `hm_acl_resource`.`sort`
[Sat, 28 May 16 21:35:48 +0800][INFO] SELECT IF(COUNT(*) > 0, 1, 0) FROM `INFORMATION_SCHEMA`.`TABLES` WHERE `TABLE_NAME` = 'hm_acl_resource' AND `TABLE_SCHEMA` = DATABASE()
[Sat, 28 May 16 21:35:48 +0800][INFO] DESCRIBE `hm_acl_resource`
[Sat, 28 May 16 21:35:48 +0800][INFO] SELECT `hm_acl_resource`.`id`, `hm_acl_resource`.`name`, `hm_acl_resource`.`controller`, `hm_acl_resource`.`action`, `hm_acl_resource`.`isshow`, `hm_acl_resource`.`pid`, `hm_acl_resource`.`sort`, `hm_acl_resource`.`icon` FROM `hm_acl_resource` WHERE `hm_acl_resource`.`name` = :name
[Sat, 28 May 16 21:39:09 +0800][INFO] SELECT IF(COUNT(*) > 0, 1, 0) FROM `INFORMATION_SCHEMA`.`TABLES` WHERE `TABLE_NAME` = 'hm_acl_resource' AND `TABLE_SCHEMA` = DATABASE()
[Sat, 28 May 16 21:39:09 +0800][INFO] DESCRIBE `hm_acl_resource`
[Sat, 28 May 16 21:39:09 +0800][INFO] SELECT `hm_acl_resource`.`id`, `hm_acl_resource`.`name`, `hm_acl_resource`.`controller`, `hm_acl_resource`.`action`, `hm_acl_resource`.`isshow`, `hm_acl_resource`.`pid`, `hm_acl_resource`.`sort`, `hm_acl_resource`.`icon` FROM `hm_acl_resource` ORDER BY `hm_acl_resource`.`sort`
[Sat, 28 May 16 21:39:12 +0800][INFO] SELECT IF(COUNT(*) > 0, 1, 0) FROM `INFORMATION_SCHEMA`.`TABLES` WHERE `TABLE_NAME` = 'hm_acl_resource' AND `TABLE_SCHEMA` = DATABASE()
[Sat, 28 May 16 21:39:12 +0800][INFO] DESCRIBE `hm_acl_resource`
[Sat, 28 May 16 21:39:12 +0800][INFO] SELECT `hm_acl_resource`.`id`, `hm_acl_resource`.`name`, `hm_acl_resource`.`controller`, `hm_acl_resource`.`action`, `hm_acl_resource`.`isshow`, `hm_acl_resource`.`pid`, `hm_acl_resource`.`sort`, `hm_acl_resource`.`icon` FROM `hm_acl_resource` WHERE `hm_acl_resource`.`name` = :name
[Sat, 28 May 16 21:39:17 +0800][INFO] SELECT IF(COUNT(*) > 0, 1, 0) FROM `INFORMATION_SCHEMA`.`TABLES` WHERE `TABLE_NAME` = 'hm_acl_resource' AND `TABLE_SCHEMA` = DATABASE()
[Sat, 28 May 16 21:39:17 +0800][INFO] DESCRIBE `hm_acl_resource`
[Sat, 28 May 16 21:39:17 +0800][INFO] INSERT INTO `hm_acl_resource` (`name`, `controller`, `action`, `isshow`, `pid`, `sort`, `icon`) VALUES (?, ?, ?, ?, ?, ?, ?)
[Sat, 28 May 16 21:39:17 +0800][INFO] SELECT IF(COUNT(*) > 0, 1, 0) FROM `INFORMATION_SCHEMA`.`TABLES` WHERE `TABLE_NAME` = 'hm_operate_log' AND `TABLE_SCHEMA` = DATABASE()
[Sat, 28 May 16 21:39:17 +0800][INFO] DESCRIBE `hm_operate_log`
[Sat, 28 May 16 21:39:17 +0800][INFO] INSERT INTO `hm_operate_log` (`username`, `ip`, `time`, `country`, `useragent`, `info`, `get`, `status`) VALUES (DEFAULT, ?, ?, ?, ?, ?, ?, ?)
[Sat, 28 May 16 21:40:03 +0800][INFO] SELECT IF(COUNT(*) > 0, 1, 0) FROM `INFORMATION_SCHEMA`.`TABLES` WHERE `TABLE_NAME` = 'hm_acl_resource' AND `TABLE_SCHEMA` = DATABASE()
[Sat, 28 May 16 21:40:03 +0800][INFO] DESCRIBE `hm_acl_resource`
[Sat, 28 May 16 21:40:03 +0800][INFO] SELECT `hm_acl_resource`.`id`, `hm_acl_resource`.`name`, `hm_acl_resource`.`controller`, `hm_acl_resource`.`action`, `hm_acl_resource`.`isshow`, `hm_acl_resource`.`pid`, `hm_acl_resource`.`sort`, `hm_acl_resource`.`icon` FROM `hm_acl_resource` ORDER BY `hm_acl_resource`.`sort` ASC
[Sat, 28 May 16 21:40:08 +0800][INFO] SELECT IF(COUNT(*) > 0, 1, 0) FROM `INFORMATION_SCHEMA`.`TABLES` WHERE `TABLE_NAME` = 'hm_acl_resource' AND `TABLE_SCHEMA` = DATABASE()
[Sat, 28 May 16 21:40:08 +0800][INFO] DESCRIBE `hm_acl_resource`
[Sat, 28 May 16 21:40:08 +0800][INFO] SELECT `hm_acl_resource`.`id`, `hm_acl_resource`.`name`, `hm_acl_resource`.`controller`, `hm_acl_resource`.`action`, `hm_acl_resource`.`isshow`, `hm_acl_resource`.`pid`, `hm_acl_resource`.`sort`, `hm_acl_resource`.`icon` FROM `hm_acl_resource` ORDER BY `hm_acl_resource`.`sort`
[Sat, 28 May 16 21:40:13 +0800][INFO] SELECT IF(COUNT(*) > 0, 1, 0) FROM `INFORMATION_SCHEMA`.`TABLES` WHERE `TABLE_NAME` = 'hm_acl_resource' AND `TABLE_SCHEMA` = DATABASE()
[Sat, 28 May 16 21:40:13 +0800][INFO] DESCRIBE `hm_acl_resource`
[Sat, 28 May 16 21:40:13 +0800][INFO] SELECT `hm_acl_resource`.`id`, `hm_acl_resource`.`name`, `hm_acl_resource`.`controller`, `hm_acl_resource`.`action`, `hm_acl_resource`.`isshow`, `hm_acl_resource`.`pid`, `hm_acl_resource`.`sort`, `hm_acl_resource`.`icon` FROM `hm_acl_resource` WHERE `hm_acl_resource`.`name` = :name
[Sat, 28 May 16 21:40:15 +0800][INFO] SELECT IF(COUNT(*) > 0, 1, 0) FROM `INFORMATION_SCHEMA`.`TABLES` WHERE `TABLE_NAME` = 'hm_acl_resource' AND `TABLE_SCHEMA` = DATABASE()
[Sat, 28 May 16 21:40:15 +0800][INFO] DESCRIBE `hm_acl_resource`
[Sat, 28 May 16 21:40:15 +0800][INFO] SELECT `hm_acl_resource`.`id`, `hm_acl_resource`.`name`, `hm_acl_resource`.`controller`, `hm_acl_resource`.`action`, `hm_acl_resource`.`isshow`, `hm_acl_resource`.`pid`, `hm_acl_resource`.`sort`, `hm_acl_resource`.`icon` FROM `hm_acl_resource` WHERE `hm_acl_resource`.`name` = :name
[Sat, 28 May 16 21:40:20 +0800][INFO] SELECT IF(COUNT(*) > 0, 1, 0) FROM `INFORMATION_SCHEMA`.`TABLES` WHERE `TABLE_NAME` = 'hm_acl_resource' AND `TABLE_SCHEMA` = DATABASE()
[Sat, 28 May 16 21:40:20 +0800][INFO] DESCRIBE `hm_acl_resource`
[Sat, 28 May 16 21:40:20 +0800][INFO] INSERT INTO `hm_acl_resource` (`name`, `controller`, `action`, `isshow`, `pid`, `sort`, `icon`) VALUES (?, ?, ?, ?, ?, ?, ?)
[Sat, 28 May 16 21:40:20 +0800][INFO] SELECT IF(COUNT(*) > 0, 1, 0) FROM `INFORMATION_SCHEMA`.`TABLES` WHERE `TABLE_NAME` = 'hm_operate_log' AND `TABLE_SCHEMA` = DATABASE()
[Sat, 28 May 16 21:40:20 +0800][INFO] DESCRIBE `hm_operate_log`
[Sat, 28 May 16 21:40:20 +0800][INFO] INSERT INTO `hm_operate_log` (`username`, `ip`, `time`, `country`, `useragent`, `info`, `get`, `status`) VALUES (DEFAULT, ?, ?, ?, ?, ?, ?, ?)
[Sat, 28 May 16 21:40:23 +0800][INFO] SELECT IF(COUNT(*) > 0, 1, 0) FROM `INFORMATION_SCHEMA`.`TABLES` WHERE `TABLE_NAME` = 'hm_acl_resource' AND `TABLE_SCHEMA` = DATABASE()
[Sat, 28 May 16 21:40:23 +0800][INFO] DESCRIBE `hm_acl_resource`
[Sat, 28 May 16 21:40:23 +0800][INFO] SELECT `hm_acl_resource`.`id`, `hm_acl_resource`.`name`, `hm_acl_resource`.`controller`, `hm_acl_resource`.`action`, `hm_acl_resource`.`isshow`, `hm_acl_resource`.`pid`, `hm_acl_resource`.`sort`, `hm_acl_resource`.`icon` FROM `hm_acl_resource` ORDER BY `hm_acl_resource`.`sort` ASC
[Sat, 28 May 16 21:40:37 +0800][INFO] SELECT IF(COUNT(*) > 0, 1, 0) FROM `INFORMATION_SCHEMA`.`TABLES` WHERE `TABLE_NAME` = 'hm_acl_resource' AND `TABLE_SCHEMA` = DATABASE()
[Sat, 28 May 16 21:40:37 +0800][INFO] DESCRIBE `hm_acl_resource`
[Sat, 28 May 16 21:40:37 +0800][INFO] SELECT `hm_acl_resource`.`id`, `hm_acl_resource`.`name`, `hm_acl_resource`.`controller`, `hm_acl_resource`.`action`, `hm_acl_resource`.`isshow`, `hm_acl_resource`.`pid`, `hm_acl_resource`.`sort`, `hm_acl_resource`.`icon` FROM `hm_acl_resource` ORDER BY `hm_acl_resource`.`sort`
[Sat, 28 May 16 21:40:37 +0800][INFO] SELECT `hm_acl_resource`.`id`, `hm_acl_resource`.`name`, `hm_acl_resource`.`controller`, `hm_acl_resource`.`action`, `hm_acl_resource`.`isshow`, `hm_acl_resource`.`pid`, `hm_acl_resource`.`sort`, `hm_acl_resource`.`icon` FROM `hm_acl_resource` WHERE `hm_acl_resource`.`id` = :id LIMIT :APL0
[Sat, 28 May 16 21:40:43 +0800][INFO] SELECT IF(COUNT(*) > 0, 1, 0) FROM `INFORMATION_SCHEMA`.`TABLES` WHERE `TABLE_NAME` = 'hm_acl_resource' AND `TABLE_SCHEMA` = DATABASE()
[Sat, 28 May 16 21:40:43 +0800][INFO] DESCRIBE `hm_acl_resource`
[Sat, 28 May 16 21:40:43 +0800][INFO] SELECT `hm_acl_resource`.`id`, `hm_acl_resource`.`name`, `hm_acl_resource`.`controller`, `hm_acl_resource`.`action`, `hm_acl_resource`.`isshow`, `hm_acl_resource`.`pid`, `hm_acl_resource`.`sort`, `hm_acl_resource`.`icon` FROM `hm_acl_resource` WHERE `hm_acl_resource`.`name` = :name AND `hm_acl_resource`.`id` <> :id
[Sat, 28 May 16 21:40:43 +0800][INFO] SELECT IF(COUNT(*) > 0, 1, 0) FROM `INFORMATION_SCHEMA`.`TABLES` WHERE `TABLE_NAME` = 'hm_acl_resource' AND `TABLE_SCHEMA` = DATABASE()
[Sat, 28 May 16 21:40:43 +0800][INFO] DESCRIBE `hm_acl_resource`
[Sat, 28 May 16 21:40:43 +0800][INFO] SELECT `hm_acl_resource`.`id`, `hm_acl_resource`.`name`, `hm_acl_resource`.`controller`, `hm_acl_resource`.`action`, `hm_acl_resource`.`isshow`, `hm_acl_resource`.`pid`, `hm_acl_resource`.`sort`, `hm_acl_resource`.`icon` FROM `hm_acl_resource` WHERE `hm_acl_resource`.`id` = 15
[Sat, 28 May 16 21:40:43 +0800][INFO] UPDATE `hm_acl_resource` SET `sort` = ? WHERE `id` = ?
[Sat, 28 May 16 21:40:43 +0800][INFO] SELECT IF(COUNT(*) > 0, 1, 0) FROM `INFORMATION_SCHEMA`.`TABLES` WHERE `TABLE_NAME` = 'hm_operate_log' AND `TABLE_SCHEMA` = DATABASE()
[Sat, 28 May 16 21:40:43 +0800][INFO] DESCRIBE `hm_operate_log`
[Sat, 28 May 16 21:40:43 +0800][INFO] INSERT INTO `hm_operate_log` (`username`, `ip`, `time`, `country`, `useragent`, `info`, `get`, `status`) VALUES (DEFAULT, ?, ?, ?, ?, ?, ?, ?)
[Sat, 28 May 16 21:40:54 +0800][INFO] SELECT IF(COUNT(*) > 0, 1, 0) FROM `INFORMATION_SCHEMA`.`TABLES` WHERE `TABLE_NAME` = 'hm_acl_resource' AND `TABLE_SCHEMA` = DATABASE()
[Sat, 28 May 16 21:40:54 +0800][INFO] DESCRIBE `hm_acl_resource`
[Sat, 28 May 16 21:40:54 +0800][INFO] SELECT `hm_acl_resource`.`id`, `hm_acl_resource`.`name`, `hm_acl_resource`.`controller`, `hm_acl_resource`.`action`, `hm_acl_resource`.`isshow`, `hm_acl_resource`.`pid`, `hm_acl_resource`.`sort`, `hm_acl_resource`.`icon` FROM `hm_acl_resource` ORDER BY `hm_acl_resource`.`sort` ASC
[Sat, 28 May 16 21:43:26 +0800][INFO] SELECT IF(COUNT(*) > 0, 1, 0) FROM `INFORMATION_SCHEMA`.`TABLES` WHERE `TABLE_NAME` = 'hm_acl_resource' AND `TABLE_SCHEMA` = DATABASE()
[Sat, 28 May 16 21:43:26 +0800][INFO] DESCRIBE `hm_acl_resource`
[Sat, 28 May 16 21:43:26 +0800][INFO] SELECT `hm_acl_resource`.`id`, `hm_acl_resource`.`name`, `hm_acl_resource`.`controller`, `hm_acl_resource`.`action`, `hm_acl_resource`.`isshow`, `hm_acl_resource`.`pid`, `hm_acl_resource`.`sort`, `hm_acl_resource`.`icon` FROM `hm_acl_resource` ORDER BY `hm_acl_resource`.`sort` ASC
[Sat, 28 May 16 21:43:30 +0800][INFO] SELECT IF(COUNT(*) > 0, 1, 0) FROM `INFORMATION_SCHEMA`.`TABLES` WHERE `TABLE_NAME` = 'hm_acl_resource' AND `TABLE_SCHEMA` = DATABASE()
[Sat, 28 May 16 21:43:30 +0800][INFO] DESCRIBE `hm_acl_resource`
[Sat, 28 May 16 21:43:30 +0800][INFO] SELECT `hm_acl_resource`.`id`, `hm_acl_resource`.`name`, `hm_acl_resource`.`controller`, `hm_acl_resource`.`action`, `hm_acl_resource`.`isshow`, `hm_acl_resource`.`pid`, `hm_acl_resource`.`sort`, `hm_acl_resource`.`icon` FROM `hm_acl_resource` ORDER BY `hm_acl_resource`.`sort`
[Sat, 28 May 16 21:43:30 +0800][INFO] SELECT `hm_acl_resource`.`id`, `hm_acl_resource`.`name`, `hm_acl_resource`.`controller`, `hm_acl_resource`.`action`, `hm_acl_resource`.`isshow`, `hm_acl_resource`.`pid`, `hm_acl_resource`.`sort`, `hm_acl_resource`.`icon` FROM `hm_acl_resource` WHERE `hm_acl_resource`.`id` = :id LIMIT :APL0
[Sat, 28 May 16 21:43:35 +0800][INFO] SELECT IF(COUNT(*) > 0, 1, 0) FROM `INFORMATION_SCHEMA`.`TABLES` WHERE `TABLE_NAME` = 'hm_acl_resource' AND `TABLE_SCHEMA` = DATABASE()
[Sat, 28 May 16 21:43:35 +0800][INFO] DESCRIBE `hm_acl_resource`
[Sat, 28 May 16 21:43:35 +0800][INFO] SELECT `hm_acl_resource`.`id`, `hm_acl_resource`.`name`, `hm_acl_resource`.`controller`, `hm_acl_resource`.`action`, `hm_acl_resource`.`isshow`, `hm_acl_resource`.`pid`, `hm_acl_resource`.`sort`, `hm_acl_resource`.`icon` FROM `hm_acl_resource` WHERE `hm_acl_resource`.`name` = :name AND `hm_acl_resource`.`id` <> :id
[Sat, 28 May 16 21:43:39 +0800][INFO] SELECT IF(COUNT(*) > 0, 1, 0) FROM `INFORMATION_SCHEMA`.`TABLES` WHERE `TABLE_NAME` = 'hm_acl_resource' AND `TABLE_SCHEMA` = DATABASE()
[Sat, 28 May 16 21:43:39 +0800][INFO] DESCRIBE `hm_acl_resource`
[Sat, 28 May 16 21:43:39 +0800][INFO] SELECT `hm_acl_resource`.`id`, `hm_acl_resource`.`name`, `hm_acl_resource`.`controller`, `hm_acl_resource`.`action`, `hm_acl_resource`.`isshow`, `hm_acl_resource`.`pid`, `hm_acl_resource`.`sort`, `hm_acl_resource`.`icon` FROM `hm_acl_resource` WHERE `hm_acl_resource`.`id` = 10
[Sat, 28 May 16 21:43:39 +0800][INFO] UPDATE `hm_acl_resource` SET `controller` = ?, `action` = ?, `sort` = ? WHERE `id` = ?
[Sat, 28 May 16 21:43:39 +0800][INFO] SELECT IF(COUNT(*) > 0, 1, 0) FROM `INFORMATION_SCHEMA`.`TABLES` WHERE `TABLE_NAME` = 'hm_operate_log' AND `TABLE_SCHEMA` = DATABASE()
[Sat, 28 May 16 21:43:39 +0800][INFO] DESCRIBE `hm_operate_log`
[Sat, 28 May 16 21:43:39 +0800][INFO] INSERT INTO `hm_operate_log` (`username`, `ip`, `time`, `country`, `useragent`, `info`, `get`, `status`) VALUES (DEFAULT, ?, ?, ?, ?, ?, ?, ?)
[Sat, 28 May 16 21:43:42 +0800][INFO] SELECT IF(COUNT(*) > 0, 1, 0) FROM `INFORMATION_SCHEMA`.`TABLES` WHERE `TABLE_NAME` = 'hm_acl_resource' AND `TABLE_SCHEMA` = DATABASE()
[Sat, 28 May 16 21:43:42 +0800][INFO] DESCRIBE `hm_acl_resource`
[Sat, 28 May 16 21:43:42 +0800][INFO] SELECT `hm_acl_resource`.`id`, `hm_acl_resource`.`name`, `hm_acl_resource`.`controller`, `hm_acl_resource`.`action`, `hm_acl_resource`.`isshow`, `hm_acl_resource`.`pid`, `hm_acl_resource`.`sort`, `hm_acl_resource`.`icon` FROM `hm_acl_resource` ORDER BY `hm_acl_resource`.`sort` ASC
[Sat, 28 May 16 21:43:47 +0800][INFO] SELECT IF(COUNT(*) > 0, 1, 0) FROM `INFORMATION_SCHEMA`.`TABLES` WHERE `TABLE_NAME` = 'hm_acl_resource' AND `TABLE_SCHEMA` = DATABASE()
[Sat, 28 May 16 21:43:47 +0800][INFO] DESCRIBE `hm_acl_resource`
[Sat, 28 May 16 21:43:47 +0800][INFO] SELECT `hm_acl_resource`.`id`, `hm_acl_resource`.`name`, `hm_acl_resource`.`controller`, `hm_acl_resource`.`action`, `hm_acl_resource`.`isshow`, `hm_acl_resource`.`pid`, `hm_acl_resource`.`sort`, `hm_acl_resource`.`icon` FROM `hm_acl_resource` ORDER BY `hm_acl_resource`.`sort`
[Sat, 28 May 16 21:43:47 +0800][INFO] SELECT `hm_acl_resource`.`id`, `hm_acl_resource`.`name`, `hm_acl_resource`.`controller`, `hm_acl_resource`.`action`, `hm_acl_resource`.`isshow`, `hm_acl_resource`.`pid`, `hm_acl_resource`.`sort`, `hm_acl_resource`.`icon` FROM `hm_acl_resource` WHERE `hm_acl_resource`.`id` = :id LIMIT :APL0
[Sat, 28 May 16 21:43:51 +0800][INFO] SELECT IF(COUNT(*) > 0, 1, 0) FROM `INFORMATION_SCHEMA`.`TABLES` WHERE `TABLE_NAME` = 'hm_acl_resource' AND `TABLE_SCHEMA` = DATABASE()
[Sat, 28 May 16 21:43:51 +0800][INFO] DESCRIBE `hm_acl_resource`
[Sat, 28 May 16 21:43:51 +0800][INFO] SELECT `hm_acl_resource`.`id`, `hm_acl_resource`.`name`, `hm_acl_resource`.`controller`, `hm_acl_resource`.`action`, `hm_acl_resource`.`isshow`, `hm_acl_resource`.`pid`, `hm_acl_resource`.`sort`, `hm_acl_resource`.`icon` FROM `hm_acl_resource` WHERE `hm_acl_resource`.`name` = :name AND `hm_acl_resource`.`id` <> :id
[Sat, 28 May 16 21:43:51 +0800][INFO] SELECT IF(COUNT(*) > 0, 1, 0) FROM `INFORMATION_SCHEMA`.`TABLES` WHERE `TABLE_NAME` = 'hm_acl_resource' AND `TABLE_SCHEMA` = DATABASE()
[Sat, 28 May 16 21:43:51 +0800][INFO] DESCRIBE `hm_acl_resource`
[Sat, 28 May 16 21:43:51 +0800][INFO] SELECT `hm_acl_resource`.`id`, `hm_acl_resource`.`name`, `hm_acl_resource`.`controller`, `hm_acl_resource`.`action`, `hm_acl_resource`.`isshow`, `hm_acl_resource`.`pid`, `hm_acl_resource`.`sort`, `hm_acl_resource`.`icon` FROM `hm_acl_resource` WHERE `hm_acl_resource`.`id` = 16
[Sat, 28 May 16 21:43:51 +0800][INFO] UPDATE `hm_acl_resource` SET `sort` = ? WHERE `id` = ?
[Sat, 28 May 16 21:43:51 +0800][INFO] SELECT IF(COUNT(*) > 0, 1, 0) FROM `INFORMATION_SCHEMA`.`TABLES` WHERE `TABLE_NAME` = 'hm_operate_log' AND `TABLE_SCHEMA` = DATABASE()
[Sat, 28 May 16 21:43:51 +0800][INFO] DESCRIBE `hm_operate_log`
[Sat, 28 May 16 21:43:51 +0800][INFO] INSERT INTO `hm_operate_log` (`username`, `ip`, `time`, `country`, `useragent`, `info`, `get`, `status`) VALUES (DEFAULT, ?, ?, ?, ?, ?, ?, ?)
[Sat, 28 May 16 21:43:54 +0800][INFO] SELECT IF(COUNT(*) > 0, 1, 0) FROM `INFORMATION_SCHEMA`.`TABLES` WHERE `TABLE_NAME` = 'hm_acl_resource' AND `TABLE_SCHEMA` = DATABASE()
[Sat, 28 May 16 21:43:54 +0800][INFO] DESCRIBE `hm_acl_resource`
[Sat, 28 May 16 21:43:54 +0800][INFO] SELECT `hm_acl_resource`.`id`, `hm_acl_resource`.`name`, `hm_acl_resource`.`controller`, `hm_acl_resource`.`action`, `hm_acl_resource`.`isshow`, `hm_acl_resource`.`pid`, `hm_acl_resource`.`sort`, `hm_acl_resource`.`icon` FROM `hm_acl_resource` ORDER BY `hm_acl_resource`.`sort` ASC
[Sat, 28 May 16 21:47:43 +0800][INFO] SELECT IF(COUNT(*) > 0, 1, 0) FROM `INFORMATION_SCHEMA`.`TABLES` WHERE `TABLE_NAME` = 'hm_acl_resource' AND `TABLE_SCHEMA` = DATABASE()
[Sat, 28 May 16 21:47:43 +0800][INFO] DESCRIBE `hm_acl_resource`
[Sat, 28 May 16 21:47:43 +0800][INFO] SELECT `hm_acl_resource`.`id`, `hm_acl_resource`.`name`, `hm_acl_resource`.`controller`, `hm_acl_resource`.`action`, `hm_acl_resource`.`isshow`, `hm_acl_resource`.`pid`, `hm_acl_resource`.`sort`, `hm_acl_resource`.`icon` FROM `hm_acl_resource` ORDER BY `hm_acl_resource`.`sort` ASC
[Sat, 28 May 16 21:48:02 +0800][INFO] SELECT IF(COUNT(*) > 0, 1, 0) FROM `INFORMATION_SCHEMA`.`TABLES` WHERE `TABLE_NAME` = 'hm_acl_resource' AND `TABLE_SCHEMA` = DATABASE()
[Sat, 28 May 16 21:48:02 +0800][INFO] DESCRIBE `hm_acl_resource`
[Sat, 28 May 16 21:48:02 +0800][INFO] SELECT `hm_acl_resource`.`id`, `hm_acl_resource`.`name`, `hm_acl_resource`.`controller`, `hm_acl_resource`.`action`, `hm_acl_resource`.`isshow`, `hm_acl_resource`.`pid`, `hm_acl_resource`.`sort`, `hm_acl_resource`.`icon` FROM `hm_acl_resource` ORDER BY `hm_acl_resource`.`sort`
