[Tue, 24 May 16 16:28:49 +0800][INFO] SELECT `hm_acl_resource`.`id` AS `id`, `hm_acl_resource`.`name` AS `name` FROM `hm_acl_resource` WHERE `hm_acl_resource`.`pid` = :pid AND `hm_acl_resource`.`isshow` = :isshow ORDER BY `hm_acl_resource`.`sort`
[Tue, 24 May 16 16:28:50 +0800][INFO] SELECT `hm_acl_resource`.`id` AS `id`, `hm_acl_resource`.`name` AS `name`, `hm_acl_resource`.`controller` AS `controller`, `hm_acl_resource`.`action` AS `action`, `hm_acl_resource`.`sort` AS `sort`, `hm_acl_resource`.`icon` AS `icon` FROM `hm_acl_resource` WHERE `hm_acl_resource`.`pid` = :pid AND `hm_acl_resource`.`isshow` = :isshow ORDER BY `hm_acl_resource`.`sort`
[Tue, 24 May 16 16:28:53 +0800][INFO] SELECT `hm_acl_resource`.`id` AS `id`, `hm_acl_resource`.`name` AS `name`, `hm_acl_resource`.`controller` AS `controller`, `hm_acl_resource`.`action` AS `action`, `hm_acl_resource`.`sort` AS `sort`, `hm_acl_resource`.`icon` AS `icon` FROM `hm_acl_resource` WHERE `hm_acl_resource`.`pid` = :pid AND `hm_acl_resource`.`isshow` = :isshow ORDER BY `hm_acl_resource`.`sort`
[Tue, 24 May 16 16:28:54 +0800][INFO] SELECT `hm_acl_resource`.`id` AS `id`, `hm_acl_resource`.`name` AS `name`, `hm_acl_resource`.`controller` AS `controller`, `hm_acl_resource`.`action` AS `action`, `hm_acl_resource`.`sort` AS `sort`, `hm_acl_resource`.`icon` AS `icon` FROM `hm_acl_resource` WHERE `hm_acl_resource`.`pid` = :pid AND `hm_acl_resource`.`isshow` = :isshow ORDER BY `hm_acl_resource`.`sort`
[Tue, 24 May 16 16:28:54 +0800][INFO] SELECT `hm_acl_resource`.`id` AS `id`, `hm_acl_resource`.`name` AS `name`, `hm_acl_resource`.`controller` AS `controller`, `hm_acl_resource`.`action` AS `action`, `hm_acl_resource`.`sort` AS `sort`, `hm_acl_resource`.`icon` AS `icon` FROM `hm_acl_resource` WHERE `hm_acl_resource`.`pid` = :pid AND `hm_acl_resource`.`isshow` = :isshow ORDER BY `hm_acl_resource`.`sort`
[Tue, 24 May 16 16:28:54 +0800][INFO] SELECT `hm_acl_resource`.`id` AS `id`, `hm_acl_resource`.`name` AS `name`, `hm_acl_resource`.`controller` AS `controller`, `hm_acl_resource`.`action` AS `action`, `hm_acl_resource`.`sort` AS `sort`, `hm_acl_resource`.`icon` AS `icon` FROM `hm_acl_resource` WHERE `hm_acl_resource`.`pid` = :pid AND `hm_acl_resource`.`isshow` = :isshow ORDER BY `hm_acl_resource`.`sort`
[Tue, 24 May 16 16:28:57 +0800][INFO] SELECT IF(COUNT(*) > 0, 1, 0) FROM `INFORMATION_SCHEMA`.`TABLES` WHERE `TABLE_NAME` = 'hm_acl_resource' AND `TABLE_SCHEMA` = DATABASE()
[Tue, 24 May 16 16:28:57 +0800][INFO] DESCRIBE `hm_acl_resource`
[Tue, 24 May 16 16:28:57 +0800][INFO] SELECT `hm_acl_resource`.`id`, `hm_acl_resource`.`name`, `hm_acl_resource`.`controller`, `hm_acl_resource`.`action`, `hm_acl_resource`.`isshow`, `hm_acl_resource`.`pid`, `hm_acl_resource`.`sort`, `hm_acl_resource`.`icon` FROM `hm_acl_resource` ORDER BY `hm_acl_resource`.`sort`
[Tue, 24 May 16 17:12:38 +0800][INFO] SELECT IF(COUNT(*) > 0, 1, 0) FROM `INFORMATION_SCHEMA`.`TABLES` WHERE `TABLE_NAME` = 'hm_acl_resource' AND `TABLE_SCHEMA` = DATABASE()
[Tue, 24 May 16 17:12:38 +0800][INFO] DESCRIBE `hm_acl_resource`
[Tue, 24 May 16 17:12:38 +0800][INFO] SELECT `hm_acl_resource`.`id`, `hm_acl_resource`.`name`, `hm_acl_resource`.`controller`, `hm_acl_resource`.`action`, `hm_acl_resource`.`isshow`, `hm_acl_resource`.`pid`, `hm_acl_resource`.`sort`, `hm_acl_resource`.`icon` FROM `hm_acl_resource` ORDER BY `hm_acl_resource`.`sort`
[Tue, 24 May 16 17:12:46 +0800][INFO] SELECT IF(COUNT(*) > 0, 1, 0) FROM `INFORMATION_SCHEMA`.`TABLES` WHERE `TABLE_NAME` = 'hm_acl_resource' AND `TABLE_SCHEMA` = DATABASE()
[Tue, 24 May 16 17:12:46 +0800][INFO] DESCRIBE `hm_acl_resource`
[Tue, 24 May 16 17:12:46 +0800][INFO] SELECT `hm_acl_resource`.`id`, `hm_acl_resource`.`name`, `hm_acl_resource`.`controller`, `hm_acl_resource`.`action`, `hm_acl_resource`.`isshow`, `hm_acl_resource`.`pid`, `hm_acl_resource`.`sort`, `hm_acl_resource`.`icon` FROM `hm_acl_resource` WHERE `hm_acl_resource`.`name` = :name
[Tue, 24 May 16 17:14:19 +0800][INFO] SELECT IF(COUNT(*) > 0, 1, 0) FROM `INFORMATION_SCHEMA`.`TABLES` WHERE `TABLE_NAME` = 'hm_acl_resource' AND `TABLE_SCHEMA` = DATABASE()
[Tue, 24 May 16 17:14:19 +0800][INFO] DESCRIBE `hm_acl_resource`
[Tue, 24 May 16 17:14:19 +0800][INFO] SELECT `hm_acl_resource`.`id`, `hm_acl_resource`.`name`, `hm_acl_resource`.`controller`, `hm_acl_resource`.`action`, `hm_acl_resource`.`isshow`, `hm_acl_resource`.`pid`, `hm_acl_resource`.`sort`, `hm_acl_resource`.`icon` FROM `hm_acl_resource` ORDER BY `hm_acl_resource`.`sort`
[Tue, 24 May 16 17:14:39 +0800][INFO] SELECT IF(COUNT(*) > 0, 1, 0) FROM `INFORMATION_SCHEMA`.`TABLES` WHERE `TABLE_NAME` = 'hm_acl_resource' AND `TABLE_SCHEMA` = DATABASE()
[Tue, 24 May 16 17:14:39 +0800][INFO] DESCRIBE `hm_acl_resource`
[Tue, 24 May 16 17:14:39 +0800][INFO] SELECT `hm_acl_resource`.`id`, `hm_acl_resource`.`name`, `hm_acl_resource`.`controller`, `hm_acl_resource`.`action`, `hm_acl_resource`.`isshow`, `hm_acl_resource`.`pid`, `hm_acl_resource`.`sort`, `hm_acl_resource`.`icon` FROM `hm_acl_resource` WHERE `hm_acl_resource`.`name` = :name
[Tue, 24 May 16 17:16:50 +0800][INFO] SELECT IF(COUNT(*) > 0, 1, 0) FROM `INFORMATION_SCHEMA`.`TABLES` WHERE `TABLE_NAME` = 'hm_acl_resource' AND `TABLE_SCHEMA` = DATABASE()
[Tue, 24 May 16 17:16:50 +0800][INFO] DESCRIBE `hm_acl_resource`
[Tue, 24 May 16 17:16:50 +0800][INFO] SELECT `hm_acl_resource`.`id`, `hm_acl_resource`.`name`, `hm_acl_resource`.`controller`, `hm_acl_resource`.`action`, `hm_acl_resource`.`isshow`, `hm_acl_resource`.`pid`, `hm_acl_resource`.`sort`, `hm_acl_resource`.`icon` FROM `hm_acl_resource` ORDER BY `hm_acl_resource`.`sort`
[Tue, 24 May 16 18:22:06 +0800][INFO] SELECT IF(COUNT(*) > 0, 1, 0) FROM `INFORMATION_SCHEMA`.`TABLES` WHERE `TABLE_NAME` = 'hm_acl_resource' AND `TABLE_SCHEMA` = DATABASE()
[Tue, 24 May 16 18:22:06 +0800][INFO] DESCRIBE `hm_acl_resource`
[Tue, 24 May 16 18:22:06 +0800][INFO] SELECT `hm_acl_resource`.`id`, `hm_acl_resource`.`name`, `hm_acl_resource`.`controller`, `hm_acl_resource`.`action`, `hm_acl_resource`.`isshow`, `hm_acl_resource`.`pid`, `hm_acl_resource`.`sort`, `hm_acl_resource`.`icon` FROM `hm_acl_resource` ORDER BY `hm_acl_resource`.`sort`
[Tue, 24 May 16 18:24:09 +0800][INFO] SELECT IF(COUNT(*) > 0, 1, 0) FROM `INFORMATION_SCHEMA`.`TABLES` WHERE `TABLE_NAME` = 'hm_acl_resource' AND `TABLE_SCHEMA` = DATABASE()
[Tue, 24 May 16 18:24:09 +0800][INFO] DESCRIBE `hm_acl_resource`
[Tue, 24 May 16 18:24:09 +0800][INFO] SELECT `hm_acl_resource`.`id`, `hm_acl_resource`.`name`, `hm_acl_resource`.`controller`, `hm_acl_resource`.`action`, `hm_acl_resource`.`isshow`, `hm_acl_resource`.`pid`, `hm_acl_resource`.`sort`, `hm_acl_resource`.`icon` FROM `hm_acl_resource` ORDER BY `hm_acl_resource`.`sort`
[Tue, 24 May 16 18:26:43 +0800][INFO] SELECT IF(COUNT(*) > 0, 1, 0) FROM `INFORMATION_SCHEMA`.`TABLES` WHERE `TABLE_NAME` = 'hm_acl_resource' AND `TABLE_SCHEMA` = DATABASE()
[Tue, 24 May 16 18:26:43 +0800][INFO] DESCRIBE `hm_acl_resource`
[Tue, 24 May 16 18:26:43 +0800][INFO] SELECT `hm_acl_resource`.`id`, `hm_acl_resource`.`name`, `hm_acl_resource`.`controller`, `hm_acl_resource`.`action`, `hm_acl_resource`.`isshow`, `hm_acl_resource`.`pid`, `hm_acl_resource`.`sort`, `hm_acl_resource`.`icon` FROM `hm_acl_resource` ORDER BY `hm_acl_resource`.`sort`
[Tue, 24 May 16 18:29:06 +0800][INFO] SELECT IF(COUNT(*) > 0, 1, 0) FROM `INFORMATION_SCHEMA`.`TABLES` WHERE `TABLE_NAME` = 'hm_acl_resource' AND `TABLE_SCHEMA` = DATABASE()
[Tue, 24 May 16 18:29:06 +0800][INFO] DESCRIBE `hm_acl_resource`
[Tue, 24 May 16 18:29:06 +0800][INFO] SELECT `hm_acl_resource`.`id`, `hm_acl_resource`.`name`, `hm_acl_resource`.`controller`, `hm_acl_resource`.`action`, `hm_acl_resource`.`isshow`, `hm_acl_resource`.`pid`, `hm_acl_resource`.`sort`, `hm_acl_resource`.`icon` FROM `hm_acl_resource` ORDER BY `hm_acl_resource`.`sort`
[Tue, 24 May 16 18:31:03 +0800][INFO] SELECT IF(COUNT(*) > 0, 1, 0) FROM `INFORMATION_SCHEMA`.`TABLES` WHERE `TABLE_NAME` = 'hm_acl_resource' AND `TABLE_SCHEMA` = DATABASE()
[Tue, 24 May 16 18:31:03 +0800][INFO] DESCRIBE `hm_acl_resource`
[Tue, 24 May 16 18:31:03 +0800][INFO] SELECT `hm_acl_resource`.`id`, `hm_acl_resource`.`name`, `hm_acl_resource`.`controller`, `hm_acl_resource`.`action`, `hm_acl_resource`.`isshow`, `hm_acl_resource`.`pid`, `hm_acl_resource`.`sort`, `hm_acl_resource`.`icon` FROM `hm_acl_resource` ORDER BY `hm_acl_resource`.`sort`
[Tue, 24 May 16 18:33:33 +0800][INFO] SELECT IF(COUNT(*) > 0, 1, 0) FROM `INFORMATION_SCHEMA`.`TABLES` WHERE `TABLE_NAME` = 'hm_acl_resource' AND `TABLE_SCHEMA` = DATABASE()
[Tue, 24 May 16 18:33:33 +0800][INFO] DESCRIBE `hm_acl_resource`
[Tue, 24 May 16 18:33:33 +0800][INFO] SELECT `hm_acl_resource`.`id`, `hm_acl_resource`.`name`, `hm_acl_resource`.`controller`, `hm_acl_resource`.`action`, `hm_acl_resource`.`isshow`, `hm_acl_resource`.`pid`, `hm_acl_resource`.`sort`, `hm_acl_resource`.`icon` FROM `hm_acl_resource` ORDER BY `hm_acl_resource`.`sort`
[Tue, 24 May 16 18:36:06 +0800][INFO] SELECT IF(COUNT(*) > 0, 1, 0) FROM `INFORMATION_SCHEMA`.`TABLES` WHERE `TABLE_NAME` = 'hm_acl_resource' AND `TABLE_SCHEMA` = DATABASE()
[Tue, 24 May 16 18:36:06 +0800][INFO] DESCRIBE `hm_acl_resource`
[Tue, 24 May 16 18:36:06 +0800][INFO] SELECT `hm_acl_resource`.`id`, `hm_acl_resource`.`name`, `hm_acl_resource`.`controller`, `hm_acl_resource`.`action`, `hm_acl_resource`.`isshow`, `hm_acl_resource`.`pid`, `hm_acl_resource`.`sort`, `hm_acl_resource`.`icon` FROM `hm_acl_resource` ORDER BY `hm_acl_resource`.`sort`
[Tue, 24 May 16 18:38:03 +0800][INFO] SELECT IF(COUNT(*) > 0, 1, 0) FROM `INFORMATION_SCHEMA`.`TABLES` WHERE `TABLE_NAME` = 'hm_acl_resource' AND `TABLE_SCHEMA` = DATABASE()
[Tue, 24 May 16 18:38:03 +0800][INFO] DESCRIBE `hm_acl_resource`
[Tue, 24 May 16 18:38:03 +0800][INFO] SELECT `hm_acl_resource`.`id`, `hm_acl_resource`.`name`, `hm_acl_resource`.`controller`, `hm_acl_resource`.`action`, `hm_acl_resource`.`isshow`, `hm_acl_resource`.`pid`, `hm_acl_resource`.`sort`, `hm_acl_resource`.`icon` FROM `hm_acl_resource` ORDER BY `hm_acl_resource`.`sort`
[Tue, 24 May 16 18:39:57 +0800][INFO] SELECT IF(COUNT(*) > 0, 1, 0) FROM `INFORMATION_SCHEMA`.`TABLES` WHERE `TABLE_NAME` = 'hm_acl_resource' AND `TABLE_SCHEMA` = DATABASE()
[Tue, 24 May 16 18:39:57 +0800][INFO] DESCRIBE `hm_acl_resource`
[Tue, 24 May 16 18:39:57 +0800][INFO] SELECT `hm_acl_resource`.`id`, `hm_acl_resource`.`name`, `hm_acl_resource`.`controller`, `hm_acl_resource`.`action`, `hm_acl_resource`.`isshow`, `hm_acl_resource`.`pid`, `hm_acl_resource`.`sort`, `hm_acl_resource`.`icon` FROM `hm_acl_resource` ORDER BY `hm_acl_resource`.`sort`
[Tue, 24 May 16 18:42:02 +0800][INFO] SELECT IF(COUNT(*) > 0, 1, 0) FROM `INFORMATION_SCHEMA`.`TABLES` WHERE `TABLE_NAME` = 'hm_acl_resource' AND `TABLE_SCHEMA` = DATABASE()
[Tue, 24 May 16 18:42:02 +0800][INFO] DESCRIBE `hm_acl_resource`
[Tue, 24 May 16 18:42:02 +0800][INFO] SELECT `hm_acl_resource`.`id`, `hm_acl_resource`.`name`, `hm_acl_resource`.`controller`, `hm_acl_resource`.`action`, `hm_acl_resource`.`isshow`, `hm_acl_resource`.`pid`, `hm_acl_resource`.`sort`, `hm_acl_resource`.`icon` FROM `hm_acl_resource` ORDER BY `hm_acl_resource`.`sort`
[Tue, 24 May 16 18:43:55 +0800][INFO] SELECT IF(COUNT(*) > 0, 1, 0) FROM `INFORMATION_SCHEMA`.`TABLES` WHERE `TABLE_NAME` = 'hm_acl_resource' AND `TABLE_SCHEMA` = DATABASE()
[Tue, 24 May 16 18:43:55 +0800][INFO] DESCRIBE `hm_acl_resource`
[Tue, 24 May 16 18:43:55 +0800][INFO] SELECT `hm_acl_resource`.`id`, `hm_acl_resource`.`name`, `hm_acl_resource`.`controller`, `hm_acl_resource`.`action`, `hm_acl_resource`.`isshow`, `hm_acl_resource`.`pid`, `hm_acl_resource`.`sort`, `hm_acl_resource`.`icon` FROM `hm_acl_resource` ORDER BY `hm_acl_resource`.`sort`
[Tue, 24 May 16 18:45:59 +0800][INFO] SELECT IF(COUNT(*) > 0, 1, 0) FROM `INFORMATION_SCHEMA`.`TABLES` WHERE `TABLE_NAME` = 'hm_acl_resource' AND `TABLE_SCHEMA` = DATABASE()
[Tue, 24 May 16 18:45:59 +0800][INFO] DESCRIBE `hm_acl_resource`
[Tue, 24 May 16 18:45:59 +0800][INFO] SELECT `hm_acl_resource`.`id`, `hm_acl_resource`.`name`, `hm_acl_resource`.`controller`, `hm_acl_resource`.`action`, `hm_acl_resource`.`isshow`, `hm_acl_resource`.`pid`, `hm_acl_resource`.`sort`, `hm_acl_resource`.`icon` FROM `hm_acl_resource` ORDER BY `hm_acl_resource`.`sort`
[Tue, 24 May 16 18:50:25 +0800][INFO] SELECT IF(COUNT(*) > 0, 1, 0) FROM `INFORMATION_SCHEMA`.`TABLES` WHERE `TABLE_NAME` = 'hm_acl_resource' AND `TABLE_SCHEMA` = DATABASE()
[Tue, 24 May 16 18:50:25 +0800][INFO] DESCRIBE `hm_acl_resource`
[Tue, 24 May 16 18:50:25 +0800][INFO] SELECT `hm_acl_resource`.`id`, `hm_acl_resource`.`name`, `hm_acl_resource`.`controller`, `hm_acl_resource`.`action`, `hm_acl_resource`.`isshow`, `hm_acl_resource`.`pid`, `hm_acl_resource`.`sort`, `hm_acl_resource`.`icon` FROM `hm_acl_resource` ORDER BY `hm_acl_resource`.`sort`
[Tue, 24 May 16 18:55:15 +0800][INFO] SELECT IF(COUNT(*) > 0, 1, 0) FROM `INFORMATION_SCHEMA`.`TABLES` WHERE `TABLE_NAME` = 'hm_acl_resource' AND `TABLE_SCHEMA` = DATABASE()
[Tue, 24 May 16 18:55:15 +0800][INFO] DESCRIBE `hm_acl_resource`
[Tue, 24 May 16 18:55:15 +0800][INFO] SELECT `hm_acl_resource`.`id`, `hm_acl_resource`.`name`, `hm_acl_resource`.`controller`, `hm_acl_resource`.`action`, `hm_acl_resource`.`isshow`, `hm_acl_resource`.`pid`, `hm_acl_resource`.`sort`, `hm_acl_resource`.`icon` FROM `hm_acl_resource` ORDER BY `hm_acl_resource`.`sort`
[Tue, 24 May 16 18:57:15 +0800][INFO] SELECT IF(COUNT(*) > 0, 1, 0) FROM `INFORMATION_SCHEMA`.`TABLES` WHERE `TABLE_NAME` = 'hm_acl_resource' AND `TABLE_SCHEMA` = DATABASE()
[Tue, 24 May 16 18:57:15 +0800][INFO] DESCRIBE `hm_acl_resource`
[Tue, 24 May 16 18:57:15 +0800][INFO] SELECT `hm_acl_resource`.`id`, `hm_acl_resource`.`name`, `hm_acl_resource`.`controller`, `hm_acl_resource`.`action`, `hm_acl_resource`.`isshow`, `hm_acl_resource`.`pid`, `hm_acl_resource`.`sort`, `hm_acl_resource`.`icon` FROM `hm_acl_resource` ORDER BY `hm_acl_resource`.`sort`
[Tue, 24 May 16 19:26:42 +0800][INFO] SELECT IF(COUNT(*) > 0, 1, 0) FROM `INFORMATION_SCHEMA`.`TABLES` WHERE `TABLE_NAME` = 'hm_acl_resource' AND `TABLE_SCHEMA` = DATABASE()
[Tue, 24 May 16 19:26:42 +0800][INFO] DESCRIBE `hm_acl_resource`
[Tue, 24 May 16 19:26:42 +0800][INFO] SELECT `hm_acl_resource`.`id`, `hm_acl_resource`.`name`, `hm_acl_resource`.`controller`, `hm_acl_resource`.`action`, `hm_acl_resource`.`isshow`, `hm_acl_resource`.`pid`, `hm_acl_resource`.`sort`, `hm_acl_resource`.`icon` FROM `hm_acl_resource` ORDER BY `hm_acl_resource`.`sort`
[Tue, 24 May 16 19:34:01 +0800][INFO] SELECT IF(COUNT(*) > 0, 1, 0) FROM `INFORMATION_SCHEMA`.`TABLES` WHERE `TABLE_NAME` = 'hm_acl_resource' AND `TABLE_SCHEMA` = DATABASE()
[Tue, 24 May 16 19:34:01 +0800][INFO] DESCRIBE `hm_acl_resource`
[Tue, 24 May 16 19:34:01 +0800][INFO] SELECT `hm_acl_resource`.`id`, `hm_acl_resource`.`name`, `hm_acl_resource`.`controller`, `hm_acl_resource`.`action`, `hm_acl_resource`.`isshow`, `hm_acl_resource`.`pid`, `hm_acl_resource`.`sort`, `hm_acl_resource`.`icon` FROM `hm_acl_resource` ORDER BY `hm_acl_resource`.`sort`
[Tue, 24 May 16 19:35:58 +0800][INFO] SELECT IF(COUNT(*) > 0, 1, 0) FROM `INFORMATION_SCHEMA`.`TABLES` WHERE `TABLE_NAME` = 'hm_acl_resource' AND `TABLE_SCHEMA` = DATABASE()
[Tue, 24 May 16 19:35:58 +0800][INFO] DESCRIBE `hm_acl_resource`
[Tue, 24 May 16 19:35:58 +0800][INFO] SELECT `hm_acl_resource`.`id`, `hm_acl_resource`.`name`, `hm_acl_resource`.`controller`, `hm_acl_resource`.`action`, `hm_acl_resource`.`isshow`, `hm_acl_resource`.`pid`, `hm_acl_resource`.`sort`, `hm_acl_resource`.`icon` FROM `hm_acl_resource` ORDER BY `hm_acl_resource`.`sort`
[Tue, 24 May 16 19:37:45 +0800][INFO] SELECT IF(COUNT(*) > 0, 1, 0) FROM `INFORMATION_SCHEMA`.`TABLES` WHERE `TABLE_NAME` = 'hm_acl_resource' AND `TABLE_SCHEMA` = DATABASE()
[Tue, 24 May 16 19:37:45 +0800][INFO] DESCRIBE `hm_acl_resource`
[Tue, 24 May 16 19:37:45 +0800][INFO] SELECT `hm_acl_resource`.`id`, `hm_acl_resource`.`name`, `hm_acl_resource`.`controller`, `hm_acl_resource`.`action`, `hm_acl_resource`.`isshow`, `hm_acl_resource`.`pid`, `hm_acl_resource`.`sort`, `hm_acl_resource`.`icon` FROM `hm_acl_resource` ORDER BY `hm_acl_resource`.`sort`
[Tue, 24 May 16 19:51:26 +0800][INFO] SELECT IF(COUNT(*) > 0, 1, 0) FROM `INFORMATION_SCHEMA`.`TABLES` WHERE `TABLE_NAME` = 'hm_acl_resource' AND `TABLE_SCHEMA` = DATABASE()
[Tue, 24 May 16 19:51:26 +0800][INFO] DESCRIBE `hm_acl_resource`
[Tue, 24 May 16 19:51:26 +0800][INFO] SELECT `hm_acl_resource`.`id`, `hm_acl_resource`.`name`, `hm_acl_resource`.`controller`, `hm_acl_resource`.`action`, `hm_acl_resource`.`isshow`, `hm_acl_resource`.`pid`, `hm_acl_resource`.`sort`, `hm_acl_resource`.`icon` FROM `hm_acl_resource` ORDER BY `hm_acl_resource`.`sort`
[Tue, 24 May 16 19:51:30 +0800][INFO] SELECT IF(COUNT(*) > 0, 1, 0) FROM `INFORMATION_SCHEMA`.`TABLES` WHERE `TABLE_NAME` = 'hm_acl_resource' AND `TABLE_SCHEMA` = DATABASE()
[Tue, 24 May 16 19:51:30 +0800][INFO] DESCRIBE `hm_acl_resource`
[Tue, 24 May 16 19:51:30 +0800][INFO] SELECT `hm_acl_resource`.`id`, `hm_acl_resource`.`name`, `hm_acl_resource`.`controller`, `hm_acl_resource`.`action`, `hm_acl_resource`.`isshow`, `hm_acl_resource`.`pid`, `hm_acl_resource`.`sort`, `hm_acl_resource`.`icon` FROM `hm_acl_resource` WHERE `hm_acl_resource`.`id` = :id LIMIT :APL0
[Tue, 24 May 16 19:51:41 +0800][INFO] SELECT IF(COUNT(*) > 0, 1, 0) FROM `INFORMATION_SCHEMA`.`TABLES` WHERE `TABLE_NAME` = 'hm_acl_resource' AND `TABLE_SCHEMA` = DATABASE()
[Tue, 24 May 16 19:51:41 +0800][INFO] DESCRIBE `hm_acl_resource`
[Tue, 24 May 16 19:51:41 +0800][INFO] SELECT `hm_acl_resource`.`id`, `hm_acl_resource`.`name`, `hm_acl_resource`.`controller`, `hm_acl_resource`.`action`, `hm_acl_resource`.`isshow`, `hm_acl_resource`.`pid`, `hm_acl_resource`.`sort`, `hm_acl_resource`.`icon` FROM `hm_acl_resource` WHERE `hm_acl_resource`.`id` = :id LIMIT :APL0
[Tue, 24 May 16 19:54:16 +0800][INFO] SELECT IF(COUNT(*) > 0, 1, 0) FROM `INFORMATION_SCHEMA`.`TABLES` WHERE `TABLE_NAME` = 'hm_acl_resource' AND `TABLE_SCHEMA` = DATABASE()
[Tue, 24 May 16 19:54:16 +0800][INFO] DESCRIBE `hm_acl_resource`
[Tue, 24 May 16 19:54:16 +0800][INFO] SELECT `hm_acl_resource`.`id`, `hm_acl_resource`.`name`, `hm_acl_resource`.`controller`, `hm_acl_resource`.`action`, `hm_acl_resource`.`isshow`, `hm_acl_resource`.`pid`, `hm_acl_resource`.`sort`, `hm_acl_resource`.`icon` FROM `hm_acl_resource` ORDER BY `hm_acl_resource`.`sort`
[Tue, 24 May 16 19:54:21 +0800][INFO] SELECT IF(COUNT(*) > 0, 1, 0) FROM `INFORMATION_SCHEMA`.`TABLES` WHERE `TABLE_NAME` = 'hm_acl_resource' AND `TABLE_SCHEMA` = DATABASE()
[Tue, 24 May 16 19:54:21 +0800][INFO] DESCRIBE `hm_acl_resource`
[Tue, 24 May 16 19:54:21 +0800][INFO] SELECT `hm_acl_resource`.`id`, `hm_acl_resource`.`name`, `hm_acl_resource`.`controller`, `hm_acl_resource`.`action`, `hm_acl_resource`.`isshow`, `hm_acl_resource`.`pid`, `hm_acl_resource`.`sort`, `hm_acl_resource`.`icon` FROM `hm_acl_resource` WHERE `hm_acl_resource`.`id` = :id LIMIT :APL0
[Tue, 24 May 16 19:56:02 +0800][INFO] SELECT IF(COUNT(*) > 0, 1, 0) FROM `INFORMATION_SCHEMA`.`TABLES` WHERE `TABLE_NAME` = 'hm_acl_resource' AND `TABLE_SCHEMA` = DATABASE()
[Tue, 24 May 16 19:56:02 +0800][INFO] DESCRIBE `hm_acl_resource`
[Tue, 24 May 16 19:56:02 +0800][INFO] SELECT `hm_acl_resource`.`id`, `hm_acl_resource`.`name`, `hm_acl_resource`.`controller`, `hm_acl_resource`.`action`, `hm_acl_resource`.`isshow`, `hm_acl_resource`.`pid`, `hm_acl_resource`.`sort`, `hm_acl_resource`.`icon` FROM `hm_acl_resource` ORDER BY `hm_acl_resource`.`sort`
[Tue, 24 May 16 19:56:22 +0800][INFO] SELECT IF(COUNT(*) > 0, 1, 0) FROM `INFORMATION_SCHEMA`.`TABLES` WHERE `TABLE_NAME` = 'hm_acl_resource' AND `TABLE_SCHEMA` = DATABASE()
[Tue, 24 May 16 19:56:22 +0800][INFO] DESCRIBE `hm_acl_resource`
[Tue, 24 May 16 19:56:22 +0800][INFO] SELECT `hm_acl_resource`.`id`, `hm_acl_resource`.`name`, `hm_acl_resource`.`controller`, `hm_acl_resource`.`action`, `hm_acl_resource`.`isshow`, `hm_acl_resource`.`pid`, `hm_acl_resource`.`sort`, `hm_acl_resource`.`icon` FROM `hm_acl_resource` WHERE `hm_acl_resource`.`id` = :id LIMIT :APL0
[Tue, 24 May 16 19:57:33 +0800][INFO] SELECT IF(COUNT(*) > 0, 1, 0) FROM `INFORMATION_SCHEMA`.`TABLES` WHERE `TABLE_NAME` = 'hm_login_log' AND `TABLE_SCHEMA` = DATABASE()
[Tue, 24 May 16 19:57:33 +0800][INFO] DESCRIBE `hm_login_log`
[Tue, 24 May 16 19:57:33 +0800][INFO] INSERT INTO `hm_login_log` (`username`, `logintime`, `loginip`, `status`, `info`, `area`, `country`, `useragent`) VALUES (?, ?, ?, ?, ?, ?, ?, ?)
[Tue, 24 May 16 19:57:36 +0800][INFO] SELECT `hm_user`.`id` AS `id`, `hm_user`.`username` AS `username`, `hm_user`.`nickname` AS `nickname`, `hm_user`.`status` AS `status` FROM `hm_user` WHERE `hm_user`.`username` = :username AND `hm_user`.`password` = :password LIMIT :APL0
[Tue, 24 May 16 19:57:36 +0800][INFO] SELECT IF(COUNT(*) > 0, 1, 0) FROM `INFORMATION_SCHEMA`.`TABLES` WHERE `TABLE_NAME` = 'hm_login_log' AND `TABLE_SCHEMA` = DATABASE()
[Tue, 24 May 16 19:57:36 +0800][INFO] DESCRIBE `hm_login_log`
[Tue, 24 May 16 19:57:36 +0800][INFO] INSERT INTO `hm_login_log` (`username`, `logintime`, `loginip`, `status`, `info`, `area`, `country`, `useragent`) VALUES (?, ?, ?, ?, ?, ?, ?, ?)
[Tue, 24 May 16 19:57:39 +0800][INFO] SELECT `hm_acl_resource`.`id` AS `id`, `hm_acl_resource`.`name` AS `name` FROM `hm_acl_resource` WHERE `hm_acl_resource`.`pid` = :pid AND `hm_acl_resource`.`isshow` = :isshow ORDER BY `hm_acl_resource`.`sort`
[Tue, 24 May 16 19:57:39 +0800][INFO] SELECT `hm_acl_resource`.`id` AS `id`, `hm_acl_resource`.`name` AS `name`, `hm_acl_resource`.`controller` AS `controller`, `hm_acl_resource`.`action` AS `action`, `hm_acl_resource`.`sort` AS `sort`, `hm_acl_resource`.`icon` AS `icon` FROM `hm_acl_resource` WHERE `hm_acl_resource`.`pid` = :pid AND `hm_acl_resource`.`isshow` = :isshow ORDER BY `hm_acl_resource`.`sort`
[Tue, 24 May 16 19:57:41 +0800][INFO] SELECT `hm_acl_resource`.`id` AS `id`, `hm_acl_resource`.`name` AS `name`, `hm_acl_resource`.`controller` AS `controller`, `hm_acl_resource`.`action` AS `action`, `hm_acl_resource`.`sort` AS `sort`, `hm_acl_resource`.`icon` AS `icon` FROM `hm_acl_resource` WHERE `hm_acl_resource`.`pid` = :pid AND `hm_acl_resource`.`isshow` = :isshow ORDER BY `hm_acl_resource`.`sort`
[Tue, 24 May 16 19:57:41 +0800][INFO] SELECT `hm_acl_resource`.`id` AS `id`, `hm_acl_resource`.`name` AS `name`, `hm_acl_resource`.`controller` AS `controller`, `hm_acl_resource`.`action` AS `action`, `hm_acl_resource`.`sort` AS `sort`, `hm_acl_resource`.`icon` AS `icon` FROM `hm_acl_resource` WHERE `hm_acl_resource`.`pid` = :pid AND `hm_acl_resource`.`isshow` = :isshow ORDER BY `hm_acl_resource`.`sort`
[Tue, 24 May 16 19:57:41 +0800][INFO] SELECT `hm_acl_resource`.`id` AS `id`, `hm_acl_resource`.`name` AS `name`, `hm_acl_resource`.`controller` AS `controller`, `hm_acl_resource`.`action` AS `action`, `hm_acl_resource`.`sort` AS `sort`, `hm_acl_resource`.`icon` AS `icon` FROM `hm_acl_resource` WHERE `hm_acl_resource`.`pid` = :pid AND `hm_acl_resource`.`isshow` = :isshow ORDER BY `hm_acl_resource`.`sort`
[Tue, 24 May 16 19:57:41 +0800][INFO] SELECT `hm_acl_resource`.`id` AS `id`, `hm_acl_resource`.`name` AS `name`, `hm_acl_resource`.`controller` AS `controller`, `hm_acl_resource`.`action` AS `action`, `hm_acl_resource`.`sort` AS `sort`, `hm_acl_resource`.`icon` AS `icon` FROM `hm_acl_resource` WHERE `hm_acl_resource`.`pid` = :pid AND `hm_acl_resource`.`isshow` = :isshow ORDER BY `hm_acl_resource`.`sort`
[Tue, 24 May 16 19:57:44 +0800][INFO] SELECT IF(COUNT(*) > 0, 1, 0) FROM `INFORMATION_SCHEMA`.`TABLES` WHERE `TABLE_NAME` = 'hm_acl_resource' AND `TABLE_SCHEMA` = DATABASE()
[Tue, 24 May 16 19:57:44 +0800][INFO] DESCRIBE `hm_acl_resource`
[Tue, 24 May 16 19:57:44 +0800][INFO] SELECT `hm_acl_resource`.`id`, `hm_acl_resource`.`name`, `hm_acl_resource`.`controller`, `hm_acl_resource`.`action`, `hm_acl_resource`.`isshow`, `hm_acl_resource`.`pid`, `hm_acl_resource`.`sort`, `hm_acl_resource`.`icon` FROM `hm_acl_resource` ORDER BY `hm_acl_resource`.`sort`
[Tue, 24 May 16 20:07:50 +0800][INFO] SELECT IF(COUNT(*) > 0, 1, 0) FROM `INFORMATION_SCHEMA`.`TABLES` WHERE `TABLE_NAME` = 'hm_acl_resource' AND `TABLE_SCHEMA` = DATABASE()
[Tue, 24 May 16 20:07:50 +0800][INFO] DESCRIBE `hm_acl_resource`
[Tue, 24 May 16 20:07:50 +0800][INFO] SELECT `hm_acl_resource`.`id`, `hm_acl_resource`.`name`, `hm_acl_resource`.`controller`, `hm_acl_resource`.`action`, `hm_acl_resource`.`isshow`, `hm_acl_resource`.`pid`, `hm_acl_resource`.`sort`, `hm_acl_resource`.`icon` FROM `hm_acl_resource` ORDER BY `hm_acl_resource`.`sort`
[Tue, 24 May 16 20:11:50 +0800][INFO] SELECT IF(COUNT(*) > 0, 1, 0) FROM `INFORMATION_SCHEMA`.`TABLES` WHERE `TABLE_NAME` = 'hm_acl_resource' AND `TABLE_SCHEMA` = DATABASE()
[Tue, 24 May 16 20:11:50 +0800][INFO] DESCRIBE `hm_acl_resource`
[Tue, 24 May 16 20:11:50 +0800][INFO] SELECT `hm_acl_resource`.`id`, `hm_acl_resource`.`name`, `hm_acl_resource`.`controller`, `hm_acl_resource`.`action`, `hm_acl_resource`.`isshow`, `hm_acl_resource`.`pid`, `hm_acl_resource`.`sort`, `hm_acl_resource`.`icon` FROM `hm_acl_resource` ORDER BY `hm_acl_resource`.`sort`
[Tue, 24 May 16 20:11:51 +0800][INFO] SELECT IF(COUNT(*) > 0, 1, 0) FROM `INFORMATION_SCHEMA`.`TABLES` WHERE `TABLE_NAME` = 'hm_acl_resource' AND `TABLE_SCHEMA` = DATABASE()
[Tue, 24 May 16 20:11:51 +0800][INFO] DESCRIBE `hm_acl_resource`
[Tue, 24 May 16 20:11:51 +0800][INFO] SELECT `hm_acl_resource`.`id`, `hm_acl_resource`.`name`, `hm_acl_resource`.`controller`, `hm_acl_resource`.`action`, `hm_acl_resource`.`isshow`, `hm_acl_resource`.`pid`, `hm_acl_resource`.`sort`, `hm_acl_resource`.`icon` FROM `hm_acl_resource` ORDER BY `hm_acl_resource`.`sort`
[Tue, 24 May 16 20:17:50 +0800][INFO] SELECT `hm_acl_resource`.`id` AS `id`, `hm_acl_resource`.`name` AS `name`, `hm_acl_resource`.`controller` AS `controller`, `hm_acl_resource`.`action` AS `action`, `hm_acl_resource`.`sort` AS `sort`, `hm_acl_resource`.`icon` AS `icon` FROM `hm_acl_resource` WHERE `hm_acl_resource`.`pid` = :pid AND `hm_acl_resource`.`isshow` = :isshow ORDER BY `hm_acl_resource`.`sort`
[Tue, 24 May 16 20:17:50 +0800][INFO] SELECT `hm_acl_resource`.`id` AS `id`, `hm_acl_resource`.`name` AS `name`, `hm_acl_resource`.`controller` AS `controller`, `hm_acl_resource`.`action` AS `action`, `hm_acl_resource`.`sort` AS `sort`, `hm_acl_resource`.`icon` AS `icon` FROM `hm_acl_resource` WHERE `hm_acl_resource`.`pid` = :pid AND `hm_acl_resource`.`isshow` = :isshow ORDER BY `hm_acl_resource`.`sort`
[Tue, 24 May 16 20:17:50 +0800][INFO] SELECT `hm_acl_resource`.`id` AS `id`, `hm_acl_resource`.`name` AS `name`, `hm_acl_resource`.`controller` AS `controller`, `hm_acl_resource`.`action` AS `action`, `hm_acl_resource`.`sort` AS `sort`, `hm_acl_resource`.`icon` AS `icon` FROM `hm_acl_resource` WHERE `hm_acl_resource`.`pid` = :pid AND `hm_acl_resource`.`isshow` = :isshow ORDER BY `hm_acl_resource`.`sort`
[Tue, 24 May 16 20:17:51 +0800][INFO] SELECT `hm_acl_resource`.`id` AS `id`, `hm_acl_resource`.`name` AS `name`, `hm_acl_resource`.`controller` AS `controller`, `hm_acl_resource`.`action` AS `action`, `hm_acl_resource`.`sort` AS `sort`, `hm_acl_resource`.`icon` AS `icon` FROM `hm_acl_resource` WHERE `hm_acl_resource`.`pid` = :pid AND `hm_acl_resource`.`isshow` = :isshow ORDER BY `hm_acl_resource`.`sort`
[Tue, 24 May 16 20:17:51 +0800][INFO] SELECT `hm_acl_resource`.`id` AS `id`, `hm_acl_resource`.`name` AS `name`, `hm_acl_resource`.`controller` AS `controller`, `hm_acl_resource`.`action` AS `action`, `hm_acl_resource`.`sort` AS `sort`, `hm_acl_resource`.`icon` AS `icon` FROM `hm_acl_resource` WHERE `hm_acl_resource`.`pid` = :pid AND `hm_acl_resource`.`isshow` = :isshow ORDER BY `hm_acl_resource`.`sort`
[Tue, 24 May 16 20:17:51 +0800][INFO] SELECT `hm_acl_resource`.`id` AS `id`, `hm_acl_resource`.`name` AS `name`, `hm_acl_resource`.`controller` AS `controller`, `hm_acl_resource`.`action` AS `action`, `hm_acl_resource`.`sort` AS `sort`, `hm_acl_resource`.`icon` AS `icon` FROM `hm_acl_resource` WHERE `hm_acl_resource`.`pid` = :pid AND `hm_acl_resource`.`isshow` = :isshow ORDER BY `hm_acl_resource`.`sort`
[Tue, 24 May 16 20:20:13 +0800][INFO] SELECT IF(COUNT(*) > 0, 1, 0) FROM `INFORMATION_SCHEMA`.`TABLES` WHERE `TABLE_NAME` = 'hm_acl_resource' AND `TABLE_SCHEMA` = DATABASE()
[Tue, 24 May 16 20:20:13 +0800][INFO] DESCRIBE `hm_acl_resource`
[Tue, 24 May 16 20:20:13 +0800][INFO] SELECT `hm_acl_resource`.`id`, `hm_acl_resource`.`name`, `hm_acl_resource`.`controller`, `hm_acl_resource`.`action`, `hm_acl_resource`.`isshow`, `hm_acl_resource`.`pid`, `hm_acl_resource`.`sort`, `hm_acl_resource`.`icon` FROM `hm_acl_resource` ORDER BY `hm_acl_resource`.`sort`
[Tue, 24 May 16 20:20:15 +0800][INFO] SELECT IF(COUNT(*) > 0, 1, 0) FROM `INFORMATION_SCHEMA`.`TABLES` WHERE `TABLE_NAME` = 'hm_acl_resource' AND `TABLE_SCHEMA` = DATABASE()
[Tue, 24 May 16 20:20:15 +0800][INFO] DESCRIBE `hm_acl_resource`
[Tue, 24 May 16 20:20:15 +0800][INFO] SELECT `hm_acl_resource`.`id`, `hm_acl_resource`.`name`, `hm_acl_resource`.`controller`, `hm_acl_resource`.`action`, `hm_acl_resource`.`isshow`, `hm_acl_resource`.`pid`, `hm_acl_resource`.`sort`, `hm_acl_resource`.`icon` FROM `hm_acl_resource` ORDER BY `hm_acl_resource`.`sort`
[Tue, 24 May 16 20:21:54 +0800][INFO] SELECT IF(COUNT(*) > 0, 1, 0) FROM `INFORMATION_SCHEMA`.`TABLES` WHERE `TABLE_NAME` = 'hm_acl_resource' AND `TABLE_SCHEMA` = DATABASE()
[Tue, 24 May 16 20:21:54 +0800][INFO] DESCRIBE `hm_acl_resource`
[Tue, 24 May 16 20:21:54 +0800][INFO] SELECT `hm_acl_resource`.`id`, `hm_acl_resource`.`name`, `hm_acl_resource`.`controller`, `hm_acl_resource`.`action`, `hm_acl_resource`.`isshow`, `hm_acl_resource`.`pid`, `hm_acl_resource`.`sort`, `hm_acl_resource`.`icon` FROM `hm_acl_resource` ORDER BY `hm_acl_resource`.`sort`
[Tue, 24 May 16 20:21:55 +0800][INFO] SELECT IF(COUNT(*) > 0, 1, 0) FROM `INFORMATION_SCHEMA`.`TABLES` WHERE `TABLE_NAME` = 'hm_acl_resource' AND `TABLE_SCHEMA` = DATABASE()
[Tue, 24 May 16 20:21:55 +0800][INFO] DESCRIBE `hm_acl_resource`
[Tue, 24 May 16 20:21:55 +0800][INFO] SELECT `hm_acl_resource`.`id`, `hm_acl_resource`.`name`, `hm_acl_resource`.`controller`, `hm_acl_resource`.`action`, `hm_acl_resource`.`isshow`, `hm_acl_resource`.`pid`, `hm_acl_resource`.`sort`, `hm_acl_resource`.`icon` FROM `hm_acl_resource` ORDER BY `hm_acl_resource`.`sort`
[Tue, 24 May 16 20:21:59 +0800][INFO] SELECT IF(COUNT(*) > 0, 1, 0) FROM `INFORMATION_SCHEMA`.`TABLES` WHERE `TABLE_NAME` = 'hm_acl_resource' AND `TABLE_SCHEMA` = DATABASE()
[Tue, 24 May 16 20:21:59 +0800][INFO] DESCRIBE `hm_acl_resource`
[Tue, 24 May 16 20:21:59 +0800][INFO] SELECT `hm_acl_resource`.`id`, `hm_acl_resource`.`name`, `hm_acl_resource`.`controller`, `hm_acl_resource`.`action`, `hm_acl_resource`.`isshow`, `hm_acl_resource`.`pid`, `hm_acl_resource`.`sort`, `hm_acl_resource`.`icon` FROM `hm_acl_resource` WHERE `hm_acl_resource`.`id` = :id LIMIT :APL0
[Tue, 24 May 16 20:25:47 +0800][INFO] SELECT IF(COUNT(*) > 0, 1, 0) FROM `INFORMATION_SCHEMA`.`TABLES` WHERE `TABLE_NAME` = 'hm_acl_resource' AND `TABLE_SCHEMA` = DATABASE()
[Tue, 24 May 16 20:25:47 +0800][INFO] DESCRIBE `hm_acl_resource`
[Tue, 24 May 16 20:25:47 +0800][INFO] SELECT `hm_acl_resource`.`id`, `hm_acl_resource`.`name`, `hm_acl_resource`.`controller`, `hm_acl_resource`.`action`, `hm_acl_resource`.`isshow`, `hm_acl_resource`.`pid`, `hm_acl_resource`.`sort`, `hm_acl_resource`.`icon` FROM `hm_acl_resource` ORDER BY `hm_acl_resource`.`sort`
[Tue, 24 May 16 20:25:50 +0800][INFO] SELECT IF(COUNT(*) > 0, 1, 0) FROM `INFORMATION_SCHEMA`.`TABLES` WHERE `TABLE_NAME` = 'hm_acl_resource' AND `TABLE_SCHEMA` = DATABASE()
[Tue, 24 May 16 20:25:50 +0800][INFO] DESCRIBE `hm_acl_resource`
[Tue, 24 May 16 20:25:50 +0800][INFO] SELECT `hm_acl_resource`.`id`, `hm_acl_resource`.`name`, `hm_acl_resource`.`controller`, `hm_acl_resource`.`action`, `hm_acl_resource`.`isshow`, `hm_acl_resource`.`pid`, `hm_acl_resource`.`sort`, `hm_acl_resource`.`icon` FROM `hm_acl_resource` ORDER BY `hm_acl_resource`.`sort`
[Tue, 24 May 16 20:25:50 +0800][INFO] SELECT `hm_acl_resource`.`id`, `hm_acl_resource`.`name`, `hm_acl_resource`.`controller`, `hm_acl_resource`.`action`, `hm_acl_resource`.`isshow`, `hm_acl_resource`.`pid`, `hm_acl_resource`.`sort`, `hm_acl_resource`.`icon` FROM `hm_acl_resource` WHERE `hm_acl_resource`.`id` = :id LIMIT :APL0
[Tue, 24 May 16 20:25:56 +0800][INFO] SELECT IF(COUNT(*) > 0, 1, 0) FROM `INFORMATION_SCHEMA`.`TABLES` WHERE `TABLE_NAME` = 'hm_acl_resource' AND `TABLE_SCHEMA` = DATABASE()
[Tue, 24 May 16 20:25:56 +0800][INFO] DESCRIBE `hm_acl_resource`
[Tue, 24 May 16 20:25:56 +0800][INFO] SELECT `hm_acl_resource`.`id`, `hm_acl_resource`.`name`, `hm_acl_resource`.`controller`, `hm_acl_resource`.`action`, `hm_acl_resource`.`isshow`, `hm_acl_resource`.`pid`, `hm_acl_resource`.`sort`, `hm_acl_resource`.`icon` FROM `hm_acl_resource` WHERE `hm_acl_resource`.`id` = :id LIMIT :APL0
[Tue, 24 May 16 20:25:59 +0800][INFO] SELECT IF(COUNT(*) > 0, 1, 0) FROM `INFORMATION_SCHEMA`.`TABLES` WHERE `TABLE_NAME` = 'hm_acl_resource' AND `TABLE_SCHEMA` = DATABASE()
[Tue, 24 May 16 20:25:59 +0800][INFO] DESCRIBE `hm_acl_resource`
[Tue, 24 May 16 20:25:59 +0800][INFO] SELECT `hm_acl_resource`.`id`, `hm_acl_resource`.`name`, `hm_acl_resource`.`controller`, `hm_acl_resource`.`action`, `hm_acl_resource`.`isshow`, `hm_acl_resource`.`pid`, `hm_acl_resource`.`sort`, `hm_acl_resource`.`icon` FROM `hm_acl_resource` WHERE `hm_acl_resource`.`id` = :id LIMIT :APL0
[Tue, 24 May 16 20:26:03 +0800][INFO] SELECT IF(COUNT(*) > 0, 1, 0) FROM `INFORMATION_SCHEMA`.`TABLES` WHERE `TABLE_NAME` = 'hm_acl_resource' AND `TABLE_SCHEMA` = DATABASE()
[Tue, 24 May 16 20:26:03 +0800][INFO] DESCRIBE `hm_acl_resource`
[Tue, 24 May 16 20:26:03 +0800][INFO] SELECT `hm_acl_resource`.`id`, `hm_acl_resource`.`name`, `hm_acl_resource`.`controller`, `hm_acl_resource`.`action`, `hm_acl_resource`.`isshow`, `hm_acl_resource`.`pid`, `hm_acl_resource`.`sort`, `hm_acl_resource`.`icon` FROM `hm_acl_resource` WHERE `hm_acl_resource`.`id` = :id LIMIT :APL0
[Tue, 24 May 16 20:30:05 +0800][INFO] SELECT IF(COUNT(*) > 0, 1, 0) FROM `INFORMATION_SCHEMA`.`TABLES` WHERE `TABLE_NAME` = 'hm_acl_resource' AND `TABLE_SCHEMA` = DATABASE()
[Tue, 24 May 16 20:30:05 +0800][INFO] DESCRIBE `hm_acl_resource`
[Tue, 24 May 16 20:30:05 +0800][INFO] SELECT `hm_acl_resource`.`id`, `hm_acl_resource`.`name`, `hm_acl_resource`.`controller`, `hm_acl_resource`.`action`, `hm_acl_resource`.`isshow`, `hm_acl_resource`.`pid`, `hm_acl_resource`.`sort`, `hm_acl_resource`.`icon` FROM `hm_acl_resource` ORDER BY `hm_acl_resource`.`sort`
[Tue, 24 May 16 20:30:07 +0800][INFO] SELECT IF(COUNT(*) > 0, 1, 0) FROM `INFORMATION_SCHEMA`.`TABLES` WHERE `TABLE_NAME` = 'hm_acl_resource' AND `TABLE_SCHEMA` = DATABASE()
[Tue, 24 May 16 20:30:07 +0800][INFO] DESCRIBE `hm_acl_resource`
[Tue, 24 May 16 20:30:07 +0800][INFO] SELECT `hm_acl_resource`.`id`, `hm_acl_resource`.`name`, `hm_acl_resource`.`controller`, `hm_acl_resource`.`action`, `hm_acl_resource`.`isshow`, `hm_acl_resource`.`pid`, `hm_acl_resource`.`sort`, `hm_acl_resource`.`icon` FROM `hm_acl_resource` ORDER BY `hm_acl_resource`.`sort`
[Tue, 24 May 16 20:30:07 +0800][INFO] SELECT `hm_acl_resource`.`id`, `hm_acl_resource`.`name`, `hm_acl_resource`.`controller`, `hm_acl_resource`.`action`, `hm_acl_resource`.`isshow`, `hm_acl_resource`.`pid`, `hm_acl_resource`.`sort`, `hm_acl_resource`.`icon` FROM `hm_acl_resource` WHERE `hm_acl_resource`.`id` = :id LIMIT :APL0
[Tue, 24 May 16 20:30:16 +0800][INFO] SELECT IF(COUNT(*) > 0, 1, 0) FROM `INFORMATION_SCHEMA`.`TABLES` WHERE `TABLE_NAME` = 'hm_acl_resource' AND `TABLE_SCHEMA` = DATABASE()
[Tue, 24 May 16 20:30:16 +0800][INFO] DESCRIBE `hm_acl_resource`
[Tue, 24 May 16 20:30:16 +0800][INFO] SELECT `hm_acl_resource`.`id`, `hm_acl_resource`.`name`, `hm_acl_resource`.`controller`, `hm_acl_resource`.`action`, `hm_acl_resource`.`isshow`, `hm_acl_resource`.`pid`, `hm_acl_resource`.`sort`, `hm_acl_resource`.`icon` FROM `hm_acl_resource` WHERE `hm_acl_resource`.`id` = :id LIMIT :APL0
[Tue, 24 May 16 20:30:25 +0800][INFO] SELECT IF(COUNT(*) > 0, 1, 0) FROM `INFORMATION_SCHEMA`.`TABLES` WHERE `TABLE_NAME` = 'hm_acl_resource' AND `TABLE_SCHEMA` = DATABASE()
[Tue, 24 May 16 20:30:25 +0800][INFO] DESCRIBE `hm_acl_resource`
[Tue, 24 May 16 20:30:25 +0800][INFO] SELECT `hm_acl_resource`.`id`, `hm_acl_resource`.`name`, `hm_acl_resource`.`controller`, `hm_acl_resource`.`action`, `hm_acl_resource`.`isshow`, `hm_acl_resource`.`pid`, `hm_acl_resource`.`sort`, `hm_acl_resource`.`icon` FROM `hm_acl_resource` WHERE `hm_acl_resource`.`id` = :id LIMIT :APL0
[Tue, 24 May 16 20:32:48 +0800][INFO] SELECT IF(COUNT(*) > 0, 1, 0) FROM `INFORMATION_SCHEMA`.`TABLES` WHERE `TABLE_NAME` = 'hm_acl_resource' AND `TABLE_SCHEMA` = DATABASE()
[Tue, 24 May 16 20:32:48 +0800][INFO] DESCRIBE `hm_acl_resource`
[Tue, 24 May 16 20:32:48 +0800][INFO] SELECT `hm_acl_resource`.`id`, `hm_acl_resource`.`name`, `hm_acl_resource`.`controller`, `hm_acl_resource`.`action`, `hm_acl_resource`.`isshow`, `hm_acl_resource`.`pid`, `hm_acl_resource`.`sort`, `hm_acl_resource`.`icon` FROM `hm_acl_resource` ORDER BY `hm_acl_resource`.`sort`
[Tue, 24 May 16 20:32:52 +0800][INFO] SELECT IF(COUNT(*) > 0, 1, 0) FROM `INFORMATION_SCHEMA`.`TABLES` WHERE `TABLE_NAME` = 'hm_acl_resource' AND `TABLE_SCHEMA` = DATABASE()
[Tue, 24 May 16 20:32:52 +0800][INFO] DESCRIBE `hm_acl_resource`
[Tue, 24 May 16 20:32:52 +0800][INFO] SELECT `hm_acl_resource`.`id`, `hm_acl_resource`.`name`, `hm_acl_resource`.`controller`, `hm_acl_resource`.`action`, `hm_acl_resource`.`isshow`, `hm_acl_resource`.`pid`, `hm_acl_resource`.`sort`, `hm_acl_resource`.`icon` FROM `hm_acl_resource` ORDER BY `hm_acl_resource`.`sort`
[Tue, 24 May 16 20:32:52 +0800][INFO] SELECT `hm_acl_resource`.`id`, `hm_acl_resource`.`name`, `hm_acl_resource`.`controller`, `hm_acl_resource`.`action`, `hm_acl_resource`.`isshow`, `hm_acl_resource`.`pid`, `hm_acl_resource`.`sort`, `hm_acl_resource`.`icon` FROM `hm_acl_resource` WHERE `hm_acl_resource`.`id` = :id LIMIT :APL0
[Tue, 24 May 16 20:33:03 +0800][INFO] SELECT IF(COUNT(*) > 0, 1, 0) FROM `INFORMATION_SCHEMA`.`TABLES` WHERE `TABLE_NAME` = 'hm_acl_resource' AND `TABLE_SCHEMA` = DATABASE()
[Tue, 24 May 16 20:33:03 +0800][INFO] DESCRIBE `hm_acl_resource`
[Tue, 24 May 16 20:33:03 +0800][INFO] SELECT `hm_acl_resource`.`id`, `hm_acl_resource`.`name`, `hm_acl_resource`.`controller`, `hm_acl_resource`.`action`, `hm_acl_resource`.`isshow`, `hm_acl_resource`.`pid`, `hm_acl_resource`.`sort`, `hm_acl_resource`.`icon` FROM `hm_acl_resource` WHERE `hm_acl_resource`.`id` = :id LIMIT :APL0
[Tue, 24 May 16 20:34:20 +0800][INFO] SELECT IF(COUNT(*) > 0, 1, 0) FROM `INFORMATION_SCHEMA`.`TABLES` WHERE `TABLE_NAME` = 'hm_acl_resource' AND `TABLE_SCHEMA` = DATABASE()
[Tue, 24 May 16 20:34:20 +0800][INFO] DESCRIBE `hm_acl_resource`
[Tue, 24 May 16 20:34:20 +0800][INFO] SELECT `hm_acl_resource`.`id`, `hm_acl_resource`.`name`, `hm_acl_resource`.`controller`, `hm_acl_resource`.`action`, `hm_acl_resource`.`isshow`, `hm_acl_resource`.`pid`, `hm_acl_resource`.`sort`, `hm_acl_resource`.`icon` FROM `hm_acl_resource` WHERE `hm_acl_resource`.`id` = :id LIMIT :APL0
[Tue, 24 May 16 20:35:11 +0800][INFO] SELECT `hm_acl_resource`.`id` AS `id`, `hm_acl_resource`.`name` AS `name` FROM `hm_acl_resource` WHERE `hm_acl_resource`.`pid` = :pid AND `hm_acl_resource`.`isshow` = :isshow ORDER BY `hm_acl_resource`.`sort`
[Tue, 24 May 16 20:35:11 +0800][INFO] SELECT `hm_acl_resource`.`id` AS `id`, `hm_acl_resource`.`name` AS `name`, `hm_acl_resource`.`controller` AS `controller`, `hm_acl_resource`.`action` AS `action`, `hm_acl_resource`.`sort` AS `sort`, `hm_acl_resource`.`icon` AS `icon` FROM `hm_acl_resource` WHERE `hm_acl_resource`.`pid` = :pid AND `hm_acl_resource`.`isshow` = :isshow ORDER BY `hm_acl_resource`.`sort`
[Tue, 24 May 16 20:35:12 +0800][INFO] SELECT `hm_acl_resource`.`id` AS `id`, `hm_acl_resource`.`name` AS `name`, `hm_acl_resource`.`controller` AS `controller`, `hm_acl_resource`.`action` AS `action`, `hm_acl_resource`.`sort` AS `sort`, `hm_acl_resource`.`icon` AS `icon` FROM `hm_acl_resource` WHERE `hm_acl_resource`.`pid` = :pid AND `hm_acl_resource`.`isshow` = :isshow ORDER BY `hm_acl_resource`.`sort`
[Tue, 24 May 16 20:35:12 +0800][INFO] SELECT `hm_acl_resource`.`id` AS `id`, `hm_acl_resource`.`name` AS `name`, `hm_acl_resource`.`controller` AS `controller`, `hm_acl_resource`.`action` AS `action`, `hm_acl_resource`.`sort` AS `sort`, `hm_acl_resource`.`icon` AS `icon` FROM `hm_acl_resource` WHERE `hm_acl_resource`.`pid` = :pid AND `hm_acl_resource`.`isshow` = :isshow ORDER BY `hm_acl_resource`.`sort`
[Tue, 24 May 16 20:35:12 +0800][INFO] SELECT `hm_acl_resource`.`id` AS `id`, `hm_acl_resource`.`name` AS `name`, `hm_acl_resource`.`controller` AS `controller`, `hm_acl_resource`.`action` AS `action`, `hm_acl_resource`.`sort` AS `sort`, `hm_acl_resource`.`icon` AS `icon` FROM `hm_acl_resource` WHERE `hm_acl_resource`.`pid` = :pid AND `hm_acl_resource`.`isshow` = :isshow ORDER BY `hm_acl_resource`.`sort`
[Tue, 24 May 16 20:35:13 +0800][INFO] SELECT IF(COUNT(*) > 0, 1, 0) FROM `INFORMATION_SCHEMA`.`TABLES` WHERE `TABLE_NAME` = 'hm_acl_resource' AND `TABLE_SCHEMA` = DATABASE()
[Tue, 24 May 16 20:35:13 +0800][INFO] DESCRIBE `hm_acl_resource`
[Tue, 24 May 16 20:35:13 +0800][INFO] SELECT `hm_acl_resource`.`id`, `hm_acl_resource`.`name`, `hm_acl_resource`.`controller`, `hm_acl_resource`.`action`, `hm_acl_resource`.`isshow`, `hm_acl_resource`.`pid`, `hm_acl_resource`.`sort`, `hm_acl_resource`.`icon` FROM `hm_acl_resource` ORDER BY `hm_acl_resource`.`sort`
[Tue, 24 May 16 20:35:16 +0800][INFO] SELECT IF(COUNT(*) > 0, 1, 0) FROM `INFORMATION_SCHEMA`.`TABLES` WHERE `TABLE_NAME` = 'hm_acl_resource' AND `TABLE_SCHEMA` = DATABASE()
[Tue, 24 May 16 20:35:16 +0800][INFO] DESCRIBE `hm_acl_resource`
[Tue, 24 May 16 20:35:16 +0800][INFO] SELECT `hm_acl_resource`.`id`, `hm_acl_resource`.`name`, `hm_acl_resource`.`controller`, `hm_acl_resource`.`action`, `hm_acl_resource`.`isshow`, `hm_acl_resource`.`pid`, `hm_acl_resource`.`sort`, `hm_acl_resource`.`icon` FROM `hm_acl_resource` ORDER BY `hm_acl_resource`.`sort`
[Tue, 24 May 16 20:35:16 +0800][INFO] SELECT `hm_acl_resource`.`id`, `hm_acl_resource`.`name`, `hm_acl_resource`.`controller`, `hm_acl_resource`.`action`, `hm_acl_resource`.`isshow`, `hm_acl_resource`.`pid`, `hm_acl_resource`.`sort`, `hm_acl_resource`.`icon` FROM `hm_acl_resource` WHERE `hm_acl_resource`.`id` = :id LIMIT :APL0
[Tue, 24 May 16 20:36:20 +0800][INFO] SELECT IF(COUNT(*) > 0, 1, 0) FROM `INFORMATION_SCHEMA`.`TABLES` WHERE `TABLE_NAME` = 'hm_acl_resource' AND `TABLE_SCHEMA` = DATABASE()
[Tue, 24 May 16 20:36:20 +0800][INFO] DESCRIBE `hm_acl_resource`
[Tue, 24 May 16 20:36:20 +0800][INFO] SELECT `hm_acl_resource`.`id`, `hm_acl_resource`.`name`, `hm_acl_resource`.`controller`, `hm_acl_resource`.`action`, `hm_acl_resource`.`isshow`, `hm_acl_resource`.`pid`, `hm_acl_resource`.`sort`, `hm_acl_resource`.`icon` FROM `hm_acl_resource` WHERE `hm_acl_resource`.`id` = :id LIMIT :APL0
[Tue, 24 May 16 20:36:24 +0800][INFO] SELECT IF(COUNT(*) > 0, 1, 0) FROM `INFORMATION_SCHEMA`.`TABLES` WHERE `TABLE_NAME` = 'hm_acl_resource' AND `TABLE_SCHEMA` = DATABASE()
[Tue, 24 May 16 20:36:24 +0800][INFO] DESCRIBE `hm_acl_resource`
[Tue, 24 May 16 20:36:24 +0800][INFO] SELECT `hm_acl_resource`.`id`, `hm_acl_resource`.`name`, `hm_acl_resource`.`controller`, `hm_acl_resource`.`action`, `hm_acl_resource`.`isshow`, `hm_acl_resource`.`pid`, `hm_acl_resource`.`sort`, `hm_acl_resource`.`icon` FROM `hm_acl_resource` WHERE `hm_acl_resource`.`name` = :name
[Tue, 24 May 16 20:37:25 +0800][INFO] SELECT `hm_acl_resource`.`id` AS `id`, `hm_acl_resource`.`name` AS `name` FROM `hm_acl_resource` WHERE `hm_acl_resource`.`pid` = :pid AND `hm_acl_resource`.`isshow` = :isshow ORDER BY `hm_acl_resource`.`sort`
[Tue, 24 May 16 20:37:25 +0800][INFO] SELECT `hm_acl_resource`.`id` AS `id`, `hm_acl_resource`.`name` AS `name`, `hm_acl_resource`.`controller` AS `controller`, `hm_acl_resource`.`action` AS `action`, `hm_acl_resource`.`sort` AS `sort`, `hm_acl_resource`.`icon` AS `icon` FROM `hm_acl_resource` WHERE `hm_acl_resource`.`pid` = :pid AND `hm_acl_resource`.`isshow` = :isshow ORDER BY `hm_acl_resource`.`sort`
[Tue, 24 May 16 20:37:25 +0800][INFO] SELECT IF(COUNT(*) > 0, 1, 0) FROM `INFORMATION_SCHEMA`.`TABLES` WHERE `TABLE_NAME` = 'hm_acl_resource' AND `TABLE_SCHEMA` = DATABASE()
[Tue, 24 May 16 20:37:25 +0800][INFO] DESCRIBE `hm_acl_resource`
[Tue, 24 May 16 20:37:25 +0800][INFO] SELECT `hm_acl_resource`.`id`, `hm_acl_resource`.`name`, `hm_acl_resource`.`controller`, `hm_acl_resource`.`action`, `hm_acl_resource`.`isshow`, `hm_acl_resource`.`pid`, `hm_acl_resource`.`sort`, `hm_acl_resource`.`icon` FROM `hm_acl_resource` ORDER BY `hm_acl_resource`.`sort`
[Tue, 24 May 16 20:37:28 +0800][INFO] SELECT IF(COUNT(*) > 0, 1, 0) FROM `INFORMATION_SCHEMA`.`TABLES` WHERE `TABLE_NAME` = 'hm_acl_resource' AND `TABLE_SCHEMA` = DATABASE()
[Tue, 24 May 16 20:37:28 +0800][INFO] DESCRIBE `hm_acl_resource`
[Tue, 24 May 16 20:37:28 +0800][INFO] SELECT `hm_acl_resource`.`id`, `hm_acl_resource`.`name`, `hm_acl_resource`.`controller`, `hm_acl_resource`.`action`, `hm_acl_resource`.`isshow`, `hm_acl_resource`.`pid`, `hm_acl_resource`.`sort`, `hm_acl_resource`.`icon` FROM `hm_acl_resource` ORDER BY `hm_acl_resource`.`sort`
[Tue, 24 May 16 20:37:28 +0800][INFO] SELECT `hm_acl_resource`.`id`, `hm_acl_resource`.`name`, `hm_acl_resource`.`controller`, `hm_acl_resource`.`action`, `hm_acl_resource`.`isshow`, `hm_acl_resource`.`pid`, `hm_acl_resource`.`sort`, `hm_acl_resource`.`icon` FROM `hm_acl_resource` WHERE `hm_acl_resource`.`id` = :id LIMIT :APL0
[Tue, 24 May 16 20:44:42 +0800][INFO] SELECT IF(COUNT(*) > 0, 1, 0) FROM `INFORMATION_SCHEMA`.`TABLES` WHERE `TABLE_NAME` = 'hm_acl_resource' AND `TABLE_SCHEMA` = DATABASE()
[Tue, 24 May 16 20:44:42 +0800][INFO] DESCRIBE `hm_acl_resource`
[Tue, 24 May 16 20:44:42 +0800][INFO] SELECT `hm_acl_resource`.`id`, `hm_acl_resource`.`name`, `hm_acl_resource`.`controller`, `hm_acl_resource`.`action`, `hm_acl_resource`.`isshow`, `hm_acl_resource`.`pid`, `hm_acl_resource`.`sort`, `hm_acl_resource`.`icon` FROM `hm_acl_resource` ORDER BY `hm_acl_resource`.`sort`
[Tue, 24 May 16 20:44:45 +0800][INFO] SELECT IF(COUNT(*) > 0, 1, 0) FROM `INFORMATION_SCHEMA`.`TABLES` WHERE `TABLE_NAME` = 'hm_acl_resource' AND `TABLE_SCHEMA` = DATABASE()
[Tue, 24 May 16 20:44:45 +0800][INFO] DESCRIBE `hm_acl_resource`
[Tue, 24 May 16 20:44:45 +0800][INFO] SELECT `hm_acl_resource`.`id`, `hm_acl_resource`.`name`, `hm_acl_resource`.`controller`, `hm_acl_resource`.`action`, `hm_acl_resource`.`isshow`, `hm_acl_resource`.`pid`, `hm_acl_resource`.`sort`, `hm_acl_resource`.`icon` FROM `hm_acl_resource` ORDER BY `hm_acl_resource`.`sort`
[Tue, 24 May 16 20:44:45 +0800][INFO] SELECT `hm_acl_resource`.`id`, `hm_acl_resource`.`name`, `hm_acl_resource`.`controller`, `hm_acl_resource`.`action`, `hm_acl_resource`.`isshow`, `hm_acl_resource`.`pid`, `hm_acl_resource`.`sort`, `hm_acl_resource`.`icon` FROM `hm_acl_resource` WHERE `hm_acl_resource`.`id` = :id LIMIT :APL0
[Tue, 24 May 16 20:46:35 +0800][INFO] SELECT IF(COUNT(*) > 0, 1, 0) FROM `INFORMATION_SCHEMA`.`TABLES` WHERE `TABLE_NAME` = 'hm_acl_resource' AND `TABLE_SCHEMA` = DATABASE()
[Tue, 24 May 16 20:46:35 +0800][INFO] DESCRIBE `hm_acl_resource`
[Tue, 24 May 16 20:46:35 +0800][INFO] SELECT `hm_acl_resource`.`id`, `hm_acl_resource`.`name`, `hm_acl_resource`.`controller`, `hm_acl_resource`.`action`, `hm_acl_resource`.`isshow`, `hm_acl_resource`.`pid`, `hm_acl_resource`.`sort`, `hm_acl_resource`.`icon` FROM `hm_acl_resource` ORDER BY `hm_acl_resource`.`sort`
[Tue, 24 May 16 20:46:37 +0800][INFO] SELECT IF(COUNT(*) > 0, 1, 0) FROM `INFORMATION_SCHEMA`.`TABLES` WHERE `TABLE_NAME` = 'hm_acl_resource' AND `TABLE_SCHEMA` = DATABASE()
[Tue, 24 May 16 20:46:37 +0800][INFO] DESCRIBE `hm_acl_resource`
[Tue, 24 May 16 20:46:37 +0800][INFO] SELECT `hm_acl_resource`.`id`, `hm_acl_resource`.`name`, `hm_acl_resource`.`controller`, `hm_acl_resource`.`action`, `hm_acl_resource`.`isshow`, `hm_acl_resource`.`pid`, `hm_acl_resource`.`sort`, `hm_acl_resource`.`icon` FROM `hm_acl_resource` ORDER BY `hm_acl_resource`.`sort`
[Tue, 24 May 16 20:46:37 +0800][INFO] SELECT `hm_acl_resource`.`id`, `hm_acl_resource`.`name`, `hm_acl_resource`.`controller`, `hm_acl_resource`.`action`, `hm_acl_resource`.`isshow`, `hm_acl_resource`.`pid`, `hm_acl_resource`.`sort`, `hm_acl_resource`.`icon` FROM `hm_acl_resource` WHERE `hm_acl_resource`.`id` = :id LIMIT :APL0
[Tue, 24 May 16 20:46:41 +0800][INFO] SELECT IF(COUNT(*) > 0, 1, 0) FROM `INFORMATION_SCHEMA`.`TABLES` WHERE `TABLE_NAME` = 'hm_acl_resource' AND `TABLE_SCHEMA` = DATABASE()
[Tue, 24 May 16 20:46:41 +0800][INFO] DESCRIBE `hm_acl_resource`
[Tue, 24 May 16 20:46:41 +0800][INFO] SELECT `hm_acl_resource`.`id`, `hm_acl_resource`.`name`, `hm_acl_resource`.`controller`, `hm_acl_resource`.`action`, `hm_acl_resource`.`isshow`, `hm_acl_resource`.`pid`, `hm_acl_resource`.`sort`, `hm_acl_resource`.`icon` FROM `hm_acl_resource` WHERE `hm_acl_resource`.`name` = :name AND `hm_acl_resource`.`id` <> `hm_acl_resource`.`id`
[Tue, 24 May 16 20:51:34 +0800][INFO] SELECT IF(COUNT(*) > 0, 1, 0) FROM `INFORMATION_SCHEMA`.`TABLES` WHERE `TABLE_NAME` = 'hm_acl_resource' AND `TABLE_SCHEMA` = DATABASE()
[Tue, 24 May 16 20:51:34 +0800][INFO] DESCRIBE `hm_acl_resource`
[Tue, 24 May 16 20:51:34 +0800][INFO] SELECT `hm_acl_resource`.`id`, `hm_acl_resource`.`name`, `hm_acl_resource`.`controller`, `hm_acl_resource`.`action`, `hm_acl_resource`.`isshow`, `hm_acl_resource`.`pid`, `hm_acl_resource`.`sort`, `hm_acl_resource`.`icon` FROM `hm_acl_resource` ORDER BY `hm_acl_resource`.`sort`
[Tue, 24 May 16 20:52:00 +0800][INFO] SELECT IF(COUNT(*) > 0, 1, 0) FROM `INFORMATION_SCHEMA`.`TABLES` WHERE `TABLE_NAME` = 'hm_acl_resource' AND `TABLE_SCHEMA` = DATABASE()
[Tue, 24 May 16 20:52:00 +0800][INFO] DESCRIBE `hm_acl_resource`
[Tue, 24 May 16 20:52:00 +0800][INFO] SELECT `hm_acl_resource`.`id`, `hm_acl_resource`.`name`, `hm_acl_resource`.`controller`, `hm_acl_resource`.`action`, `hm_acl_resource`.`isshow`, `hm_acl_resource`.`pid`, `hm_acl_resource`.`sort`, `hm_acl_resource`.`icon` FROM `hm_acl_resource` ORDER BY `hm_acl_resource`.`sort`
[Tue, 24 May 16 20:52:00 +0800][INFO] SELECT `hm_acl_resource`.`id`, `hm_acl_resource`.`name`, `hm_acl_resource`.`controller`, `hm_acl_resource`.`action`, `hm_acl_resource`.`isshow`, `hm_acl_resource`.`pid`, `hm_acl_resource`.`sort`, `hm_acl_resource`.`icon` FROM `hm_acl_resource` WHERE `hm_acl_resource`.`id` = :id LIMIT :APL0
[Tue, 24 May 16 20:52:07 +0800][INFO] SELECT IF(COUNT(*) > 0, 1, 0) FROM `INFORMATION_SCHEMA`.`TABLES` WHERE `TABLE_NAME` = 'hm_acl_resource' AND `TABLE_SCHEMA` = DATABASE()
[Tue, 24 May 16 20:52:07 +0800][INFO] DESCRIBE `hm_acl_resource`
[Tue, 24 May 16 20:52:07 +0800][INFO] SELECT `hm_acl_resource`.`id`, `hm_acl_resource`.`name`, `hm_acl_resource`.`controller`, `hm_acl_resource`.`action`, `hm_acl_resource`.`isshow`, `hm_acl_resource`.`pid`, `hm_acl_resource`.`sort`, `hm_acl_resource`.`icon` FROM `hm_acl_resource` WHERE `hm_acl_resource`.`id` = :id LIMIT :APL0
[Tue, 24 May 16 20:52:39 +0800][INFO] SELECT IF(COUNT(*) > 0, 1, 0) FROM `INFORMATION_SCHEMA`.`TABLES` WHERE `TABLE_NAME` = 'hm_acl_resource' AND `TABLE_SCHEMA` = DATABASE()
[Tue, 24 May 16 20:52:39 +0800][INFO] DESCRIBE `hm_acl_resource`
[Tue, 24 May 16 20:52:39 +0800][INFO] SELECT `hm_acl_resource`.`id`, `hm_acl_resource`.`name`, `hm_acl_resource`.`controller`, `hm_acl_resource`.`action`, `hm_acl_resource`.`isshow`, `hm_acl_resource`.`pid`, `hm_acl_resource`.`sort`, `hm_acl_resource`.`icon` FROM `hm_acl_resource` WHERE `hm_acl_resource`.`name` = :name
[Tue, 24 May 16 20:52:49 +0800][INFO] SELECT IF(COUNT(*) > 0, 1, 0) FROM `INFORMATION_SCHEMA`.`TABLES` WHERE `TABLE_NAME` = 'hm_acl_resource' AND `TABLE_SCHEMA` = DATABASE()
[Tue, 24 May 16 20:52:49 +0800][INFO] DESCRIBE `hm_acl_resource`
[Tue, 24 May 16 20:52:49 +0800][INFO] INSERT INTO `hm_acl_resource` (`name`, `controller`, `action`, `isshow`, `pid`, `sort`, `icon`) VALUES (?, ?, ?, ?, ?, ?, ?)
[Tue, 24 May 16 20:52:52 +0800][INFO] SELECT IF(COUNT(*) > 0, 1, 0) FROM `INFORMATION_SCHEMA`.`TABLES` WHERE `TABLE_NAME` = 'hm_acl_resource' AND `TABLE_SCHEMA` = DATABASE()
[Tue, 24 May 16 20:52:52 +0800][INFO] DESCRIBE `hm_acl_resource`
[Tue, 24 May 16 20:52:52 +0800][INFO] SELECT `hm_acl_resource`.`id`, `hm_acl_resource`.`name`, `hm_acl_resource`.`controller`, `hm_acl_resource`.`action`, `hm_acl_resource`.`isshow`, `hm_acl_resource`.`pid`, `hm_acl_resource`.`sort`, `hm_acl_resource`.`icon` FROM `hm_acl_resource` ORDER BY `hm_acl_resource`.`sort`
[Tue, 24 May 16 21:14:54 +0800][INFO] SELECT `hm_acl_resource`.`id` AS `id`, `hm_acl_resource`.`name` AS `name` FROM `hm_acl_resource` WHERE `hm_acl_resource`.`pid` = :pid AND `hm_acl_resource`.`isshow` = :isshow ORDER BY `hm_acl_resource`.`sort`
[Tue, 24 May 16 21:14:54 +0800][INFO] SELECT `hm_acl_resource`.`id` AS `id`, `hm_acl_resource`.`name` AS `name`, `hm_acl_resource`.`controller` AS `controller`, `hm_acl_resource`.`action` AS `action`, `hm_acl_resource`.`sort` AS `sort`, `hm_acl_resource`.`icon` AS `icon` FROM `hm_acl_resource` WHERE `hm_acl_resource`.`pid` = :pid AND `hm_acl_resource`.`isshow` = :isshow ORDER BY `hm_acl_resource`.`sort`
[Tue, 24 May 16 21:14:55 +0800][INFO] SELECT IF(COUNT(*) > 0, 1, 0) FROM `INFORMATION_SCHEMA`.`TABLES` WHERE `TABLE_NAME` = 'hm_acl_resource' AND `TABLE_SCHEMA` = DATABASE()
[Tue, 24 May 16 21:14:55 +0800][INFO] DESCRIBE `hm_acl_resource`
[Tue, 24 May 16 21:14:55 +0800][INFO] SELECT `hm_acl_resource`.`id`, `hm_acl_resource`.`name`, `hm_acl_resource`.`controller`, `hm_acl_resource`.`action`, `hm_acl_resource`.`isshow`, `hm_acl_resource`.`pid`, `hm_acl_resource`.`sort`, `hm_acl_resource`.`icon` FROM `hm_acl_resource` ORDER BY `hm_acl_resource`.`sort`
[Tue, 24 May 16 21:14:58 +0800][INFO] SELECT IF(COUNT(*) > 0, 1, 0) FROM `INFORMATION_SCHEMA`.`TABLES` WHERE `TABLE_NAME` = 'hm_acl_resource' AND `TABLE_SCHEMA` = DATABASE()
[Tue, 24 May 16 21:14:58 +0800][INFO] DESCRIBE `hm_acl_resource`
[Tue, 24 May 16 21:14:58 +0800][INFO] SELECT `hm_acl_resource`.`id`, `hm_acl_resource`.`name`, `hm_acl_resource`.`controller`, `hm_acl_resource`.`action`, `hm_acl_resource`.`isshow`, `hm_acl_resource`.`pid`, `hm_acl_resource`.`sort`, `hm_acl_resource`.`icon` FROM `hm_acl_resource` ORDER BY `hm_acl_resource`.`sort`
[Tue, 24 May 16 21:14:58 +0800][INFO] SELECT `hm_acl_resource`.`id`, `hm_acl_resource`.`name`, `hm_acl_resource`.`controller`, `hm_acl_resource`.`action`, `hm_acl_resource`.`isshow`, `hm_acl_resource`.`pid`, `hm_acl_resource`.`sort`, `hm_acl_resource`.`icon` FROM `hm_acl_resource` WHERE `hm_acl_resource`.`id` = :id LIMIT :APL0
[Tue, 24 May 16 21:15:03 +0800][INFO] SELECT IF(COUNT(*) > 0, 1, 0) FROM `INFORMATION_SCHEMA`.`TABLES` WHERE `TABLE_NAME` = 'hm_acl_resource' AND `TABLE_SCHEMA` = DATABASE()
[Tue, 24 May 16 21:15:03 +0800][INFO] DESCRIBE `hm_acl_resource`
[Tue, 24 May 16 21:15:03 +0800][INFO] SELECT `hm_acl_resource`.`id`, `hm_acl_resource`.`name`, `hm_acl_resource`.`controller`, `hm_acl_resource`.`action`, `hm_acl_resource`.`isshow`, `hm_acl_resource`.`pid`, `hm_acl_resource`.`sort`, `hm_acl_resource`.`icon` FROM `hm_acl_resource` WHERE `hm_acl_resource`.`name` = :name AND `hm_acl_resource`.`id` <> :id
[Tue, 24 May 16 21:15:11 +0800][INFO] SELECT IF(COUNT(*) > 0, 1, 0) FROM `INFORMATION_SCHEMA`.`TABLES` WHERE `TABLE_NAME` = 'hm_acl_resource' AND `TABLE_SCHEMA` = DATABASE()
[Tue, 24 May 16 21:15:11 +0800][INFO] DESCRIBE `hm_acl_resource`
[Tue, 24 May 16 21:15:11 +0800][INFO] SELECT `hm_acl_resource`.`id`, `hm_acl_resource`.`name`, `hm_acl_resource`.`controller`, `hm_acl_resource`.`action`, `hm_acl_resource`.`isshow`, `hm_acl_resource`.`pid`, `hm_acl_resource`.`sort`, `hm_acl_resource`.`icon` FROM `hm_acl_resource` WHERE `hm_acl_resource`.`name` = :name AND `hm_acl_resource`.`id` <> :id
[Tue, 24 May 16 21:16:02 +0800][INFO] SELECT IF(COUNT(*) > 0, 1, 0) FROM `INFORMATION_SCHEMA`.`TABLES` WHERE `TABLE_NAME` = 'hm_acl_resource' AND `TABLE_SCHEMA` = DATABASE()
[Tue, 24 May 16 21:16:02 +0800][INFO] DESCRIBE `hm_acl_resource`
[Tue, 24 May 16 21:16:02 +0800][INFO] SELECT `hm_acl_resource`.`id`, `hm_acl_resource`.`name`, `hm_acl_resource`.`controller`, `hm_acl_resource`.`action`, `hm_acl_resource`.`isshow`, `hm_acl_resource`.`pid`, `hm_acl_resource`.`sort`, `hm_acl_resource`.`icon` FROM `hm_acl_resource` WHERE `hm_acl_resource`.`id` = :id LIMIT :APL0
[Tue, 24 May 16 21:16:07 +0800][INFO] SELECT IF(COUNT(*) > 0, 1, 0) FROM `INFORMATION_SCHEMA`.`TABLES` WHERE `TABLE_NAME` = 'hm_acl_resource' AND `TABLE_SCHEMA` = DATABASE()
[Tue, 24 May 16 21:16:07 +0800][INFO] DESCRIBE `hm_acl_resource`
[Tue, 24 May 16 21:16:07 +0800][INFO] SELECT `hm_acl_resource`.`id`, `hm_acl_resource`.`name`, `hm_acl_resource`.`controller`, `hm_acl_resource`.`action`, `hm_acl_resource`.`isshow`, `hm_acl_resource`.`pid`, `hm_acl_resource`.`sort`, `hm_acl_resource`.`icon` FROM `hm_acl_resource` WHERE `hm_acl_resource`.`name` = :name AND `hm_acl_resource`.`id` <> :id
[Tue, 24 May 16 21:16:07 +0800][INFO] SELECT IF(COUNT(*) > 0, 1, 0) FROM `INFORMATION_SCHEMA`.`TABLES` WHERE `TABLE_NAME` = 'hm_acl_resource' AND `TABLE_SCHEMA` = DATABASE()
[Tue, 24 May 16 21:16:07 +0800][INFO] DESCRIBE `hm_acl_resource`
[Tue, 24 May 16 21:16:07 +0800][INFO] SELECT COUNT(*) "rowcount" FROM `hm_acl_resource` WHERE `id` = ?
[Tue, 24 May 16 21:16:07 +0800][INFO] UPDATE `hm_acl_resource` SET `name` = ?, `controller` = ?, `action` = ?, `isshow` = ?, `pid` = ?, `sort` = ?, `icon` = ? WHERE `id` = ?
[Tue, 24 May 16 21:16:10 +0800][INFO] SELECT IF(COUNT(*) > 0, 1, 0) FROM `INFORMATION_SCHEMA`.`TABLES` WHERE `TABLE_NAME` = 'hm_acl_resource' AND `TABLE_SCHEMA` = DATABASE()
[Tue, 24 May 16 21:16:10 +0800][INFO] DESCRIBE `hm_acl_resource`
[Tue, 24 May 16 21:16:10 +0800][INFO] SELECT `hm_acl_resource`.`id`, `hm_acl_resource`.`name`, `hm_acl_resource`.`controller`, `hm_acl_resource`.`action`, `hm_acl_resource`.`isshow`, `hm_acl_resource`.`pid`, `hm_acl_resource`.`sort`, `hm_acl_resource`.`icon` FROM `hm_acl_resource` ORDER BY `hm_acl_resource`.`sort`
[Tue, 24 May 16 21:16:13 +0800][INFO] SELECT IF(COUNT(*) > 0, 1, 0) FROM `INFORMATION_SCHEMA`.`TABLES` WHERE `TABLE_NAME` = 'hm_acl_resource' AND `TABLE_SCHEMA` = DATABASE()
[Tue, 24 May 16 21:16:13 +0800][INFO] DESCRIBE `hm_acl_resource`
[Tue, 24 May 16 21:16:13 +0800][INFO] SELECT `hm_acl_resource`.`id`, `hm_acl_resource`.`name`, `hm_acl_resource`.`controller`, `hm_acl_resource`.`action`, `hm_acl_resource`.`isshow`, `hm_acl_resource`.`pid`, `hm_acl_resource`.`sort`, `hm_acl_resource`.`icon` FROM `hm_acl_resource` ORDER BY `hm_acl_resource`.`sort`
[Tue, 24 May 16 21:16:13 +0800][INFO] SELECT `hm_acl_resource`.`id`, `hm_acl_resource`.`name`, `hm_acl_resource`.`controller`, `hm_acl_resource`.`action`, `hm_acl_resource`.`isshow`, `hm_acl_resource`.`pid`, `hm_acl_resource`.`sort`, `hm_acl_resource`.`icon` FROM `hm_acl_resource` WHERE `hm_acl_resource`.`id` = :id LIMIT :APL0
[Tue, 24 May 16 21:16:19 +0800][INFO] SELECT IF(COUNT(*) > 0, 1, 0) FROM `INFORMATION_SCHEMA`.`TABLES` WHERE `TABLE_NAME` = 'hm_acl_resource' AND `TABLE_SCHEMA` = DATABASE()
[Tue, 24 May 16 21:16:19 +0800][INFO] DESCRIBE `hm_acl_resource`
[Tue, 24 May 16 21:16:19 +0800][INFO] SELECT `hm_acl_resource`.`id`, `hm_acl_resource`.`name`, `hm_acl_resource`.`controller`, `hm_acl_resource`.`action`, `hm_acl_resource`.`isshow`, `hm_acl_resource`.`pid`, `hm_acl_resource`.`sort`, `hm_acl_resource`.`icon` FROM `hm_acl_resource` WHERE `hm_acl_resource`.`name` = :name AND `hm_acl_resource`.`id` <> :id
[Tue, 24 May 16 21:16:19 +0800][INFO] SELECT IF(COUNT(*) > 0, 1, 0) FROM `INFORMATION_SCHEMA`.`TABLES` WHERE `TABLE_NAME` = 'hm_acl_resource' AND `TABLE_SCHEMA` = DATABASE()
[Tue, 24 May 16 21:16:19 +0800][INFO] DESCRIBE `hm_acl_resource`
[Tue, 24 May 16 21:16:19 +0800][INFO] SELECT COUNT(*) "rowcount" FROM `hm_acl_resource` WHERE `id` = ?
[Tue, 24 May 16 21:16:19 +0800][INFO] UPDATE `hm_acl_resource` SET `name` = ?, `controller` = ?, `action` = ?, `isshow` = ?, `pid` = ?, `sort` = ?, `icon` = ? WHERE `id` = ?
[Tue, 24 May 16 21:16:22 +0800][INFO] SELECT IF(COUNT(*) > 0, 1, 0) FROM `INFORMATION_SCHEMA`.`TABLES` WHERE `TABLE_NAME` = 'hm_acl_resource' AND `TABLE_SCHEMA` = DATABASE()
[Tue, 24 May 16 21:16:22 +0800][INFO] DESCRIBE `hm_acl_resource`
[Tue, 24 May 16 21:16:22 +0800][INFO] SELECT `hm_acl_resource`.`id`, `hm_acl_resource`.`name`, `hm_acl_resource`.`controller`, `hm_acl_resource`.`action`, `hm_acl_resource`.`isshow`, `hm_acl_resource`.`pid`, `hm_acl_resource`.`sort`, `hm_acl_resource`.`icon` FROM `hm_acl_resource` ORDER BY `hm_acl_resource`.`sort`
[Tue, 24 May 16 21:16:25 +0800][INFO] SELECT IF(COUNT(*) > 0, 1, 0) FROM `INFORMATION_SCHEMA`.`TABLES` WHERE `TABLE_NAME` = 'hm_acl_resource' AND `TABLE_SCHEMA` = DATABASE()
[Tue, 24 May 16 21:16:25 +0800][INFO] DESCRIBE `hm_acl_resource`
[Tue, 24 May 16 21:16:25 +0800][INFO] SELECT `hm_acl_resource`.`id`, `hm_acl_resource`.`name`, `hm_acl_resource`.`controller`, `hm_acl_resource`.`action`, `hm_acl_resource`.`isshow`, `hm_acl_resource`.`pid`, `hm_acl_resource`.`sort`, `hm_acl_resource`.`icon` FROM `hm_acl_resource` ORDER BY `hm_acl_resource`.`sort`
[Tue, 24 May 16 21:16:25 +0800][INFO] SELECT `hm_acl_resource`.`id`, `hm_acl_resource`.`name`, `hm_acl_resource`.`controller`, `hm_acl_resource`.`action`, `hm_acl_resource`.`isshow`, `hm_acl_resource`.`pid`, `hm_acl_resource`.`sort`, `hm_acl_resource`.`icon` FROM `hm_acl_resource` WHERE `hm_acl_resource`.`id` = :id LIMIT :APL0
[Tue, 24 May 16 21:20:52 +0800][INFO] SELECT IF(COUNT(*) > 0, 1, 0) FROM `INFORMATION_SCHEMA`.`TABLES` WHERE `TABLE_NAME` = 'hm_acl_resource' AND `TABLE_SCHEMA` = DATABASE()
[Tue, 24 May 16 21:20:52 +0800][INFO] DESCRIBE `hm_acl_resource`
[Tue, 24 May 16 21:20:52 +0800][INFO] SELECT `hm_acl_resource`.`id`, `hm_acl_resource`.`name`, `hm_acl_resource`.`controller`, `hm_acl_resource`.`action`, `hm_acl_resource`.`isshow`, `hm_acl_resource`.`pid`, `hm_acl_resource`.`sort`, `hm_acl_resource`.`icon` FROM `hm_acl_resource` ORDER BY `hm_acl_resource`.`sort`
[Tue, 24 May 16 21:20:55 +0800][INFO] SELECT IF(COUNT(*) > 0, 1, 0) FROM `INFORMATION_SCHEMA`.`TABLES` WHERE `TABLE_NAME` = 'hm_acl_resource' AND `TABLE_SCHEMA` = DATABASE()
[Tue, 24 May 16 21:20:55 +0800][INFO] DESCRIBE `hm_acl_resource`
[Tue, 24 May 16 21:20:55 +0800][INFO] SELECT `hm_acl_resource`.`id`, `hm_acl_resource`.`name`, `hm_acl_resource`.`controller`, `hm_acl_resource`.`action`, `hm_acl_resource`.`isshow`, `hm_acl_resource`.`pid`, `hm_acl_resource`.`sort`, `hm_acl_resource`.`icon` FROM `hm_acl_resource` ORDER BY `hm_acl_resource`.`sort`
[Tue, 24 May 16 21:21:01 +0800][INFO] SELECT IF(COUNT(*) > 0, 1, 0) FROM `INFORMATION_SCHEMA`.`TABLES` WHERE `TABLE_NAME` = 'hm_acl_resource' AND `TABLE_SCHEMA` = DATABASE()
[Tue, 24 May 16 21:21:01 +0800][INFO] DESCRIBE `hm_acl_resource`
[Tue, 24 May 16 21:21:01 +0800][INFO] SELECT `hm_acl_resource`.`id`, `hm_acl_resource`.`name`, `hm_acl_resource`.`controller`, `hm_acl_resource`.`action`, `hm_acl_resource`.`isshow`, `hm_acl_resource`.`pid`, `hm_acl_resource`.`sort`, `hm_acl_resource`.`icon` FROM `hm_acl_resource` WHERE `hm_acl_resource`.`name` = :name
[Tue, 24 May 16 21:21:03 +0800][INFO] SELECT IF(COUNT(*) > 0, 1, 0) FROM `INFORMATION_SCHEMA`.`TABLES` WHERE `TABLE_NAME` = 'hm_acl_resource' AND `TABLE_SCHEMA` = DATABASE()
[Tue, 24 May 16 21:21:03 +0800][INFO] DESCRIBE `hm_acl_resource`
[Tue, 24 May 16 21:21:03 +0800][INFO] SELECT `hm_acl_resource`.`id`, `hm_acl_resource`.`name`, `hm_acl_resource`.`controller`, `hm_acl_resource`.`action`, `hm_acl_resource`.`isshow`, `hm_acl_resource`.`pid`, `hm_acl_resource`.`sort`, `hm_acl_resource`.`icon` FROM `hm_acl_resource` WHERE `hm_acl_resource`.`name` = :name
[Tue, 24 May 16 21:21:08 +0800][INFO] SELECT IF(COUNT(*) > 0, 1, 0) FROM `INFORMATION_SCHEMA`.`TABLES` WHERE `TABLE_NAME` = 'hm_acl_resource' AND `TABLE_SCHEMA` = DATABASE()
[Tue, 24 May 16 21:21:08 +0800][INFO] DESCRIBE `hm_acl_resource`
[Tue, 24 May 16 21:21:08 +0800][INFO] INSERT INTO `hm_acl_resource` (`name`, `controller`, `action`, `isshow`, `pid`, `sort`, `icon`) VALUES (?, ?, ?, ?, ?, ?, ?)
[Tue, 24 May 16 21:21:11 +0800][INFO] SELECT IF(COUNT(*) > 0, 1, 0) FROM `INFORMATION_SCHEMA`.`TABLES` WHERE `TABLE_NAME` = 'hm_acl_resource' AND `TABLE_SCHEMA` = DATABASE()
[Tue, 24 May 16 21:21:11 +0800][INFO] DESCRIBE `hm_acl_resource`
[Tue, 24 May 16 21:21:11 +0800][INFO] SELECT `hm_acl_resource`.`id`, `hm_acl_resource`.`name`, `hm_acl_resource`.`controller`, `hm_acl_resource`.`action`, `hm_acl_resource`.`isshow`, `hm_acl_resource`.`pid`, `hm_acl_resource`.`sort`, `hm_acl_resource`.`icon` FROM `hm_acl_resource` ORDER BY `hm_acl_resource`.`sort`
[Tue, 24 May 16 21:21:14 +0800][INFO] SELECT IF(COUNT(*) > 0, 1, 0) FROM `INFORMATION_SCHEMA`.`TABLES` WHERE `TABLE_NAME` = 'hm_acl_resource' AND `TABLE_SCHEMA` = DATABASE()
[Tue, 24 May 16 21:21:14 +0800][INFO] DESCRIBE `hm_acl_resource`
[Tue, 24 May 16 21:21:14 +0800][INFO] SELECT `hm_acl_resource`.`id`, `hm_acl_resource`.`name`, `hm_acl_resource`.`controller`, `hm_acl_resource`.`action`, `hm_acl_resource`.`isshow`, `hm_acl_resource`.`pid`, `hm_acl_resource`.`sort`, `hm_acl_resource`.`icon` FROM `hm_acl_resource` ORDER BY `hm_acl_resource`.`sort`
[Tue, 24 May 16 21:23:23 +0800][INFO] SELECT IF(COUNT(*) > 0, 1, 0) FROM `INFORMATION_SCHEMA`.`TABLES` WHERE `TABLE_NAME` = 'hm_acl_resource' AND `TABLE_SCHEMA` = DATABASE()
[Tue, 24 May 16 21:23:23 +0800][INFO] DESCRIBE `hm_acl_resource`
[Tue, 24 May 16 21:23:23 +0800][INFO] SELECT `hm_acl_resource`.`id`, `hm_acl_resource`.`name`, `hm_acl_resource`.`controller`, `hm_acl_resource`.`action`, `hm_acl_resource`.`isshow`, `hm_acl_resource`.`pid`, `hm_acl_resource`.`sort`, `hm_acl_resource`.`icon` FROM `hm_acl_resource` ORDER BY `hm_acl_resource`.`sort`
[Tue, 24 May 16 21:23:26 +0800][INFO] SELECT IF(COUNT(*) > 0, 1, 0) FROM `INFORMATION_SCHEMA`.`TABLES` WHERE `TABLE_NAME` = 'hm_acl_resource' AND `TABLE_SCHEMA` = DATABASE()
[Tue, 24 May 16 21:23:26 +0800][INFO] DESCRIBE `hm_acl_resource`
[Tue, 24 May 16 21:23:26 +0800][INFO] SELECT `hm_acl_resource`.`id`, `hm_acl_resource`.`name`, `hm_acl_resource`.`controller`, `hm_acl_resource`.`action`, `hm_acl_resource`.`isshow`, `hm_acl_resource`.`pid`, `hm_acl_resource`.`sort`, `hm_acl_resource`.`icon` FROM `hm_acl_resource` ORDER BY `hm_acl_resource`.`sort`
