[Tue, 31 May 16 21:47:38 +0800][INFO] SELECT IF(COUNT(*) > 0, 1, 0) FROM `INFORMATION_SCHEMA`.`TABLES` WHERE `TABLE_NAME` = 'hm_user' AND `TABLE_SCHEMA` = DATABASE()
[Tue, 31 May 16 21:47:38 +0800][INFO] DESCRIBE `hm_user`
[Tue, 31 May 16 21:47:38 +0800][INFO] SELECT IF(COUNT(*) > 0, 1, 0) FROM `INFORMATION_SCHEMA`.`TABLES` WHERE `TABLE_NAME` = 'hm_acl_user_group' AND `TABLE_SCHEMA` = DATABASE()
[Tue, 31 May 16 21:47:38 +0800][INFO] DESCRIBE `hm_acl_user_group`
[Tue, 31 May 16 21:47:38 +0800][INFO] SELECT `u`.`id` AS `_u_id`, `u`.`username` AS `_u_username`, `u`.`nickname` AS `_u_nickname`, `u`.`password` AS `_u_password`, `u`.`last_login_time` AS `_u_last_login_time`, `u`.`last_login_ip` AS `_u_last_login_ip`, `u`.`email` AS `_u_email`, `u`.`remark` AS `_u_remark`, `u`.`create_time` AS `_u_create_time`, `u`.`create_ip` AS `_u_create_ip`, `u`.`status` AS `_u_status`, `ug`.`uid` AS `_ug_uid`, `ug`.`group_id` AS `_ug_group_id` FROM `hm_user` AS `u`  INNER JOIN `hm_acl_user_group` AS `ug` ON `u`.`id` = `ug`.`uid` WHERE `ug`.`uid` = `u`.`id` AND `u`.`id` = 2
[Tue, 31 May 16 21:59:01 +0800][INFO] SELECT IF(COUNT(*) > 0, 1, 0) FROM `INFORMATION_SCHEMA`.`TABLES` WHERE `TABLE_NAME` = 'hm_acl_resource' AND `TABLE_SCHEMA` = DATABASE()
[Tue, 31 May 16 21:59:01 +0800][INFO] DESCRIBE `hm_acl_resource`
[Tue, 31 May 16 21:59:01 +0800][INFO] SELECT `hm_acl_resource`.`id`, `hm_acl_resource`.`name`, `hm_acl_resource`.`controller`, `hm_acl_resource`.`action`, `hm_acl_resource`.`isshow`, `hm_acl_resource`.`pid`, `hm_acl_resource`.`sort`, `hm_acl_resource`.`icon` FROM `hm_acl_resource` ORDER BY `hm_acl_resource`.`sort` ASC
[Tue, 31 May 16 22:07:28 +0800][INFO] SELECT IF(COUNT(*) > 0, 1, 0) FROM `INFORMATION_SCHEMA`.`TABLES` WHERE `TABLE_NAME` = 'hm_user' AND `TABLE_SCHEMA` = DATABASE()
[Tue, 31 May 16 22:07:28 +0800][INFO] DESCRIBE `hm_user`
[Tue, 31 May 16 22:07:28 +0800][INFO] SELECT IF(COUNT(*) > 0, 1, 0) FROM `INFORMATION_SCHEMA`.`TABLES` WHERE `TABLE_NAME` = 'hm_acl_user_group' AND `TABLE_SCHEMA` = DATABASE()
[Tue, 31 May 16 22:07:28 +0800][INFO] DESCRIBE `hm_acl_user_group`
[Tue, 31 May 16 22:07:28 +0800][INFO] SELECT `u`.`id` AS `_u_id`, `u`.`username` AS `_u_username`, `u`.`nickname` AS `_u_nickname`, `u`.`password` AS `_u_password`, `u`.`last_login_time` AS `_u_last_login_time`, `u`.`last_login_ip` AS `_u_last_login_ip`, `u`.`email` AS `_u_email`, `u`.`remark` AS `_u_remark`, `u`.`create_time` AS `_u_create_time`, `u`.`create_ip` AS `_u_create_ip`, `u`.`status` AS `_u_status`, `ug`.`uid` AS `_ug_uid`, `ug`.`group_id` AS `_ug_group_id` FROM `hm_user` AS `u`  INNER JOIN `hm_acl_user_group` AS `ug` ON `u`.`id` = `ug`.`uid` WHERE `ug`.`uid` = `u`.`id`
[Tue, 31 May 16 22:25:31 +0800][INFO] SELECT `hm_acl_resource`.`id` AS `id`, `hm_acl_resource`.`name` AS `name` FROM `hm_acl_resource` WHERE `hm_acl_resource`.`pid` = :pid AND `hm_acl_resource`.`isshow` = :isshow ORDER BY `hm_acl_resource`.`sort` ASC
[Tue, 31 May 16 22:25:31 +0800][INFO] SELECT `hm_login_log`.`logintime` AS `logintime`, `hm_login_log`.`loginip` AS `loginip`, `hm_login_log`.`country` AS `country`, `hm_login_log`.`area` AS `area` FROM `hm_login_log` WHERE `hm_login_log`.`status` = :status ORDER BY `hm_login_log`.`id` DESC LIMIT 5
[Tue, 31 May 16 22:25:31 +0800][INFO] SELECT `hm_acl_resource`.`id` AS `id`, `hm_acl_resource`.`name` AS `name`, `hm_acl_resource`.`controller` AS `controller`, `hm_acl_resource`.`action` AS `action`, `hm_acl_resource`.`sort` AS `sort`, `hm_acl_resource`.`icon` AS `icon` FROM `hm_acl_resource` WHERE `hm_acl_resource`.`pid` = :pid AND `hm_acl_resource`.`isshow` = :isshow ORDER BY `hm_acl_resource`.`sort` ASC
[Tue, 31 May 16 22:25:33 +0800][INFO] SELECT `hm_acl_resource`.`id` AS `id`, `hm_acl_resource`.`name` AS `name`, `hm_acl_resource`.`controller` AS `controller`, `hm_acl_resource`.`action` AS `action`, `hm_acl_resource`.`sort` AS `sort`, `hm_acl_resource`.`icon` AS `icon` FROM `hm_acl_resource` WHERE `hm_acl_resource`.`pid` = :pid AND `hm_acl_resource`.`isshow` = :isshow ORDER BY `hm_acl_resource`.`sort` ASC
[Tue, 31 May 16 22:25:33 +0800][INFO] SELECT `hm_acl_resource`.`id` AS `id`, `hm_acl_resource`.`name` AS `name`, `hm_acl_resource`.`controller` AS `controller`, `hm_acl_resource`.`action` AS `action`, `hm_acl_resource`.`sort` AS `sort`, `hm_acl_resource`.`icon` AS `icon` FROM `hm_acl_resource` WHERE `hm_acl_resource`.`pid` = :pid AND `hm_acl_resource`.`isshow` = :isshow ORDER BY `hm_acl_resource`.`sort` ASC
[Tue, 31 May 16 22:25:33 +0800][INFO] SELECT `hm_acl_resource`.`id` AS `id`, `hm_acl_resource`.`name` AS `name`, `hm_acl_resource`.`controller` AS `controller`, `hm_acl_resource`.`action` AS `action`, `hm_acl_resource`.`sort` AS `sort`, `hm_acl_resource`.`icon` AS `icon` FROM `hm_acl_resource` WHERE `hm_acl_resource`.`pid` = :pid AND `hm_acl_resource`.`isshow` = :isshow ORDER BY `hm_acl_resource`.`sort` ASC
[Tue, 31 May 16 22:27:12 +0800][INFO] SELECT `hm_acl_resource`.`id` AS `id`, `hm_acl_resource`.`name` AS `name` FROM `hm_acl_resource` WHERE `hm_acl_resource`.`pid` = :pid AND `hm_acl_resource`.`isshow` = :isshow ORDER BY `hm_acl_resource`.`sort` ASC
[Tue, 31 May 16 22:27:12 +0800][INFO] SELECT `hm_acl_resource`.`id` AS `id`, `hm_acl_resource`.`name` AS `name`, `hm_acl_resource`.`controller` AS `controller`, `hm_acl_resource`.`action` AS `action`, `hm_acl_resource`.`sort` AS `sort`, `hm_acl_resource`.`icon` AS `icon` FROM `hm_acl_resource` WHERE `hm_acl_resource`.`pid` = :pid AND `hm_acl_resource`.`isshow` = :isshow ORDER BY `hm_acl_resource`.`sort` ASC
[Tue, 31 May 16 22:27:13 +0800][INFO] SELECT `hm_acl_resource`.`id` AS `id`, `hm_acl_resource`.`name` AS `name`, `hm_acl_resource`.`controller` AS `controller`, `hm_acl_resource`.`action` AS `action`, `hm_acl_resource`.`sort` AS `sort`, `hm_acl_resource`.`icon` AS `icon` FROM `hm_acl_resource` WHERE `hm_acl_resource`.`pid` = :pid AND `hm_acl_resource`.`isshow` = :isshow ORDER BY `hm_acl_resource`.`sort` ASC
[Tue, 31 May 16 22:27:13 +0800][INFO] SELECT `hm_acl_resource`.`id` AS `id`, `hm_acl_resource`.`name` AS `name`, `hm_acl_resource`.`controller` AS `controller`, `hm_acl_resource`.`action` AS `action`, `hm_acl_resource`.`sort` AS `sort`, `hm_acl_resource`.`icon` AS `icon` FROM `hm_acl_resource` WHERE `hm_acl_resource`.`pid` = :pid AND `hm_acl_resource`.`isshow` = :isshow ORDER BY `hm_acl_resource`.`sort` ASC
[Tue, 31 May 16 22:27:13 +0800][INFO] SELECT `hm_acl_resource`.`id` AS `id`, `hm_acl_resource`.`name` AS `name`, `hm_acl_resource`.`controller` AS `controller`, `hm_acl_resource`.`action` AS `action`, `hm_acl_resource`.`sort` AS `sort`, `hm_acl_resource`.`icon` AS `icon` FROM `hm_acl_resource` WHERE `hm_acl_resource`.`pid` = :pid AND `hm_acl_resource`.`isshow` = :isshow ORDER BY `hm_acl_resource`.`sort` ASC
[Tue, 31 May 16 22:27:14 +0800][INFO] SELECT `hm_acl_resource`.`id` AS `id`, `hm_acl_resource`.`name` AS `name`, `hm_acl_resource`.`controller` AS `controller`, `hm_acl_resource`.`action` AS `action`, `hm_acl_resource`.`sort` AS `sort`, `hm_acl_resource`.`icon` AS `icon` FROM `hm_acl_resource` WHERE `hm_acl_resource`.`pid` = :pid AND `hm_acl_resource`.`isshow` = :isshow ORDER BY `hm_acl_resource`.`sort` ASC
[Tue, 31 May 16 22:27:14 +0800][INFO] SELECT `hm_acl_resource`.`id` AS `id`, `hm_acl_resource`.`name` AS `name`, `hm_acl_resource`.`controller` AS `controller`, `hm_acl_resource`.`action` AS `action`, `hm_acl_resource`.`sort` AS `sort`, `hm_acl_resource`.`icon` AS `icon` FROM `hm_acl_resource` WHERE `hm_acl_resource`.`pid` = :pid AND `hm_acl_resource`.`isshow` = :isshow ORDER BY `hm_acl_resource`.`sort` ASC
[Tue, 31 May 16 22:29:18 +0800][INFO] SELECT `hm_acl_resource`.`id` AS `id`, `hm_acl_resource`.`name` AS `name` FROM `hm_acl_resource` WHERE `hm_acl_resource`.`pid` = :pid AND `hm_acl_resource`.`isshow` = :isshow ORDER BY `hm_acl_resource`.`sort` ASC
[Tue, 31 May 16 22:29:18 +0800][INFO] SELECT `hm_acl_resource`.`id` AS `id`, `hm_acl_resource`.`name` AS `name`, `hm_acl_resource`.`controller` AS `controller`, `hm_acl_resource`.`action` AS `action`, `hm_acl_resource`.`sort` AS `sort`, `hm_acl_resource`.`icon` AS `icon` FROM `hm_acl_resource` WHERE `hm_acl_resource`.`pid` = :pid AND `hm_acl_resource`.`isshow` = :isshow ORDER BY `hm_acl_resource`.`sort` ASC
[Tue, 31 May 16 22:29:19 +0800][INFO] SELECT `hm_acl_resource`.`id` AS `id`, `hm_acl_resource`.`name` AS `name`, `hm_acl_resource`.`controller` AS `controller`, `hm_acl_resource`.`action` AS `action`, `hm_acl_resource`.`sort` AS `sort`, `hm_acl_resource`.`icon` AS `icon` FROM `hm_acl_resource` WHERE `hm_acl_resource`.`pid` = :pid AND `hm_acl_resource`.`isshow` = :isshow ORDER BY `hm_acl_resource`.`sort` ASC
[Tue, 31 May 16 22:29:19 +0800][INFO] SELECT `hm_acl_resource`.`id` AS `id`, `hm_acl_resource`.`name` AS `name`, `hm_acl_resource`.`controller` AS `controller`, `hm_acl_resource`.`action` AS `action`, `hm_acl_resource`.`sort` AS `sort`, `hm_acl_resource`.`icon` AS `icon` FROM `hm_acl_resource` WHERE `hm_acl_resource`.`pid` = :pid AND `hm_acl_resource`.`isshow` = :isshow ORDER BY `hm_acl_resource`.`sort` ASC
[Tue, 31 May 16 22:29:19 +0800][INFO] SELECT `hm_acl_resource`.`id` AS `id`, `hm_acl_resource`.`name` AS `name`, `hm_acl_resource`.`controller` AS `controller`, `hm_acl_resource`.`action` AS `action`, `hm_acl_resource`.`sort` AS `sort`, `hm_acl_resource`.`icon` AS `icon` FROM `hm_acl_resource` WHERE `hm_acl_resource`.`pid` = :pid AND `hm_acl_resource`.`isshow` = :isshow ORDER BY `hm_acl_resource`.`sort` ASC
[Tue, 31 May 16 22:29:28 +0800][INFO] SELECT `hm_acl_group`.`id` AS `id`, `hm_acl_group`.`resource` AS `resource`, `hm_acl_group`.`role` AS `role` FROM `hm_acl_group` WHERE `hm_acl_group`.`status` = :status ORDER BY `hm_acl_group`.`sort` ASC
[Tue, 31 May 16 22:29:28 +0800][INFO] SELECT `hm_acl_resource`.`controller` AS `controller`, `hm_acl_resource`.`action` AS `action` FROM `hm_acl_resource`
[Tue, 31 May 16 22:29:28 +0800][INFO] SELECT IF(COUNT(*) > 0, 1, 0) FROM `INFORMATION_SCHEMA`.`TABLES` WHERE `TABLE_NAME` = 'hm_acl_resource' AND `TABLE_SCHEMA` = DATABASE()
[Tue, 31 May 16 22:29:29 +0800][INFO] DESCRIBE `hm_acl_resource`
[Tue, 31 May 16 22:29:29 +0800][INFO] SELECT `hm_acl_resource`.`id`, `hm_acl_resource`.`name`, `hm_acl_resource`.`controller`, `hm_acl_resource`.`action`, `hm_acl_resource`.`isshow`, `hm_acl_resource`.`pid`, `hm_acl_resource`.`sort`, `hm_acl_resource`.`icon` FROM `hm_acl_resource` WHERE `hm_acl_resource`.`id` IN (4, 5, 6, 8, 9, 14, 16, 7)
[Tue, 31 May 16 22:29:29 +0800][INFO] SELECT `hm_acl_resource`.`id`, `hm_acl_resource`.`name`, `hm_acl_resource`.`controller`, `hm_acl_resource`.`action`, `hm_acl_resource`.`isshow`, `hm_acl_resource`.`pid`, `hm_acl_resource`.`sort`, `hm_acl_resource`.`icon` FROM `hm_acl_resource` WHERE `hm_acl_resource`.`id` IN (4, 5, 7, 8, 9)
[Tue, 31 May 16 22:29:29 +0800][INFO] SELECT `hm_acl_resource`.`id`, `hm_acl_resource`.`name`, `hm_acl_resource`.`controller`, `hm_acl_resource`.`action`, `hm_acl_resource`.`isshow`, `hm_acl_resource`.`pid`, `hm_acl_resource`.`sort`, `hm_acl_resource`.`icon` FROM `hm_acl_resource` WHERE `hm_acl_resource`.`id` IN (4, 5, 7, 8, 9)
[Tue, 31 May 16 22:29:29 +0800][INFO] SELECT `hm_acl_resource`.`id`, `hm_acl_resource`.`name`, `hm_acl_resource`.`controller`, `hm_acl_resource`.`action`, `hm_acl_resource`.`isshow`, `hm_acl_resource`.`pid`, `hm_acl_resource`.`sort`, `hm_acl_resource`.`icon` FROM `hm_acl_resource` WHERE `hm_acl_resource`.`id` IN (4, 5, 7, 8, 9)
[Tue, 31 May 16 22:29:29 +0800][INFO] SELECT `hm_acl_resource`.`id`, `hm_acl_resource`.`name`, `hm_acl_resource`.`controller`, `hm_acl_resource`.`action`, `hm_acl_resource`.`isshow`, `hm_acl_resource`.`pid`, `hm_acl_resource`.`sort`, `hm_acl_resource`.`icon` FROM `hm_acl_resource` ORDER BY `hm_acl_resource`.`sort` ASC
[Tue, 31 May 16 22:30:26 +0800][INFO] SELECT u.*,ug.* FROM hm_user u JOIN hm_acl_user_group ug WHERE ug.uid = u.id
[Tue, 31 May 16 22:31:47 +0800][INFO] SELECT u.*,ug.*,g.* FROM hm_user u JOIN hm_acl_user_group ug JOIN hm_acl_group g WHERE ug.uid = u.id AND ug.group_id = g.id
[Tue, 31 May 16 22:32:29 +0800][INFO] SELECT u.*,ug.*,g.* FROM hm_user u JOIN hm_acl_user_group ug JOIN hm_acl_group g WHERE ug.uid = u.id AND ug.group_id = g.id
[Tue, 31 May 16 22:33:48 +0800][INFO] SELECT u.*,ug.*,g.* FROM hm_user u,hm_acl_user_group ug,hm_acl_group g WHERE ug.uid = u.id AND ug.group_id = g.id
[Tue, 31 May 16 22:34:07 +0800][INFO] SELECT u.*,ug.*,g.* FROM hm_user u,hm_acl_user_group ug,hm_acl_group g WHERE ug.uid = u.id AND ug.group_id = g.id
[Tue, 31 May 16 22:34:08 +0800][INFO] SELECT u.*,ug.*,g.* FROM hm_user u,hm_acl_user_group ug,hm_acl_group g WHERE ug.uid = u.id AND ug.group_id = g.id
[Tue, 31 May 16 22:34:08 +0800][INFO] SELECT u.*,ug.*,g.* FROM hm_user u,hm_acl_user_group ug,hm_acl_group g WHERE ug.uid = u.id AND ug.group_id = g.id
[Tue, 31 May 16 22:34:08 +0800][INFO] SELECT u.*,ug.*,g.* FROM hm_user u,hm_acl_user_group ug,hm_acl_group g WHERE ug.uid = u.id AND ug.group_id = g.id
[Tue, 31 May 16 22:34:09 +0800][INFO] SELECT u.*,ug.*,g.* FROM hm_user u,hm_acl_user_group ug,hm_acl_group g WHERE ug.uid = u.id AND ug.group_id = g.id
[Tue, 31 May 16 22:34:40 +0800][INFO] SELECT u.*,ug.*,g.* FROM hm_user u JOIN hm_acl_user_group ug JOIN hm_acl_group g WHERE ug.uid = u.id AND ug.group_id = g.id
