[Tue, 17 May 16 15:18:58 +0800][INFO] SELECT `hm_acl_resource`.`id` AS `id`, `hm_acl_resource`.`name` AS `name` FROM `hm_acl_resource` WHERE `hm_acl_resource`.`pid` = :pid AND `hm_acl_resource`.`isshow` = :isshow ORDER BY `hm_acl_resource`.`sort`
[Tue, 17 May 16 15:19:00 +0800][INFO] SELECT `hm_acl_resource`.`id` AS `id`, `hm_acl_resource`.`name` AS `name`, `hm_acl_resource`.`controller` AS `controller`, `hm_acl_resource`.`action` AS `action`, `hm_acl_resource`.`sort` AS `sort`, `hm_acl_resource`.`icon` AS `icon` FROM `hm_acl_resource` WHERE `hm_acl_resource`.`pid` = :pid AND `hm_acl_resource`.`isshow` = :isshow ORDER BY `hm_acl_resource`.`sort`
[Tue, 17 May 16 15:19:02 +0800][INFO] SELECT `hm_acl_resource`.`id` AS `id`, `hm_acl_resource`.`name` AS `name`, `hm_acl_resource`.`controller` AS `controller`, `hm_acl_resource`.`action` AS `action`, `hm_acl_resource`.`sort` AS `sort`, `hm_acl_resource`.`icon` AS `icon` FROM `hm_acl_resource` WHERE `hm_acl_resource`.`pid` = :pid AND `hm_acl_resource`.`isshow` = :isshow ORDER BY `hm_acl_resource`.`sort`
[Tue, 17 May 16 15:19:02 +0800][INFO] SELECT `hm_acl_resource`.`id` AS `id`, `hm_acl_resource`.`name` AS `name`, `hm_acl_resource`.`controller` AS `controller`, `hm_acl_resource`.`action` AS `action`, `hm_acl_resource`.`sort` AS `sort`, `hm_acl_resource`.`icon` AS `icon` FROM `hm_acl_resource` WHERE `hm_acl_resource`.`pid` = :pid AND `hm_acl_resource`.`isshow` = :isshow ORDER BY `hm_acl_resource`.`sort`
[Tue, 17 May 16 15:19:02 +0800][INFO] SELECT `hm_acl_resource`.`id` AS `id`, `hm_acl_resource`.`name` AS `name`, `hm_acl_resource`.`controller` AS `controller`, `hm_acl_resource`.`action` AS `action`, `hm_acl_resource`.`sort` AS `sort`, `hm_acl_resource`.`icon` AS `icon` FROM `hm_acl_resource` WHERE `hm_acl_resource`.`pid` = :pid AND `hm_acl_resource`.`isshow` = :isshow ORDER BY `hm_acl_resource`.`sort`
[Tue, 17 May 16 15:19:03 +0800][INFO] SELECT IF(COUNT(*) > 0, 1, 0) FROM `INFORMATION_SCHEMA`.`TABLES` WHERE `TABLE_NAME` = 'hm_acl_resource' AND `TABLE_SCHEMA` = DATABASE()
[Tue, 17 May 16 15:19:03 +0800][INFO] DESCRIBE `hm_acl_resource`
[Tue, 17 May 16 15:19:03 +0800][INFO] SELECT `hm_acl_resource`.`id`, `hm_acl_resource`.`name`, `hm_acl_resource`.`controller`, `hm_acl_resource`.`action`, `hm_acl_resource`.`isshow`, `hm_acl_resource`.`pid`, `hm_acl_resource`.`sort`, `hm_acl_resource`.`icon` FROM `hm_acl_resource` ORDER BY `hm_acl_resource`.`sort`
[Tue, 17 May 16 15:20:51 +0800][INFO] SELECT IF(COUNT(*) > 0, 1, 0) FROM `INFORMATION_SCHEMA`.`TABLES` WHERE `TABLE_NAME` = 'hm_acl_resource' AND `TABLE_SCHEMA` = DATABASE()
[Tue, 17 May 16 15:20:51 +0800][INFO] DESCRIBE `hm_acl_resource`
[Tue, 17 May 16 15:20:51 +0800][INFO] SELECT `hm_acl_resource`.`id`, `hm_acl_resource`.`name`, `hm_acl_resource`.`controller`, `hm_acl_resource`.`action`, `hm_acl_resource`.`isshow`, `hm_acl_resource`.`pid`, `hm_acl_resource`.`sort`, `hm_acl_resource`.`icon` FROM `hm_acl_resource` ORDER BY `hm_acl_resource`.`sort`
[Tue, 17 May 16 15:27:07 +0800][INFO] SELECT IF(COUNT(*) > 0, 1, 0) FROM `INFORMATION_SCHEMA`.`TABLES` WHERE `TABLE_NAME` = 'hm_acl_resource' AND `TABLE_SCHEMA` = DATABASE()
[Tue, 17 May 16 15:27:07 +0800][INFO] DESCRIBE `hm_acl_resource`
[Tue, 17 May 16 15:27:07 +0800][INFO] SELECT `hm_acl_resource`.`id`, `hm_acl_resource`.`name`, `hm_acl_resource`.`controller`, `hm_acl_resource`.`action`, `hm_acl_resource`.`isshow`, `hm_acl_resource`.`pid`, `hm_acl_resource`.`sort`, `hm_acl_resource`.`icon` FROM `hm_acl_resource` ORDER BY `hm_acl_resource`.`sort`
[Tue, 17 May 16 15:36:42 +0800][INFO] SELECT IF(COUNT(*) > 0, 1, 0) FROM `INFORMATION_SCHEMA`.`TABLES` WHERE `TABLE_NAME` = 'hm_acl_resource' AND `TABLE_SCHEMA` = DATABASE()
[Tue, 17 May 16 15:36:42 +0800][INFO] DESCRIBE `hm_acl_resource`
[Tue, 17 May 16 15:36:42 +0800][INFO] SELECT `hm_acl_resource`.`id`, `hm_acl_resource`.`name`, `hm_acl_resource`.`controller`, `hm_acl_resource`.`action`, `hm_acl_resource`.`isshow`, `hm_acl_resource`.`pid`, `hm_acl_resource`.`sort`, `hm_acl_resource`.`icon` FROM `hm_acl_resource` ORDER BY `hm_acl_resource`.`sort`
[Tue, 17 May 16 15:54:42 +0800][INFO] SELECT IF(COUNT(*) > 0, 1, 0) FROM `INFORMATION_SCHEMA`.`TABLES` WHERE `TABLE_NAME` = 'hm_acl_resource' AND `TABLE_SCHEMA` = DATABASE()
[Tue, 17 May 16 15:54:42 +0800][INFO] DESCRIBE `hm_acl_resource`
[Tue, 17 May 16 15:54:42 +0800][INFO] SELECT `hm_acl_resource`.`id`, `hm_acl_resource`.`name`, `hm_acl_resource`.`controller`, `hm_acl_resource`.`action`, `hm_acl_resource`.`isshow`, `hm_acl_resource`.`pid`, `hm_acl_resource`.`sort`, `hm_acl_resource`.`icon` FROM `hm_acl_resource` ORDER BY `hm_acl_resource`.`sort`
[Tue, 17 May 16 15:56:27 +0800][INFO] SELECT IF(COUNT(*) > 0, 1, 0) FROM `INFORMATION_SCHEMA`.`TABLES` WHERE `TABLE_NAME` = 'hm_acl_resource' AND `TABLE_SCHEMA` = DATABASE()
[Tue, 17 May 16 15:56:27 +0800][INFO] DESCRIBE `hm_acl_resource`
[Tue, 17 May 16 15:56:27 +0800][INFO] SELECT `hm_acl_resource`.`id`, `hm_acl_resource`.`name`, `hm_acl_resource`.`controller`, `hm_acl_resource`.`action`, `hm_acl_resource`.`isshow`, `hm_acl_resource`.`pid`, `hm_acl_resource`.`sort`, `hm_acl_resource`.`icon` FROM `hm_acl_resource` ORDER BY `hm_acl_resource`.`sort`
[Tue, 17 May 16 15:58:33 +0800][INFO] SELECT IF(COUNT(*) > 0, 1, 0) FROM `INFORMATION_SCHEMA`.`TABLES` WHERE `TABLE_NAME` = 'hm_acl_resource' AND `TABLE_SCHEMA` = DATABASE()
[Tue, 17 May 16 15:58:33 +0800][INFO] DESCRIBE `hm_acl_resource`
[Tue, 17 May 16 15:58:33 +0800][INFO] SELECT `hm_acl_resource`.`id`, `hm_acl_resource`.`name`, `hm_acl_resource`.`controller`, `hm_acl_resource`.`action`, `hm_acl_resource`.`isshow`, `hm_acl_resource`.`pid`, `hm_acl_resource`.`sort`, `hm_acl_resource`.`icon` FROM `hm_acl_resource` ORDER BY `hm_acl_resource`.`sort`
[Tue, 17 May 16 16:01:41 +0800][INFO] SELECT IF(COUNT(*) > 0, 1, 0) FROM `INFORMATION_SCHEMA`.`TABLES` WHERE `TABLE_NAME` = 'hm_acl_resource' AND `TABLE_SCHEMA` = DATABASE()
[Tue, 17 May 16 16:01:41 +0800][INFO] DESCRIBE `hm_acl_resource`
[Tue, 17 May 16 16:01:41 +0800][INFO] SELECT `hm_acl_resource`.`id`, `hm_acl_resource`.`name`, `hm_acl_resource`.`controller`, `hm_acl_resource`.`action`, `hm_acl_resource`.`isshow`, `hm_acl_resource`.`pid`, `hm_acl_resource`.`sort`, `hm_acl_resource`.`icon` FROM `hm_acl_resource` ORDER BY `hm_acl_resource`.`sort`
[Tue, 17 May 16 16:04:40 +0800][INFO] SELECT IF(COUNT(*) > 0, 1, 0) FROM `INFORMATION_SCHEMA`.`TABLES` WHERE `TABLE_NAME` = 'hm_acl_resource' AND `TABLE_SCHEMA` = DATABASE()
[Tue, 17 May 16 16:04:40 +0800][INFO] DESCRIBE `hm_acl_resource`
[Tue, 17 May 16 16:04:40 +0800][INFO] SELECT `hm_acl_resource`.`id`, `hm_acl_resource`.`name`, `hm_acl_resource`.`controller`, `hm_acl_resource`.`action`, `hm_acl_resource`.`isshow`, `hm_acl_resource`.`pid`, `hm_acl_resource`.`sort`, `hm_acl_resource`.`icon` FROM `hm_acl_resource` ORDER BY `hm_acl_resource`.`sort`
[Tue, 17 May 16 16:07:38 +0800][INFO] SELECT IF(COUNT(*) > 0, 1, 0) FROM `INFORMATION_SCHEMA`.`TABLES` WHERE `TABLE_NAME` = 'hm_acl_resource' AND `TABLE_SCHEMA` = DATABASE()
[Tue, 17 May 16 16:07:38 +0800][INFO] DESCRIBE `hm_acl_resource`
[Tue, 17 May 16 16:07:38 +0800][INFO] SELECT `hm_acl_resource`.`id`, `hm_acl_resource`.`name`, `hm_acl_resource`.`controller`, `hm_acl_resource`.`action`, `hm_acl_resource`.`isshow`, `hm_acl_resource`.`pid`, `hm_acl_resource`.`sort`, `hm_acl_resource`.`icon` FROM `hm_acl_resource` ORDER BY `hm_acl_resource`.`sort`
[Tue, 17 May 16 16:09:29 +0800][INFO] SELECT IF(COUNT(*) > 0, 1, 0) FROM `INFORMATION_SCHEMA`.`TABLES` WHERE `TABLE_NAME` = 'hm_acl_resource' AND `TABLE_SCHEMA` = DATABASE()
[Tue, 17 May 16 16:09:29 +0800][INFO] DESCRIBE `hm_acl_resource`
[Tue, 17 May 16 16:09:29 +0800][INFO] SELECT `hm_acl_resource`.`id`, `hm_acl_resource`.`name`, `hm_acl_resource`.`controller`, `hm_acl_resource`.`action`, `hm_acl_resource`.`isshow`, `hm_acl_resource`.`pid`, `hm_acl_resource`.`sort`, `hm_acl_resource`.`icon` FROM `hm_acl_resource` ORDER BY `hm_acl_resource`.`sort`
[Tue, 17 May 16 16:11:30 +0800][INFO] SELECT IF(COUNT(*) > 0, 1, 0) FROM `INFORMATION_SCHEMA`.`TABLES` WHERE `TABLE_NAME` = 'hm_acl_resource' AND `TABLE_SCHEMA` = DATABASE()
[Tue, 17 May 16 16:11:30 +0800][INFO] DESCRIBE `hm_acl_resource`
[Tue, 17 May 16 16:11:30 +0800][INFO] SELECT `hm_acl_resource`.`id`, `hm_acl_resource`.`name`, `hm_acl_resource`.`controller`, `hm_acl_resource`.`action`, `hm_acl_resource`.`isshow`, `hm_acl_resource`.`pid`, `hm_acl_resource`.`sort`, `hm_acl_resource`.`icon` FROM `hm_acl_resource` ORDER BY `hm_acl_resource`.`sort`
[Tue, 17 May 16 20:37:48 +0800][INFO] SELECT `hm_acl_resource`.`id` AS `id`, `hm_acl_resource`.`name` AS `name` FROM `hm_acl_resource` WHERE `hm_acl_resource`.`pid` = :pid AND `hm_acl_resource`.`isshow` = :isshow ORDER BY `hm_acl_resource`.`sort`
[Tue, 17 May 16 20:37:48 +0800][INFO] SELECT `hm_acl_resource`.`id` AS `id`, `hm_acl_resource`.`name` AS `name` FROM `hm_acl_resource` WHERE `hm_acl_resource`.`pid` = :pid AND `hm_acl_resource`.`isshow` = :isshow ORDER BY `hm_acl_resource`.`sort`
[Tue, 17 May 16 20:37:51 +0800][INFO] SELECT `hm_acl_resource`.`id` AS `id`, `hm_acl_resource`.`name` AS `name`, `hm_acl_resource`.`controller` AS `controller`, `hm_acl_resource`.`action` AS `action`, `hm_acl_resource`.`sort` AS `sort`, `hm_acl_resource`.`icon` AS `icon` FROM `hm_acl_resource` WHERE `hm_acl_resource`.`pid` = :pid AND `hm_acl_resource`.`isshow` = :isshow ORDER BY `hm_acl_resource`.`sort`
[Tue, 17 May 16 20:37:52 +0800][INFO] SELECT `hm_acl_resource`.`id` AS `id`, `hm_acl_resource`.`name` AS `name`, `hm_acl_resource`.`controller` AS `controller`, `hm_acl_resource`.`action` AS `action`, `hm_acl_resource`.`sort` AS `sort`, `hm_acl_resource`.`icon` AS `icon` FROM `hm_acl_resource` WHERE `hm_acl_resource`.`pid` = :pid AND `hm_acl_resource`.`isshow` = :isshow ORDER BY `hm_acl_resource`.`sort`
[Tue, 17 May 16 20:37:52 +0800][INFO] SELECT `hm_acl_resource`.`id` AS `id`, `hm_acl_resource`.`name` AS `name`, `hm_acl_resource`.`controller` AS `controller`, `hm_acl_resource`.`action` AS `action`, `hm_acl_resource`.`sort` AS `sort`, `hm_acl_resource`.`icon` AS `icon` FROM `hm_acl_resource` WHERE `hm_acl_resource`.`pid` = :pid AND `hm_acl_resource`.`isshow` = :isshow ORDER BY `hm_acl_resource`.`sort`
[Tue, 17 May 16 20:37:52 +0800][INFO] SELECT `hm_acl_resource`.`id` AS `id`, `hm_acl_resource`.`name` AS `name`, `hm_acl_resource`.`controller` AS `controller`, `hm_acl_resource`.`action` AS `action`, `hm_acl_resource`.`sort` AS `sort`, `hm_acl_resource`.`icon` AS `icon` FROM `hm_acl_resource` WHERE `hm_acl_resource`.`pid` = :pid AND `hm_acl_resource`.`isshow` = :isshow ORDER BY `hm_acl_resource`.`sort`
[Tue, 17 May 16 20:37:53 +0800][INFO] SELECT IF(COUNT(*) > 0, 1, 0) FROM `INFORMATION_SCHEMA`.`TABLES` WHERE `TABLE_NAME` = 'hm_acl_resource' AND `TABLE_SCHEMA` = DATABASE()
[Tue, 17 May 16 20:37:53 +0800][INFO] DESCRIBE `hm_acl_resource`
[Tue, 17 May 16 20:37:53 +0800][INFO] SELECT `hm_acl_resource`.`id`, `hm_acl_resource`.`name`, `hm_acl_resource`.`controller`, `hm_acl_resource`.`action`, `hm_acl_resource`.`isshow`, `hm_acl_resource`.`pid`, `hm_acl_resource`.`sort`, `hm_acl_resource`.`icon` FROM `hm_acl_resource` ORDER BY `hm_acl_resource`.`sort`
[Tue, 17 May 16 20:41:59 +0800][INFO] SELECT IF(COUNT(*) > 0, 1, 0) FROM `INFORMATION_SCHEMA`.`TABLES` WHERE `TABLE_NAME` = 'hm_acl_resource' AND `TABLE_SCHEMA` = DATABASE()
[Tue, 17 May 16 20:41:59 +0800][INFO] DESCRIBE `hm_acl_resource`
[Tue, 17 May 16 20:41:59 +0800][INFO] SELECT `hm_acl_resource`.`id`, `hm_acl_resource`.`name`, `hm_acl_resource`.`controller`, `hm_acl_resource`.`action`, `hm_acl_resource`.`isshow`, `hm_acl_resource`.`pid`, `hm_acl_resource`.`sort`, `hm_acl_resource`.`icon` FROM `hm_acl_resource` ORDER BY `hm_acl_resource`.`sort`
[Tue, 17 May 16 20:44:43 +0800][INFO] SELECT IF(COUNT(*) > 0, 1, 0) FROM `INFORMATION_SCHEMA`.`TABLES` WHERE `TABLE_NAME` = 'hm_acl_resource' AND `TABLE_SCHEMA` = DATABASE()
[Tue, 17 May 16 20:44:43 +0800][INFO] DESCRIBE `hm_acl_resource`
[Tue, 17 May 16 20:44:43 +0800][INFO] SELECT `hm_acl_resource`.`id`, `hm_acl_resource`.`name`, `hm_acl_resource`.`controller`, `hm_acl_resource`.`action`, `hm_acl_resource`.`isshow`, `hm_acl_resource`.`pid`, `hm_acl_resource`.`sort`, `hm_acl_resource`.`icon` FROM `hm_acl_resource` ORDER BY `hm_acl_resource`.`sort`
[Tue, 17 May 16 20:59:18 +0800][INFO] SELECT IF(COUNT(*) > 0, 1, 0) FROM `INFORMATION_SCHEMA`.`TABLES` WHERE `TABLE_NAME` = 'hm_acl_resource' AND `TABLE_SCHEMA` = DATABASE()
[Tue, 17 May 16 20:59:18 +0800][INFO] DESCRIBE `hm_acl_resource`
[Tue, 17 May 16 20:59:18 +0800][INFO] SELECT `hm_acl_resource`.`id`, `hm_acl_resource`.`name`, `hm_acl_resource`.`controller`, `hm_acl_resource`.`action`, `hm_acl_resource`.`isshow`, `hm_acl_resource`.`pid`, `hm_acl_resource`.`sort`, `hm_acl_resource`.`icon` FROM `hm_acl_resource` ORDER BY `hm_acl_resource`.`sort`
[Tue, 17 May 16 21:00:19 +0800][INFO] SELECT `hm_acl_resource`.`id` AS `id`, `hm_acl_resource`.`name` AS `name`, `hm_acl_resource`.`controller` AS `controller`, `hm_acl_resource`.`action` AS `action`, `hm_acl_resource`.`sort` AS `sort`, `hm_acl_resource`.`icon` AS `icon` FROM `hm_acl_resource` WHERE `hm_acl_resource`.`pid` = :pid AND `hm_acl_resource`.`isshow` = :isshow ORDER BY `hm_acl_resource`.`sort`
[Tue, 17 May 16 21:00:21 +0800][INFO] SELECT `hm_acl_resource`.`id` AS `id`, `hm_acl_resource`.`name` AS `name`, `hm_acl_resource`.`controller` AS `controller`, `hm_acl_resource`.`action` AS `action`, `hm_acl_resource`.`sort` AS `sort`, `hm_acl_resource`.`icon` AS `icon` FROM `hm_acl_resource` WHERE `hm_acl_resource`.`pid` = :pid AND `hm_acl_resource`.`isshow` = :isshow ORDER BY `hm_acl_resource`.`sort`
[Tue, 17 May 16 21:00:21 +0800][INFO] SELECT `hm_acl_resource`.`id` AS `id`, `hm_acl_resource`.`name` AS `name`, `hm_acl_resource`.`controller` AS `controller`, `hm_acl_resource`.`action` AS `action`, `hm_acl_resource`.`sort` AS `sort`, `hm_acl_resource`.`icon` AS `icon` FROM `hm_acl_resource` WHERE `hm_acl_resource`.`pid` = :pid AND `hm_acl_resource`.`isshow` = :isshow ORDER BY `hm_acl_resource`.`sort`
[Tue, 17 May 16 21:00:21 +0800][INFO] SELECT `hm_acl_resource`.`id` AS `id`, `hm_acl_resource`.`name` AS `name`, `hm_acl_resource`.`controller` AS `controller`, `hm_acl_resource`.`action` AS `action`, `hm_acl_resource`.`sort` AS `sort`, `hm_acl_resource`.`icon` AS `icon` FROM `hm_acl_resource` WHERE `hm_acl_resource`.`pid` = :pid AND `hm_acl_resource`.`isshow` = :isshow ORDER BY `hm_acl_resource`.`sort`
[Tue, 17 May 16 21:01:30 +0800][INFO] SELECT IF(COUNT(*) > 0, 1, 0) FROM `INFORMATION_SCHEMA`.`TABLES` WHERE `TABLE_NAME` = 'hm_acl_resource' AND `TABLE_SCHEMA` = DATABASE()
[Tue, 17 May 16 21:01:30 +0800][INFO] DESCRIBE `hm_acl_resource`
[Tue, 17 May 16 21:01:30 +0800][INFO] SELECT `hm_acl_resource`.`id`, `hm_acl_resource`.`name`, `hm_acl_resource`.`controller`, `hm_acl_resource`.`action`, `hm_acl_resource`.`isshow`, `hm_acl_resource`.`pid`, `hm_acl_resource`.`sort`, `hm_acl_resource`.`icon` FROM `hm_acl_resource` ORDER BY `hm_acl_resource`.`sort`
[Tue, 17 May 16 21:03:52 +0800][INFO] SELECT `hm_acl_resource`.`id` AS `id`, `hm_acl_resource`.`name` AS `name` FROM `hm_acl_resource` WHERE `hm_acl_resource`.`pid` = :pid AND `hm_acl_resource`.`isshow` = :isshow ORDER BY `hm_acl_resource`.`sort`
[Tue, 17 May 16 21:03:52 +0800][INFO] SELECT `hm_acl_resource`.`id` AS `id`, `hm_acl_resource`.`name` AS `name`, `hm_acl_resource`.`controller` AS `controller`, `hm_acl_resource`.`action` AS `action`, `hm_acl_resource`.`sort` AS `sort`, `hm_acl_resource`.`icon` AS `icon` FROM `hm_acl_resource` WHERE `hm_acl_resource`.`pid` = :pid AND `hm_acl_resource`.`isshow` = :isshow ORDER BY `hm_acl_resource`.`sort`
[Tue, 17 May 16 21:09:10 +0800][INFO] SELECT `hm_acl_resource`.`id` AS `id`, `hm_acl_resource`.`name` AS `name`, `hm_acl_resource`.`controller` AS `controller`, `hm_acl_resource`.`action` AS `action`, `hm_acl_resource`.`sort` AS `sort`, `hm_acl_resource`.`icon` AS `icon` FROM `hm_acl_resource` WHERE `hm_acl_resource`.`pid` = :pid AND `hm_acl_resource`.`isshow` = :isshow ORDER BY `hm_acl_resource`.`sort`
[Tue, 17 May 16 21:09:10 +0800][INFO] SELECT `hm_acl_resource`.`id` AS `id`, `hm_acl_resource`.`name` AS `name`, `hm_acl_resource`.`controller` AS `controller`, `hm_acl_resource`.`action` AS `action`, `hm_acl_resource`.`sort` AS `sort`, `hm_acl_resource`.`icon` AS `icon` FROM `hm_acl_resource` WHERE `hm_acl_resource`.`pid` = :pid AND `hm_acl_resource`.`isshow` = :isshow ORDER BY `hm_acl_resource`.`sort`
[Tue, 17 May 16 21:09:10 +0800][INFO] SELECT `hm_acl_resource`.`id` AS `id`, `hm_acl_resource`.`name` AS `name`, `hm_acl_resource`.`controller` AS `controller`, `hm_acl_resource`.`action` AS `action`, `hm_acl_resource`.`sort` AS `sort`, `hm_acl_resource`.`icon` AS `icon` FROM `hm_acl_resource` WHERE `hm_acl_resource`.`pid` = :pid AND `hm_acl_resource`.`isshow` = :isshow ORDER BY `hm_acl_resource`.`sort`
[Tue, 17 May 16 21:09:11 +0800][INFO] SELECT IF(COUNT(*) > 0, 1, 0) FROM `INFORMATION_SCHEMA`.`TABLES` WHERE `TABLE_NAME` = 'hm_acl_resource' AND `TABLE_SCHEMA` = DATABASE()
[Tue, 17 May 16 21:09:11 +0800][INFO] DESCRIBE `hm_acl_resource`
[Tue, 17 May 16 21:09:11 +0800][INFO] SELECT `hm_acl_resource`.`id`, `hm_acl_resource`.`name`, `hm_acl_resource`.`controller`, `hm_acl_resource`.`action`, `hm_acl_resource`.`isshow`, `hm_acl_resource`.`pid`, `hm_acl_resource`.`sort`, `hm_acl_resource`.`icon` FROM `hm_acl_resource` ORDER BY `hm_acl_resource`.`sort`
[Tue, 17 May 16 21:09:13 +0800][INFO] SELECT `hm_acl_resource`.`id` AS `id`, `hm_acl_resource`.`name` AS `name` FROM `hm_acl_resource` WHERE `hm_acl_resource`.`pid` = :pid AND `hm_acl_resource`.`isshow` = :isshow ORDER BY `hm_acl_resource`.`sort`
[Tue, 17 May 16 21:09:13 +0800][INFO] SELECT `hm_acl_resource`.`id` AS `id`, `hm_acl_resource`.`name` AS `name`, `hm_acl_resource`.`controller` AS `controller`, `hm_acl_resource`.`action` AS `action`, `hm_acl_resource`.`sort` AS `sort`, `hm_acl_resource`.`icon` AS `icon` FROM `hm_acl_resource` WHERE `hm_acl_resource`.`pid` = :pid AND `hm_acl_resource`.`isshow` = :isshow ORDER BY `hm_acl_resource`.`sort`
[Tue, 17 May 16 21:10:09 +0800][INFO] SELECT `hm_acl_resource`.`id` AS `id`, `hm_acl_resource`.`name` AS `name` FROM `hm_acl_resource` WHERE `hm_acl_resource`.`pid` = :pid AND `hm_acl_resource`.`isshow` = :isshow ORDER BY `hm_acl_resource`.`sort`
[Tue, 17 May 16 21:10:09 +0800][INFO] SELECT `hm_acl_resource`.`id` AS `id`, `hm_acl_resource`.`name` AS `name`, `hm_acl_resource`.`controller` AS `controller`, `hm_acl_resource`.`action` AS `action`, `hm_acl_resource`.`sort` AS `sort`, `hm_acl_resource`.`icon` AS `icon` FROM `hm_acl_resource` WHERE `hm_acl_resource`.`pid` = :pid AND `hm_acl_resource`.`isshow` = :isshow ORDER BY `hm_acl_resource`.`sort`
[Tue, 17 May 16 21:10:10 +0800][INFO] SELECT `hm_acl_resource`.`id` AS `id`, `hm_acl_resource`.`name` AS `name`, `hm_acl_resource`.`controller` AS `controller`, `hm_acl_resource`.`action` AS `action`, `hm_acl_resource`.`sort` AS `sort`, `hm_acl_resource`.`icon` AS `icon` FROM `hm_acl_resource` WHERE `hm_acl_resource`.`pid` = :pid AND `hm_acl_resource`.`isshow` = :isshow ORDER BY `hm_acl_resource`.`sort`
[Tue, 17 May 16 21:10:10 +0800][INFO] SELECT `hm_acl_resource`.`id` AS `id`, `hm_acl_resource`.`name` AS `name`, `hm_acl_resource`.`controller` AS `controller`, `hm_acl_resource`.`action` AS `action`, `hm_acl_resource`.`sort` AS `sort`, `hm_acl_resource`.`icon` AS `icon` FROM `hm_acl_resource` WHERE `hm_acl_resource`.`pid` = :pid AND `hm_acl_resource`.`isshow` = :isshow ORDER BY `hm_acl_resource`.`sort`
[Tue, 17 May 16 21:10:10 +0800][INFO] SELECT `hm_acl_resource`.`id` AS `id`, `hm_acl_resource`.`name` AS `name`, `hm_acl_resource`.`controller` AS `controller`, `hm_acl_resource`.`action` AS `action`, `hm_acl_resource`.`sort` AS `sort`, `hm_acl_resource`.`icon` AS `icon` FROM `hm_acl_resource` WHERE `hm_acl_resource`.`pid` = :pid AND `hm_acl_resource`.`isshow` = :isshow ORDER BY `hm_acl_resource`.`sort`
[Tue, 17 May 16 21:16:20 +0800][INFO] SELECT IF(COUNT(*) > 0, 1, 0) FROM `INFORMATION_SCHEMA`.`TABLES` WHERE `TABLE_NAME` = 'hm_acl_resource' AND `TABLE_SCHEMA` = DATABASE()
[Tue, 17 May 16 21:16:20 +0800][INFO] DESCRIBE `hm_acl_resource`
[Tue, 17 May 16 21:16:20 +0800][INFO] SELECT `hm_acl_resource`.`id`, `hm_acl_resource`.`name`, `hm_acl_resource`.`controller`, `hm_acl_resource`.`action`, `hm_acl_resource`.`isshow`, `hm_acl_resource`.`pid`, `hm_acl_resource`.`sort`, `hm_acl_resource`.`icon` FROM `hm_acl_resource` ORDER BY `hm_acl_resource`.`sort`
[Tue, 17 May 16 21:17:37 +0800][INFO] SELECT `hm_acl_resource`.`id` AS `id`, `hm_acl_resource`.`name` AS `name` FROM `hm_acl_resource` WHERE `hm_acl_resource`.`pid` = :pid AND `hm_acl_resource`.`isshow` = :isshow ORDER BY `hm_acl_resource`.`sort`
[Tue, 17 May 16 21:17:38 +0800][INFO] SELECT `hm_acl_resource`.`id` AS `id`, `hm_acl_resource`.`name` AS `name`, `hm_acl_resource`.`controller` AS `controller`, `hm_acl_resource`.`action` AS `action`, `hm_acl_resource`.`sort` AS `sort`, `hm_acl_resource`.`icon` AS `icon` FROM `hm_acl_resource` WHERE `hm_acl_resource`.`pid` = :pid AND `hm_acl_resource`.`isshow` = :isshow ORDER BY `hm_acl_resource`.`sort`
[Tue, 17 May 16 21:17:38 +0800][INFO] SELECT `hm_acl_resource`.`id` AS `id`, `hm_acl_resource`.`name` AS `name`, `hm_acl_resource`.`controller` AS `controller`, `hm_acl_resource`.`action` AS `action`, `hm_acl_resource`.`sort` AS `sort`, `hm_acl_resource`.`icon` AS `icon` FROM `hm_acl_resource` WHERE `hm_acl_resource`.`pid` = :pid AND `hm_acl_resource`.`isshow` = :isshow ORDER BY `hm_acl_resource`.`sort`
[Tue, 17 May 16 21:17:38 +0800][INFO] SELECT `hm_acl_resource`.`id` AS `id`, `hm_acl_resource`.`name` AS `name`, `hm_acl_resource`.`controller` AS `controller`, `hm_acl_resource`.`action` AS `action`, `hm_acl_resource`.`sort` AS `sort`, `hm_acl_resource`.`icon` AS `icon` FROM `hm_acl_resource` WHERE `hm_acl_resource`.`pid` = :pid AND `hm_acl_resource`.`isshow` = :isshow ORDER BY `hm_acl_resource`.`sort`
[Tue, 17 May 16 21:17:38 +0800][INFO] SELECT `hm_acl_resource`.`id` AS `id`, `hm_acl_resource`.`name` AS `name`, `hm_acl_resource`.`controller` AS `controller`, `hm_acl_resource`.`action` AS `action`, `hm_acl_resource`.`sort` AS `sort`, `hm_acl_resource`.`icon` AS `icon` FROM `hm_acl_resource` WHERE `hm_acl_resource`.`pid` = :pid AND `hm_acl_resource`.`isshow` = :isshow ORDER BY `hm_acl_resource`.`sort`
[Tue, 17 May 16 21:18:01 +0800][INFO] SELECT IF(COUNT(*) > 0, 1, 0) FROM `INFORMATION_SCHEMA`.`TABLES` WHERE `TABLE_NAME` = 'hm_acl_resource' AND `TABLE_SCHEMA` = DATABASE()
[Tue, 17 May 16 21:18:01 +0800][INFO] DESCRIBE `hm_acl_resource`
[Tue, 17 May 16 21:18:01 +0800][INFO] SELECT `hm_acl_resource`.`id`, `hm_acl_resource`.`name`, `hm_acl_resource`.`controller`, `hm_acl_resource`.`action`, `hm_acl_resource`.`isshow`, `hm_acl_resource`.`pid`, `hm_acl_resource`.`sort`, `hm_acl_resource`.`icon` FROM `hm_acl_resource` ORDER BY `hm_acl_resource`.`sort`
[Tue, 17 May 16 21:18:32 +0800][INFO] SELECT `hm_acl_resource`.`id` AS `id`, `hm_acl_resource`.`name` AS `name` FROM `hm_acl_resource` WHERE `hm_acl_resource`.`pid` = :pid AND `hm_acl_resource`.`isshow` = :isshow ORDER BY `hm_acl_resource`.`sort`
[Tue, 17 May 16 21:18:32 +0800][INFO] SELECT `hm_acl_resource`.`id` AS `id`, `hm_acl_resource`.`name` AS `name`, `hm_acl_resource`.`controller` AS `controller`, `hm_acl_resource`.`action` AS `action`, `hm_acl_resource`.`sort` AS `sort`, `hm_acl_resource`.`icon` AS `icon` FROM `hm_acl_resource` WHERE `hm_acl_resource`.`pid` = :pid AND `hm_acl_resource`.`isshow` = :isshow ORDER BY `hm_acl_resource`.`sort`
[Tue, 17 May 16 21:18:33 +0800][INFO] SELECT `hm_acl_resource`.`id` AS `id`, `hm_acl_resource`.`name` AS `name`, `hm_acl_resource`.`controller` AS `controller`, `hm_acl_resource`.`action` AS `action`, `hm_acl_resource`.`sort` AS `sort`, `hm_acl_resource`.`icon` AS `icon` FROM `hm_acl_resource` WHERE `hm_acl_resource`.`pid` = :pid AND `hm_acl_resource`.`isshow` = :isshow ORDER BY `hm_acl_resource`.`sort`
[Tue, 17 May 16 21:18:33 +0800][INFO] SELECT `hm_acl_resource`.`id` AS `id`, `hm_acl_resource`.`name` AS `name`, `hm_acl_resource`.`controller` AS `controller`, `hm_acl_resource`.`action` AS `action`, `hm_acl_resource`.`sort` AS `sort`, `hm_acl_resource`.`icon` AS `icon` FROM `hm_acl_resource` WHERE `hm_acl_resource`.`pid` = :pid AND `hm_acl_resource`.`isshow` = :isshow ORDER BY `hm_acl_resource`.`sort`
[Tue, 17 May 16 21:18:33 +0800][INFO] SELECT `hm_acl_resource`.`id` AS `id`, `hm_acl_resource`.`name` AS `name`, `hm_acl_resource`.`controller` AS `controller`, `hm_acl_resource`.`action` AS `action`, `hm_acl_resource`.`sort` AS `sort`, `hm_acl_resource`.`icon` AS `icon` FROM `hm_acl_resource` WHERE `hm_acl_resource`.`pid` = :pid AND `hm_acl_resource`.`isshow` = :isshow ORDER BY `hm_acl_resource`.`sort`
[Tue, 17 May 16 21:26:08 +0800][INFO] SELECT `hm_acl_resource`.`id` AS `id`, `hm_acl_resource`.`name` AS `name` FROM `hm_acl_resource` WHERE `hm_acl_resource`.`pid` = :pid AND `hm_acl_resource`.`isshow` = :isshow ORDER BY `hm_acl_resource`.`sort`
[Tue, 17 May 16 21:26:08 +0800][INFO] SELECT `hm_acl_resource`.`id` AS `id`, `hm_acl_resource`.`name` AS `name`, `hm_acl_resource`.`controller` AS `controller`, `hm_acl_resource`.`action` AS `action`, `hm_acl_resource`.`sort` AS `sort`, `hm_acl_resource`.`icon` AS `icon` FROM `hm_acl_resource` WHERE `hm_acl_resource`.`pid` = :pid AND `hm_acl_resource`.`isshow` = :isshow ORDER BY `hm_acl_resource`.`sort`
[Tue, 17 May 16 21:26:09 +0800][INFO] SELECT `hm_acl_resource`.`id` AS `id`, `hm_acl_resource`.`name` AS `name`, `hm_acl_resource`.`controller` AS `controller`, `hm_acl_resource`.`action` AS `action`, `hm_acl_resource`.`sort` AS `sort`, `hm_acl_resource`.`icon` AS `icon` FROM `hm_acl_resource` WHERE `hm_acl_resource`.`pid` = :pid AND `hm_acl_resource`.`isshow` = :isshow ORDER BY `hm_acl_resource`.`sort`
[Tue, 17 May 16 21:26:09 +0800][INFO] SELECT `hm_acl_resource`.`id` AS `id`, `hm_acl_resource`.`name` AS `name`, `hm_acl_resource`.`controller` AS `controller`, `hm_acl_resource`.`action` AS `action`, `hm_acl_resource`.`sort` AS `sort`, `hm_acl_resource`.`icon` AS `icon` FROM `hm_acl_resource` WHERE `hm_acl_resource`.`pid` = :pid AND `hm_acl_resource`.`isshow` = :isshow ORDER BY `hm_acl_resource`.`sort`
[Tue, 17 May 16 21:26:09 +0800][INFO] SELECT `hm_acl_resource`.`id` AS `id`, `hm_acl_resource`.`name` AS `name`, `hm_acl_resource`.`controller` AS `controller`, `hm_acl_resource`.`action` AS `action`, `hm_acl_resource`.`sort` AS `sort`, `hm_acl_resource`.`icon` AS `icon` FROM `hm_acl_resource` WHERE `hm_acl_resource`.`pid` = :pid AND `hm_acl_resource`.`isshow` = :isshow ORDER BY `hm_acl_resource`.`sort`
[Tue, 17 May 16 21:26:10 +0800][INFO] SELECT IF(COUNT(*) > 0, 1, 0) FROM `INFORMATION_SCHEMA`.`TABLES` WHERE `TABLE_NAME` = 'hm_acl_resource' AND `TABLE_SCHEMA` = DATABASE()
[Tue, 17 May 16 21:26:10 +0800][INFO] DESCRIBE `hm_acl_resource`
[Tue, 17 May 16 21:26:10 +0800][INFO] SELECT `hm_acl_resource`.`id`, `hm_acl_resource`.`name`, `hm_acl_resource`.`controller`, `hm_acl_resource`.`action`, `hm_acl_resource`.`isshow`, `hm_acl_resource`.`pid`, `hm_acl_resource`.`sort`, `hm_acl_resource`.`icon` FROM `hm_acl_resource` ORDER BY `hm_acl_resource`.`sort`
[Tue, 17 May 16 21:28:11 +0800][INFO] SELECT `hm_acl_resource`.`id` AS `id`, `hm_acl_resource`.`name` AS `name`, `hm_acl_resource`.`controller` AS `controller`, `hm_acl_resource`.`action` AS `action`, `hm_acl_resource`.`sort` AS `sort`, `hm_acl_resource`.`icon` AS `icon` FROM `hm_acl_resource` WHERE `hm_acl_resource`.`pid` = :pid AND `hm_acl_resource`.`isshow` = :isshow ORDER BY `hm_acl_resource`.`sort`
[Tue, 17 May 16 21:28:12 +0800][INFO] SELECT `hm_acl_resource`.`id` AS `id`, `hm_acl_resource`.`name` AS `name`, `hm_acl_resource`.`controller` AS `controller`, `hm_acl_resource`.`action` AS `action`, `hm_acl_resource`.`sort` AS `sort`, `hm_acl_resource`.`icon` AS `icon` FROM `hm_acl_resource` WHERE `hm_acl_resource`.`pid` = :pid AND `hm_acl_resource`.`isshow` = :isshow ORDER BY `hm_acl_resource`.`sort`
[Tue, 17 May 16 21:29:03 +0800][INFO] SELECT `hm_acl_resource`.`id` AS `id`, `hm_acl_resource`.`name` AS `name`, `hm_acl_resource`.`controller` AS `controller`, `hm_acl_resource`.`action` AS `action`, `hm_acl_resource`.`sort` AS `sort`, `hm_acl_resource`.`icon` AS `icon` FROM `hm_acl_resource` WHERE `hm_acl_resource`.`pid` = :pid AND `hm_acl_resource`.`isshow` = :isshow ORDER BY `hm_acl_resource`.`sort`
[Tue, 17 May 16 21:29:03 +0800][INFO] SELECT `hm_acl_resource`.`id` AS `id`, `hm_acl_resource`.`name` AS `name`, `hm_acl_resource`.`controller` AS `controller`, `hm_acl_resource`.`action` AS `action`, `hm_acl_resource`.`sort` AS `sort`, `hm_acl_resource`.`icon` AS `icon` FROM `hm_acl_resource` WHERE `hm_acl_resource`.`pid` = :pid AND `hm_acl_resource`.`isshow` = :isshow ORDER BY `hm_acl_resource`.`sort`
[Tue, 17 May 16 21:29:03 +0800][INFO] SELECT `hm_acl_resource`.`id` AS `id`, `hm_acl_resource`.`name` AS `name`, `hm_acl_resource`.`controller` AS `controller`, `hm_acl_resource`.`action` AS `action`, `hm_acl_resource`.`sort` AS `sort`, `hm_acl_resource`.`icon` AS `icon` FROM `hm_acl_resource` WHERE `hm_acl_resource`.`pid` = :pid AND `hm_acl_resource`.`isshow` = :isshow ORDER BY `hm_acl_resource`.`sort`
[Tue, 17 May 16 21:29:04 +0800][INFO] SELECT IF(COUNT(*) > 0, 1, 0) FROM `INFORMATION_SCHEMA`.`TABLES` WHERE `TABLE_NAME` = 'hm_acl_resource' AND `TABLE_SCHEMA` = DATABASE()
[Tue, 17 May 16 21:29:04 +0800][INFO] DESCRIBE `hm_acl_resource`
[Tue, 17 May 16 21:29:04 +0800][INFO] SELECT `hm_acl_resource`.`id`, `hm_acl_resource`.`name`, `hm_acl_resource`.`controller`, `hm_acl_resource`.`action`, `hm_acl_resource`.`isshow`, `hm_acl_resource`.`pid`, `hm_acl_resource`.`sort`, `hm_acl_resource`.`icon` FROM `hm_acl_resource` ORDER BY `hm_acl_resource`.`sort`
[Tue, 17 May 16 21:29:25 +0800][INFO] SELECT `hm_acl_resource`.`id` AS `id`, `hm_acl_resource`.`name` AS `name` FROM `hm_acl_resource` WHERE `hm_acl_resource`.`pid` = :pid AND `hm_acl_resource`.`isshow` = :isshow ORDER BY `hm_acl_resource`.`sort`
[Tue, 17 May 16 21:29:25 +0800][INFO] SELECT `hm_acl_resource`.`id` AS `id`, `hm_acl_resource`.`name` AS `name`, `hm_acl_resource`.`controller` AS `controller`, `hm_acl_resource`.`action` AS `action`, `hm_acl_resource`.`sort` AS `sort`, `hm_acl_resource`.`icon` AS `icon` FROM `hm_acl_resource` WHERE `hm_acl_resource`.`pid` = :pid AND `hm_acl_resource`.`isshow` = :isshow ORDER BY `hm_acl_resource`.`sort`
[Tue, 17 May 16 21:29:26 +0800][INFO] SELECT `hm_acl_resource`.`id` AS `id`, `hm_acl_resource`.`name` AS `name`, `hm_acl_resource`.`controller` AS `controller`, `hm_acl_resource`.`action` AS `action`, `hm_acl_resource`.`sort` AS `sort`, `hm_acl_resource`.`icon` AS `icon` FROM `hm_acl_resource` WHERE `hm_acl_resource`.`pid` = :pid AND `hm_acl_resource`.`isshow` = :isshow ORDER BY `hm_acl_resource`.`sort`
[Tue, 17 May 16 21:29:26 +0800][INFO] SELECT `hm_acl_resource`.`id` AS `id`, `hm_acl_resource`.`name` AS `name`, `hm_acl_resource`.`controller` AS `controller`, `hm_acl_resource`.`action` AS `action`, `hm_acl_resource`.`sort` AS `sort`, `hm_acl_resource`.`icon` AS `icon` FROM `hm_acl_resource` WHERE `hm_acl_resource`.`pid` = :pid AND `hm_acl_resource`.`isshow` = :isshow ORDER BY `hm_acl_resource`.`sort`
[Tue, 17 May 16 21:29:26 +0800][INFO] SELECT `hm_acl_resource`.`id` AS `id`, `hm_acl_resource`.`name` AS `name`, `hm_acl_resource`.`controller` AS `controller`, `hm_acl_resource`.`action` AS `action`, `hm_acl_resource`.`sort` AS `sort`, `hm_acl_resource`.`icon` AS `icon` FROM `hm_acl_resource` WHERE `hm_acl_resource`.`pid` = :pid AND `hm_acl_resource`.`isshow` = :isshow ORDER BY `hm_acl_resource`.`sort`
[Tue, 17 May 16 21:31:15 +0800][INFO] SELECT `hm_acl_resource`.`id` AS `id`, `hm_acl_resource`.`name` AS `name` FROM `hm_acl_resource` WHERE `hm_acl_resource`.`pid` = :pid AND `hm_acl_resource`.`isshow` = :isshow ORDER BY `hm_acl_resource`.`sort`
[Tue, 17 May 16 21:31:15 +0800][INFO] SELECT `hm_acl_resource`.`id` AS `id`, `hm_acl_resource`.`name` AS `name`, `hm_acl_resource`.`controller` AS `controller`, `hm_acl_resource`.`action` AS `action`, `hm_acl_resource`.`sort` AS `sort`, `hm_acl_resource`.`icon` AS `icon` FROM `hm_acl_resource` WHERE `hm_acl_resource`.`pid` = :pid AND `hm_acl_resource`.`isshow` = :isshow ORDER BY `hm_acl_resource`.`sort`
[Tue, 17 May 16 21:31:16 +0800][INFO] SELECT `hm_acl_resource`.`id` AS `id`, `hm_acl_resource`.`name` AS `name`, `hm_acl_resource`.`controller` AS `controller`, `hm_acl_resource`.`action` AS `action`, `hm_acl_resource`.`sort` AS `sort`, `hm_acl_resource`.`icon` AS `icon` FROM `hm_acl_resource` WHERE `hm_acl_resource`.`pid` = :pid AND `hm_acl_resource`.`isshow` = :isshow ORDER BY `hm_acl_resource`.`sort`
[Tue, 17 May 16 21:31:16 +0800][INFO] SELECT `hm_acl_resource`.`id` AS `id`, `hm_acl_resource`.`name` AS `name`, `hm_acl_resource`.`controller` AS `controller`, `hm_acl_resource`.`action` AS `action`, `hm_acl_resource`.`sort` AS `sort`, `hm_acl_resource`.`icon` AS `icon` FROM `hm_acl_resource` WHERE `hm_acl_resource`.`pid` = :pid AND `hm_acl_resource`.`isshow` = :isshow ORDER BY `hm_acl_resource`.`sort`
[Tue, 17 May 16 21:31:16 +0800][INFO] SELECT `hm_acl_resource`.`id` AS `id`, `hm_acl_resource`.`name` AS `name`, `hm_acl_resource`.`controller` AS `controller`, `hm_acl_resource`.`action` AS `action`, `hm_acl_resource`.`sort` AS `sort`, `hm_acl_resource`.`icon` AS `icon` FROM `hm_acl_resource` WHERE `hm_acl_resource`.`pid` = :pid AND `hm_acl_resource`.`isshow` = :isshow ORDER BY `hm_acl_resource`.`sort`
[Tue, 17 May 16 21:31:17 +0800][INFO] SELECT IF(COUNT(*) > 0, 1, 0) FROM `INFORMATION_SCHEMA`.`TABLES` WHERE `TABLE_NAME` = 'hm_acl_resource' AND `TABLE_SCHEMA` = DATABASE()
[Tue, 17 May 16 21:31:17 +0800][INFO] DESCRIBE `hm_acl_resource`
[Tue, 17 May 16 21:31:17 +0800][INFO] SELECT `hm_acl_resource`.`id`, `hm_acl_resource`.`name`, `hm_acl_resource`.`controller`, `hm_acl_resource`.`action`, `hm_acl_resource`.`isshow`, `hm_acl_resource`.`pid`, `hm_acl_resource`.`sort`, `hm_acl_resource`.`icon` FROM `hm_acl_resource` ORDER BY `hm_acl_resource`.`sort`
[Tue, 17 May 16 21:32:48 +0800][INFO] SELECT `hm_acl_resource`.`id` AS `id`, `hm_acl_resource`.`name` AS `name` FROM `hm_acl_resource` WHERE `hm_acl_resource`.`pid` = :pid AND `hm_acl_resource`.`isshow` = :isshow ORDER BY `hm_acl_resource`.`sort`
[Tue, 17 May 16 21:33:02 +0800][INFO] SELECT `hm_acl_resource`.`id` AS `id`, `hm_acl_resource`.`name` AS `name` FROM `hm_acl_resource` WHERE `hm_acl_resource`.`pid` = :pid AND `hm_acl_resource`.`isshow` = :isshow ORDER BY `hm_acl_resource`.`sort`
[Tue, 17 May 16 21:33:16 +0800][INFO] SELECT IF(COUNT(*) > 0, 1, 0) FROM `INFORMATION_SCHEMA`.`TABLES` WHERE `TABLE_NAME` = 'hm_acl_resource' AND `TABLE_SCHEMA` = DATABASE()
[Tue, 17 May 16 21:33:16 +0800][INFO] DESCRIBE `hm_acl_resource`
[Tue, 17 May 16 21:33:16 +0800][INFO] SELECT `hm_acl_resource`.`id`, `hm_acl_resource`.`name`, `hm_acl_resource`.`controller`, `hm_acl_resource`.`action`, `hm_acl_resource`.`isshow`, `hm_acl_resource`.`pid`, `hm_acl_resource`.`sort`, `hm_acl_resource`.`icon` FROM `hm_acl_resource` ORDER BY `hm_acl_resource`.`sort`
[Tue, 17 May 16 21:37:46 +0800][INFO] SELECT `hm_acl_resource`.`id` AS `id`, `hm_acl_resource`.`name` AS `name` FROM `hm_acl_resource` WHERE `hm_acl_resource`.`pid` = :pid AND `hm_acl_resource`.`isshow` = :isshow ORDER BY `hm_acl_resource`.`sort`
[Tue, 17 May 16 21:37:46 +0800][INFO] SELECT `hm_acl_resource`.`id` AS `id`, `hm_acl_resource`.`name` AS `name`, `hm_acl_resource`.`controller` AS `controller`, `hm_acl_resource`.`action` AS `action`, `hm_acl_resource`.`sort` AS `sort`, `hm_acl_resource`.`icon` AS `icon` FROM `hm_acl_resource` WHERE `hm_acl_resource`.`pid` = :pid AND `hm_acl_resource`.`isshow` = :isshow ORDER BY `hm_acl_resource`.`sort`
[Tue, 17 May 16 21:37:51 +0800][INFO] SELECT `hm_acl_resource`.`id` AS `id`, `hm_acl_resource`.`name` AS `name`, `hm_acl_resource`.`controller` AS `controller`, `hm_acl_resource`.`action` AS `action`, `hm_acl_resource`.`sort` AS `sort`, `hm_acl_resource`.`icon` AS `icon` FROM `hm_acl_resource` WHERE `hm_acl_resource`.`pid` = :pid AND `hm_acl_resource`.`isshow` = :isshow ORDER BY `hm_acl_resource`.`sort`
[Tue, 17 May 16 21:37:51 +0800][INFO] SELECT `hm_acl_resource`.`id` AS `id`, `hm_acl_resource`.`name` AS `name`, `hm_acl_resource`.`controller` AS `controller`, `hm_acl_resource`.`action` AS `action`, `hm_acl_resource`.`sort` AS `sort`, `hm_acl_resource`.`icon` AS `icon` FROM `hm_acl_resource` WHERE `hm_acl_resource`.`pid` = :pid AND `hm_acl_resource`.`isshow` = :isshow ORDER BY `hm_acl_resource`.`sort`
[Tue, 17 May 16 21:37:51 +0800][INFO] SELECT `hm_acl_resource`.`id` AS `id`, `hm_acl_resource`.`name` AS `name`, `hm_acl_resource`.`controller` AS `controller`, `hm_acl_resource`.`action` AS `action`, `hm_acl_resource`.`sort` AS `sort`, `hm_acl_resource`.`icon` AS `icon` FROM `hm_acl_resource` WHERE `hm_acl_resource`.`pid` = :pid AND `hm_acl_resource`.`isshow` = :isshow ORDER BY `hm_acl_resource`.`sort`
[Tue, 17 May 16 21:37:53 +0800][INFO] SELECT IF(COUNT(*) > 0, 1, 0) FROM `INFORMATION_SCHEMA`.`TABLES` WHERE `TABLE_NAME` = 'hm_acl_resource' AND `TABLE_SCHEMA` = DATABASE()
[Tue, 17 May 16 21:37:53 +0800][INFO] DESCRIBE `hm_acl_resource`
[Tue, 17 May 16 21:37:53 +0800][INFO] SELECT `hm_acl_resource`.`id`, `hm_acl_resource`.`name`, `hm_acl_resource`.`controller`, `hm_acl_resource`.`action`, `hm_acl_resource`.`isshow`, `hm_acl_resource`.`pid`, `hm_acl_resource`.`sort`, `hm_acl_resource`.`icon` FROM `hm_acl_resource` ORDER BY `hm_acl_resource`.`sort`
